#
# There is insufficient memory for the Java Runtime Environment to continue.
# Native memory allocation (malloc) failed to allocate 199776 bytes for Chunk::new
# Possible reasons:
#   The system is out of physical RAM or swap space
#   The process is running with CompressedOops enabled, and the Java Heap may be blocking the growth of the native heap
# Possible solutions:
#   Reduce memory load on the system
#   Increase physical memory or swap space
#   Check if swap backing store is full
#   Decrease Java heap size (-Xmx/-Xms)
#   Decrease number of Java threads
#   Decrease Java thread stack sizes (-Xss)
#   Set larger code cache with -XX:ReservedCodeCacheSize=
#   JVM is running with Unscaled Compressed Oops mode in which the Java heap is
#     placed in the first 4GB address space. The Java Heap base address is the
#     maximum limit for the native heap growth. Please use -XX:HeapBaseMinAddress
#     to set the Java Heap base and to place the Java Heap above 4GB virtual address.
# This output file may be truncated or incomplete.
#
#  Out of Memory Error (./src/hotspot/share/memory/arena.cpp:197), pid=26636, tid=12064
#
# JRE version: OpenJDK Runtime Environment Microsoft-7208460 (11.0.18+10) (build 11.0.18+10-LTS)
# Java VM: OpenJDK 64-Bit Server VM Microsoft-7208460 (11.0.18+10-LTS, mixed mode, tiered, compressed oops, g1 gc, windows-amd64)
# No core dump will be written. Minidumps are not enabled by default on client versions of Windows
#

---------------  S U M M A R Y ------------

Command Line: -XX:MaxMetaspaceSize=512m --add-opens=java.base/java.util=ALL-UNNAMED --add-opens=java.base/java.lang=ALL-UNNAMED --add-opens=java.base/java.lang.invoke=ALL-UNNAMED --add-opens=java.base/java.util=ALL-UNNAMED --add-opens=java.prefs/java.util.prefs=ALL-UNNAMED --add-opens=java.prefs/java.util.prefs=ALL-UNNAMED --add-opens=java.base/java.nio.charset=ALL-UNNAMED --add-opens=java.base/java.net=ALL-UNNAMED --add-opens=java.base/java.util.concurrent.atomic=ALL-UNNAMED -Xmx2048m -Dfile.encoding=windows-1252 -Duser.country=IN -Duser.language=en -Duser.variant org.gradle.launcher.daemon.bootstrap.GradleDaemon 7.5.1

Host: Intel(R) Core(TM) i5-10210U CPU @ 1.60GHz, 8 cores, 7G,  Windows 11 , 64 bit Build 22621 (10.0.22621.1485)
Time: Sun Apr 23 22:51:34 2023 India Standard Time elapsed time: 313.324027 seconds (0d 0h 5m 13s)

---------------  T H R E A D  ---------------

Current thread (0x000001f64c0be000):  JavaThread "C2 CompilerThread0" daemon [_thread_in_native, id=12064, stack(0x0000007785b00000,0x0000007785c00000)]


Current CompileTask:
C2: 313352 5143       4       jdk.internal.loader.URLClassPath$JarLoader$2::getCodeSigners (8 bytes)

Stack: [0x0000007785b00000,0x0000007785c00000]
Native frames: (J=compiled Java code, j=interpreted, Vv=VM code, C=native code)
V  [jvm.dll+0x62bf8a]
V  [jvm.dll+0x7b8fb9]
V  [jvm.dll+0x7ba6a8]
V  [jvm.dll+0x7bad83]
V  [jvm.dll+0x250248]
V  [jvm.dll+0xc260c]
V  [jvm.dll+0xc2bcc]
V  [jvm.dll+0x2c4e64]
V  [jvm.dll+0x533dcc]
V  [jvm.dll+0x21177b]
V  [jvm.dll+0x20b39a]
V  [jvm.dll+0x2083eb]
V  [jvm.dll+0x18a4b1]
V  [jvm.dll+0x217eec]
V  [jvm.dll+0x21612b]
V  [jvm.dll+0x77bac0]
V  [jvm.dll+0x7749f4]
V  [jvm.dll+0x62adf5]
C  [ucrtbase.dll+0x29363]
C  [KERNEL32.DLL+0x1269d]
C  [ntdll.dll+0x5a9f8]


---------------  P R O C E S S  ---------------

Threads class SMR info:
_java_thread_list=0x000001f6510449e0, length=42, elements={
0x000001f62b015800, 0x000001f64c0a8000, 0x000001f64c0aa000, 0x000001f64c0b7000,
0x000001f64c0ba000, 0x000001f64c0bb000, 0x000001f64c0be000, 0x000001f64c0de800,
0x000001f64ca7f800, 0x000001f64caf2800, 0x000001f64e15a800, 0x000001f64d55e800,
0x000001f64e396800, 0x000001f64ddf2800, 0x000001f64d8fc800, 0x000001f64e19b800,
0x000001f64e1a1000, 0x000001f64ecaa000, 0x000001f64e1c7000, 0x000001f64ef62800,
0x000001f64d913800, 0x000001f64d910800, 0x000001f64d90f800, 0x000001f64d913000,
0x000001f64d912000, 0x000001f64d916000, 0x000001f64d914800, 0x000001f64d915800,
0x000001f64f280000, 0x000001f64f283800, 0x000001f64f284000, 0x000001f64f285000,
0x000001f64f286800, 0x000001f64f286000, 0x000001f64f282800, 0x000001f64f287800,
0x000001f64f281800, 0x000001f64f28a000, 0x000001f64f28e000, 0x000001f64f28d000,
0x000001f64f288000, 0x000001f64f289000
}

Java Threads: ( => current thread )
  0x000001f62b015800 JavaThread "main" [_thread_blocked, id=29500, stack(0x0000007784f00000,0x0000007785000000)]
  0x000001f64c0a8000 JavaThread "Reference Handler" daemon [_thread_blocked, id=23404, stack(0x0000007785600000,0x0000007785700000)]
  0x000001f64c0aa000 JavaThread "Finalizer" daemon [_thread_blocked, id=8644, stack(0x0000007785700000,0x0000007785800000)]
  0x000001f64c0b7000 JavaThread "Signal Dispatcher" daemon [_thread_blocked, id=22628, stack(0x0000007785800000,0x0000007785900000)]
  0x000001f64c0ba000 JavaThread "Attach Listener" daemon [_thread_blocked, id=28208, stack(0x0000007785900000,0x0000007785a00000)]
  0x000001f64c0bb000 JavaThread "Service Thread" daemon [_thread_blocked, id=25796, stack(0x0000007785a00000,0x0000007785b00000)]
=>0x000001f64c0be000 JavaThread "C2 CompilerThread0" daemon [_thread_in_native, id=12064, stack(0x0000007785b00000,0x0000007785c00000)]
  0x000001f64c0de800 JavaThread "C1 CompilerThread0" daemon [_thread_blocked, id=24932, stack(0x0000007785c00000,0x0000007785d00000)]
  0x000001f64ca7f800 JavaThread "Sweeper thread" daemon [_thread_blocked, id=1364, stack(0x0000007785d00000,0x0000007785e00000)]
  0x000001f64caf2800 JavaThread "Common-Cleaner" daemon [_thread_blocked, id=29936, stack(0x0000007785e00000,0x0000007785f00000)]
  0x000001f64e15a800 JavaThread "Daemon health stats" [_thread_blocked, id=10544, stack(0x0000007786200000,0x0000007786300000)]
  0x000001f64d55e800 JavaThread "Incoming local TCP Connector on port 51484" [_thread_in_native, id=24300, stack(0x0000007786300000,0x0000007786400000)]
  0x000001f64e396800 JavaThread "Daemon periodic checks" [_thread_blocked, id=31872, stack(0x0000007786400000,0x0000007786500000)]
  0x000001f64ddf2800 JavaThread "Daemon" [_thread_blocked, id=3112, stack(0x0000007786500000,0x0000007786600000)]
  0x000001f64d8fc800 JavaThread "Handler for socket connection from /127.0.0.1:51484 to /127.0.0.1:51495" [_thread_in_native, id=33900, stack(0x0000007786600000,0x0000007786700000)]
  0x000001f64e19b800 JavaThread "Cancel handler" [_thread_blocked, id=18584, stack(0x0000007786700000,0x0000007786800000)]
  0x000001f64e1a1000 JavaThread "Daemon worker" [_thread_blocked, id=14592, stack(0x0000007786800000,0x0000007786900000)]
  0x000001f64ecaa000 JavaThread "Asynchronous log dispatcher for DefaultDaemonConnection: socket connection from /127.0.0.1:51484 to /127.0.0.1:51495" [_thread_blocked, id=9272, stack(0x0000007786900000,0x0000007786a00000)]
  0x000001f64e1c7000 JavaThread "Stdin handler" [_thread_blocked, id=14016, stack(0x0000007786a00000,0x0000007786b00000)]
  0x000001f64ef62800 JavaThread "Daemon client event forwarder" [_thread_blocked, id=31384, stack(0x0000007786b00000,0x0000007786c00000)]
  0x000001f64d913800 JavaThread "Cache worker for journal cache (C:\Users\OMM ANIMESH\.gradle\caches\journal-1)" [_thread_blocked, id=29180, stack(0x0000007787200000,0x0000007787300000)]
  0x000001f64d910800 JavaThread "File lock request listener" [_thread_in_native, id=30348, stack(0x0000007787300000,0x0000007787400000)]
  0x000001f64d90f800 JavaThread "Cache worker for file hash cache (C:\Users\OMM ANIMESH\.gradle\caches\7.5.1\fileHashes)" [_thread_blocked, id=26652, stack(0x0000007787600000,0x0000007787700000)]
  0x000001f64d913000 JavaThread "File watcher server" daemon [_thread_in_native, id=23668, stack(0x0000007787700000,0x0000007787800000)]
  0x000001f64d912000 JavaThread "File watcher consumer" daemon [_thread_blocked, id=28760, stack(0x0000007787800000,0x0000007787900000)]
  0x000001f64d916000 JavaThread "Cache worker for checksums cache (D:\NewBhoomiRent\android\.gradle\7.5.1\checksums)" [_thread_blocked, id=9208, stack(0x0000007784d00000,0x0000007784e00000)]
  0x000001f64d914800 JavaThread "Cache worker for cache directory md-rule (C:\Users\OMM ANIMESH\.gradle\caches\7.5.1\md-rule)" [_thread_blocked, id=27616, stack(0x0000007787900000,0x0000007787a00000)]
  0x000001f64d915800 JavaThread "Cache worker for file content cache (C:\Users\OMM ANIMESH\.gradle\caches\7.5.1\fileContent)" [_thread_blocked, id=19944, stack(0x0000007787a00000,0x0000007787b00000)]
  0x000001f64f280000 JavaThread "Cache worker for file hash cache (D:\NewBhoomiRent\android\.gradle\7.5.1\fileHashes)" [_thread_blocked, id=14028, stack(0x0000007787b00000,0x0000007787c00000)]
  0x000001f64f283800 JavaThread "Cache worker for cache directory md-supplier (C:\Users\OMM ANIMESH\.gradle\caches\7.5.1\md-supplier)" [_thread_blocked, id=23524, stack(0x0000007787c00000,0x0000007787d00000)]
  0x000001f64f284000 JavaThread "Cache worker for execution history cache (C:\Users\OMM ANIMESH\.gradle\caches\7.5.1\executionHistory)" [_thread_blocked, id=13996, stack(0x0000007787d00000,0x0000007787e00000)]
  0x000001f64f285000 JavaThread "jar transforms" [_thread_blocked, id=20028, stack(0x0000007787e00000,0x0000007787f00000)]
  0x000001f64f286800 JavaThread "jar transforms Thread 2" [_thread_blocked, id=10540, stack(0x0000007787f00000,0x0000007788000000)]
  0x000001f64f286000 JavaThread "jar transforms Thread 3" [_thread_blocked, id=13020, stack(0x0000007788000000,0x0000007788100000)]
  0x000001f64f282800 JavaThread "jar transforms Thread 4" [_thread_blocked, id=25808, stack(0x0000007788100000,0x0000007788200000)]
  0x000001f64f287800 JavaThread "File lock release action executor Thread 2" [_thread_blocked, id=14612, stack(0x0000007787400000,0x0000007787500000)]
  0x000001f64f281800 JavaThread "Cache worker for kotlin-dsl (C:\Users\OMM ANIMESH\.gradle\caches\7.5.1\kotlin-dsl)" [_thread_blocked, id=980, stack(0x0000007788200000,0x0000007788300000)]
  0x000001f64f28a000 JavaThread "jar transforms Thread 5" [_thread_blocked, id=35604, stack(0x0000007784e00000,0x0000007784f00000)]
  0x000001f64f28e000 JavaThread "jar transforms Thread 6" [_thread_blocked, id=24864, stack(0x0000007787100000,0x0000007787200000)]
  0x000001f64f28d000 JavaThread "Cache worker for dependencies-accessors (D:\NewBhoomiRent\android\.gradle\7.5.1\dependencies-accessors)" [_thread_blocked, id=22984, stack(0x0000007788300000,0x0000007788400000)]
  0x000001f64f288000 JavaThread "Cache worker for Build Output Cleanup Cache (D:\NewBhoomiRent\node_modules\react-native-gradle-plugin\.gradle\buildOutputCleanup)" [_thread_blocked, id=23132, stack(0x0000007788400000,0x0000007788500000)]
  0x000001f64f289000 JavaThread "jar transforms Thread 7" [_thread_blocked, id=27140, stack(0x0000007788500000,0x0000007788600000)]

Other Threads:
  0x000001f64c091800 VMThread "VM Thread" [stack: 0x0000007785500000,0x0000007785600000] [id=30664]
  0x000001f64cb4a800 WatcherThread [stack: 0x0000007785f00000,0x0000007786000000] [id=23824]
  0x000001f62b02e000 GCTaskThread "GC Thread#0" [stack: 0x0000007785000000,0x0000007785100000] [id=24512]
  0x000001f64cb85000 GCTaskThread "GC Thread#1" [stack: 0x0000007786000000,0x0000007786100000] [id=2252]
  0x000001f64d6bd000 GCTaskThread "GC Thread#2" [stack: 0x0000007786100000,0x0000007786200000] [id=25556]
  0x000001f64deb6000 GCTaskThread "GC Thread#3" [stack: 0x0000007786c00000,0x0000007786d00000] [id=33664]
  0x000001f64d780000 GCTaskThread "GC Thread#4" [stack: 0x0000007786d00000,0x0000007786e00000] [id=31412]
  0x000001f64d780800 GCTaskThread "GC Thread#5" [stack: 0x0000007786e00000,0x0000007786f00000] [id=12264]
  0x000001f64dd18000 GCTaskThread "GC Thread#6" [stack: 0x0000007786f00000,0x0000007787000000] [id=34644]
  0x000001f64dd18800 GCTaskThread "GC Thread#7" [stack: 0x0000007787000000,0x0000007787100000] [id=33740]
  0x000001f62b05f800 ConcurrentGCThread "G1 Main Marker" [stack: 0x0000007785100000,0x0000007785200000] [id=22848]
  0x000001f62b060800 ConcurrentGCThread "G1 Conc#0" [stack: 0x0000007785200000,0x0000007785300000] [id=27364]
  0x000001f64e289800 ConcurrentGCThread "G1 Conc#1" [stack: 0x0000007787500000,0x0000007787600000] [id=23128]
  0x000001f64bf02800 ConcurrentGCThread "G1 Refine#0" [stack: 0x0000007785300000,0x0000007785400000] [id=28260]
  0x000001f64bf03000 ConcurrentGCThread "G1 Young RemSet Sampling" [stack: 0x0000007785400000,0x0000007785500000] [id=25244]

Threads with active compile tasks:
C2 CompilerThread0   313752 5143       4       jdk.internal.loader.URLClassPath$JarLoader$2::getCodeSigners (8 bytes)

VM state:not at safepoint (normal execution)

VM Mutex/Monitor currently owned by a thread: None

Heap address: 0x0000000080000000, size: 2048 MB, Compressed Oops mode: 32-bit
Narrow klass base: 0x0000000000000000, Narrow klass shift: 3
Compressed class space size: 528482304 Address: 0x0000000100000000

Heap:
 garbage-first heap   total 155648K, used 42826K [0x0000000080000000, 0x0000000100000000)
  region size 1024K, 14 young (14336K), 3 survivors (3072K)
 Metaspace       used 50407K, capacity 51832K, committed 51920K, reserved 561152K
  class space    used 6449K, capacity 7031K, committed 7040K, reserved 516096K
Heap Regions: E=young(eden), S=young(survivor), O=old, HS=humongous(starts), HC=humongous(continues), CS=collection set, F=free, A=archive, TAMS=top-at-mark-start (previous, next)
|   0|0x0000000080000000, 0x0000000080100000, 0x0000000080100000|100%| O|  |TAMS 0x0000000080100000, 0x0000000080000000| Untracked 
|   1|0x0000000080100000, 0x0000000080200000, 0x0000000080200000|100%| O|  |TAMS 0x0000000080200000, 0x0000000080100000| Untracked 
|   2|0x0000000080200000, 0x0000000080300000, 0x0000000080300000|100%| O|  |TAMS 0x0000000080300000, 0x0000000080200000| Untracked 
|   3|0x0000000080300000, 0x0000000080400000, 0x0000000080400000|100%|HS|  |TAMS 0x0000000080400000, 0x0000000080300000| Complete 
|   4|0x0000000080400000, 0x0000000080500000, 0x0000000080500000|100%|HC|  |TAMS 0x0000000080500000, 0x0000000080400000| Complete 
|   5|0x0000000080500000, 0x0000000080600000, 0x0000000080600000|100%|HC|  |TAMS 0x0000000080600000, 0x0000000080500000| Complete 
|   6|0x0000000080600000, 0x0000000080700000, 0x0000000080700000|100%| O|  |TAMS 0x0000000080700000, 0x0000000080600000| Untracked 
|   7|0x0000000080700000, 0x0000000080800000, 0x0000000080800000|100%| O|  |TAMS 0x0000000080800000, 0x0000000080700000| Untracked 
|   8|0x0000000080800000, 0x0000000080900000, 0x0000000080900000|100%| O|  |TAMS 0x0000000080900000, 0x0000000080800000| Untracked 
|   9|0x0000000080900000, 0x0000000080a00000, 0x0000000080a00000|100%| O|  |TAMS 0x0000000080a00000, 0x0000000080900000| Untracked 
|  10|0x0000000080a00000, 0x0000000080b00000, 0x0000000080b00000|100%| O|  |TAMS 0x0000000080b00000, 0x0000000080a00000| Untracked 
|  11|0x0000000080b00000, 0x0000000080c00000, 0x0000000080c00000|100%| O|  |TAMS 0x0000000080c00000, 0x0000000080b00000| Untracked 
|  12|0x0000000080c00000, 0x0000000080d00000, 0x0000000080d00000|100%| O|  |TAMS 0x0000000080d00000, 0x0000000080c00000| Untracked 
|  13|0x0000000080d00000, 0x0000000080e00000, 0x0000000080e00000|100%| O|  |TAMS 0x0000000080e00000, 0x0000000080d00000| Untracked 
|  14|0x0000000080e00000, 0x0000000080f00000, 0x0000000080f00000|100%| O|  |TAMS 0x0000000080f00000, 0x0000000080e00000| Untracked 
|  15|0x0000000080f00000, 0x0000000081000000, 0x0000000081000000|100%| O|  |TAMS 0x0000000081000000, 0x0000000080f00000| Untracked 
|  16|0x0000000081000000, 0x0000000081100000, 0x0000000081100000|100%| O|  |TAMS 0x0000000081100000, 0x0000000081000000| Untracked 
|  17|0x0000000081100000, 0x0000000081200000, 0x0000000081200000|100%| O|  |TAMS 0x0000000081100000, 0x0000000081100000| Untracked 
|  18|0x0000000081200000, 0x0000000081300000, 0x0000000081300000|100%| O|  |TAMS 0x0000000081200000, 0x0000000081200000| Untracked 
|  19|0x0000000081300000, 0x0000000081400000, 0x0000000081400000|100%| O|  |TAMS 0x0000000081300000, 0x0000000081300000| Untracked 
|  20|0x0000000081400000, 0x0000000081500000, 0x0000000081500000|100%| O|  |TAMS 0x0000000081500000, 0x0000000081400000| Untracked 
|  21|0x0000000081500000, 0x0000000081600000, 0x0000000081600000|100%| O|  |TAMS 0x0000000081600000, 0x0000000081500000| Untracked 
|  22|0x0000000081600000, 0x0000000081700000, 0x0000000081700000|100%| O|  |TAMS 0x0000000081676000, 0x0000000081600000| Untracked 
|  23|0x0000000081700000, 0x0000000081800000, 0x0000000081800000|100%| O|  |TAMS 0x0000000081700000, 0x0000000081700000| Untracked 
|  24|0x0000000081800000, 0x0000000081900000, 0x0000000081900000|100%| O|  |TAMS 0x0000000081800000, 0x0000000081800000| Untracked 
|  25|0x0000000081900000, 0x0000000081a00000, 0x0000000081a00000|100%| O|  |TAMS 0x0000000081900000, 0x0000000081900000| Untracked 
|  26|0x0000000081a00000, 0x0000000081b00000, 0x0000000081b00000|100%| O|  |TAMS 0x0000000081a00000, 0x0000000081a00000| Untracked 
|  27|0x0000000081b00000, 0x0000000081c00000, 0x0000000081c00000|100%| O|  |TAMS 0x0000000081b00000, 0x0000000081b00000| Untracked 
|  28|0x0000000081c00000, 0x0000000081d00000, 0x0000000081d00000|100%| O|  |TAMS 0x0000000081c00000, 0x0000000081c00000| Untracked 
|  29|0x0000000081d00000, 0x0000000081da5800, 0x0000000081e00000| 64%| O|  |TAMS 0x0000000081d00000, 0x0000000081d00000| Untracked 
|  30|0x0000000081e00000, 0x0000000081e00000, 0x0000000081f00000|  0%| F|  |TAMS 0x0000000081e00000, 0x0000000081e00000| Untracked 
|  31|0x0000000081f00000, 0x0000000081f00000, 0x0000000082000000|  0%| F|  |TAMS 0x0000000081f00000, 0x0000000081f00000| Untracked 
|  32|0x0000000082000000, 0x0000000082000000, 0x0000000082100000|  0%| F|  |TAMS 0x0000000082000000, 0x0000000082000000| Untracked 
|  33|0x0000000082100000, 0x0000000082100000, 0x0000000082200000|  0%| F|  |TAMS 0x0000000082100000, 0x0000000082100000| Untracked 
|  34|0x0000000082200000, 0x0000000082200000, 0x0000000082300000|  0%| F|  |TAMS 0x0000000082200000, 0x0000000082200000| Untracked 
|  35|0x0000000082300000, 0x0000000082300000, 0x0000000082400000|  0%| F|  |TAMS 0x0000000082300000, 0x0000000082300000| Untracked 
|  36|0x0000000082400000, 0x0000000082400000, 0x0000000082500000|  0%| F|  |TAMS 0x0000000082400000, 0x0000000082400000| Untracked 
|  37|0x0000000082500000, 0x0000000082500000, 0x0000000082600000|  0%| F|  |TAMS 0x0000000082500000, 0x0000000082500000| Untracked 
|  38|0x0000000082600000, 0x0000000082600000, 0x0000000082700000|  0%| F|  |TAMS 0x0000000082600000, 0x0000000082600000| Untracked 
|  39|0x0000000082700000, 0x0000000082700000, 0x0000000082800000|  0%| F|  |TAMS 0x0000000082700000, 0x0000000082700000| Untracked 
|  40|0x0000000082800000, 0x0000000082800000, 0x0000000082900000|  0%| F|  |TAMS 0x0000000082800000, 0x0000000082800000| Untracked 
|  41|0x0000000082900000, 0x0000000082900000, 0x0000000082a00000|  0%| F|  |TAMS 0x0000000082900000, 0x0000000082900000| Untracked 
|  42|0x0000000082a00000, 0x0000000082a00000, 0x0000000082b00000|  0%| F|  |TAMS 0x0000000082a00000, 0x0000000082a00000| Untracked 
|  43|0x0000000082b00000, 0x0000000082b00000, 0x0000000082c00000|  0%| F|  |TAMS 0x0000000082b00000, 0x0000000082b00000| Untracked 
|  44|0x0000000082c00000, 0x0000000082c00000, 0x0000000082d00000|  0%| F|  |TAMS 0x0000000082c00000, 0x0000000082c00000| Untracked 
|  45|0x0000000082d00000, 0x0000000082d00000, 0x0000000082e00000|  0%| F|  |TAMS 0x0000000082d00000, 0x0000000082d00000| Untracked 
|  46|0x0000000082e00000, 0x0000000082e00000, 0x0000000082f00000|  0%| F|  |TAMS 0x0000000082e00000, 0x0000000082e00000| Untracked 
|  47|0x0000000082f00000, 0x0000000082f00000, 0x0000000083000000|  0%| F|  |TAMS 0x0000000082f00000, 0x0000000082f00000| Untracked 
|  48|0x0000000083000000, 0x0000000083000000, 0x0000000083100000|  0%| F|  |TAMS 0x0000000083000000, 0x0000000083000000| Untracked 
|  49|0x0000000083100000, 0x0000000083100000, 0x0000000083200000|  0%| F|  |TAMS 0x0000000083100000, 0x0000000083100000| Untracked 
|  50|0x0000000083200000, 0x0000000083200000, 0x0000000083300000|  0%| F|  |TAMS 0x0000000083200000, 0x0000000083200000| Untracked 
|  51|0x0000000083300000, 0x0000000083300000, 0x0000000083400000|  0%| F|  |TAMS 0x0000000083300000, 0x0000000083300000| Untracked 
|  52|0x0000000083400000, 0x0000000083400000, 0x0000000083500000|  0%| F|  |TAMS 0x0000000083400000, 0x0000000083400000| Untracked 
|  53|0x0000000083500000, 0x0000000083500000, 0x0000000083600000|  0%| F|  |TAMS 0x0000000083500000, 0x0000000083500000| Untracked 
|  54|0x0000000083600000, 0x0000000083600000, 0x0000000083700000|  0%| F|  |TAMS 0x0000000083600000, 0x0000000083600000| Untracked 
|  55|0x0000000083700000, 0x0000000083700000, 0x0000000083800000|  0%| F|  |TAMS 0x0000000083700000, 0x0000000083700000| Untracked 
|  56|0x0000000083800000, 0x0000000083800000, 0x0000000083900000|  0%| F|  |TAMS 0x0000000083800000, 0x0000000083800000| Untracked 
|  57|0x0000000083900000, 0x0000000083900000, 0x0000000083a00000|  0%| F|  |TAMS 0x0000000083900000, 0x0000000083900000| Untracked 
|  58|0x0000000083a00000, 0x0000000083a00000, 0x0000000083b00000|  0%| F|  |TAMS 0x0000000083a00000, 0x0000000083a00000| Untracked 
|  59|0x0000000083b00000, 0x0000000083b00000, 0x0000000083c00000|  0%| F|  |TAMS 0x0000000083b00000, 0x0000000083b00000| Untracked 
|  60|0x0000000083c00000, 0x0000000083c00000, 0x0000000083d00000|  0%| F|  |TAMS 0x0000000083c00000, 0x0000000083c00000| Untracked 
|  61|0x0000000083d00000, 0x0000000083d00000, 0x0000000083e00000|  0%| F|  |TAMS 0x0000000083d00000, 0x0000000083d00000| Untracked 
|  62|0x0000000083e00000, 0x0000000083e00000, 0x0000000083f00000|  0%| F|  |TAMS 0x0000000083e00000, 0x0000000083e00000| Untracked 
|  63|0x0000000083f00000, 0x0000000083f00000, 0x0000000084000000|  0%| F|  |TAMS 0x0000000083f00000, 0x0000000083f00000| Untracked 
|  64|0x0000000084000000, 0x0000000084000000, 0x0000000084100000|  0%| F|  |TAMS 0x0000000084000000, 0x0000000084000000| Untracked 
|  65|0x0000000084100000, 0x0000000084100000, 0x0000000084200000|  0%| F|  |TAMS 0x0000000084100000, 0x0000000084100000| Untracked 
|  66|0x0000000084200000, 0x0000000084200000, 0x0000000084300000|  0%| F|  |TAMS 0x0000000084200000, 0x0000000084200000| Untracked 
|  67|0x0000000084300000, 0x0000000084300000, 0x0000000084400000|  0%| F|  |TAMS 0x0000000084300000, 0x0000000084300000| Untracked 
|  68|0x0000000084400000, 0x0000000084400000, 0x0000000084500000|  0%| F|  |TAMS 0x0000000084400000, 0x0000000084400000| Untracked 
|  69|0x0000000084500000, 0x0000000084500000, 0x0000000084600000|  0%| F|  |TAMS 0x0000000084500000, 0x0000000084500000| Untracked 
|  70|0x0000000084600000, 0x0000000084600000, 0x0000000084700000|  0%| F|  |TAMS 0x0000000084600000, 0x0000000084600000| Untracked 
|  71|0x0000000084700000, 0x0000000084700000, 0x0000000084800000|  0%| F|  |TAMS 0x0000000084700000, 0x0000000084700000| Untracked 
|  72|0x0000000084800000, 0x0000000084800000, 0x0000000084900000|  0%| F|  |TAMS 0x0000000084800000, 0x0000000084800000| Untracked 
|  73|0x0000000084900000, 0x0000000084900000, 0x0000000084a00000|  0%| F|  |TAMS 0x0000000084900000, 0x0000000084900000| Untracked 
|  74|0x0000000084a00000, 0x0000000084a00000, 0x0000000084b00000|  0%| F|  |TAMS 0x0000000084a00000, 0x0000000084a00000| Untracked 
|  75|0x0000000084b00000, 0x0000000084b00000, 0x0000000084c00000|  0%| F|  |TAMS 0x0000000084b00000, 0x0000000084b00000| Untracked 
|  76|0x0000000084c00000, 0x0000000084c00000, 0x0000000084d00000|  0%| F|  |TAMS 0x0000000084c00000, 0x0000000084c00000| Untracked 
|  77|0x0000000084d00000, 0x0000000084d00000, 0x0000000084e00000|  0%| F|  |TAMS 0x0000000084d00000, 0x0000000084d00000| Untracked 
|  78|0x0000000084e00000, 0x0000000084e00000, 0x0000000084f00000|  0%| F|  |TAMS 0x0000000084e00000, 0x0000000084e00000| Untracked 
|  79|0x0000000084f00000, 0x0000000084f00000, 0x0000000085000000|  0%| F|  |TAMS 0x0000000084f00000, 0x0000000084f00000| Untracked 
|  80|0x0000000085000000, 0x0000000085000000, 0x0000000085100000|  0%| F|  |TAMS 0x0000000085000000, 0x0000000085000000| Untracked 
|  81|0x0000000085100000, 0x0000000085100000, 0x0000000085200000|  0%| F|  |TAMS 0x0000000085100000, 0x0000000085100000| Untracked 
|  82|0x0000000085200000, 0x0000000085200000, 0x0000000085300000|  0%| F|  |TAMS 0x0000000085200000, 0x0000000085200000| Untracked 
|  83|0x0000000085300000, 0x0000000085300000, 0x0000000085400000|  0%| F|  |TAMS 0x0000000085300000, 0x0000000085300000| Untracked 
|  84|0x0000000085400000, 0x0000000085400000, 0x0000000085500000|  0%| F|  |TAMS 0x0000000085400000, 0x0000000085400000| Untracked 
|  85|0x0000000085500000, 0x0000000085500000, 0x0000000085600000|  0%| F|  |TAMS 0x0000000085500000, 0x0000000085500000| Untracked 
|  86|0x0000000085600000, 0x0000000085600000, 0x0000000085700000|  0%| F|  |TAMS 0x0000000085600000, 0x0000000085600000| Untracked 
|  87|0x0000000085700000, 0x0000000085700000, 0x0000000085800000|  0%| F|  |TAMS 0x0000000085700000, 0x0000000085700000| Untracked 
|  88|0x0000000085800000, 0x0000000085800000, 0x0000000085900000|  0%| F|  |TAMS 0x0000000085800000, 0x0000000085800000| Untracked 
|  89|0x0000000085900000, 0x0000000085900000, 0x0000000085a00000|  0%| F|  |TAMS 0x0000000085900000, 0x0000000085900000| Untracked 
|  90|0x0000000085a00000, 0x0000000085a00000, 0x0000000085b00000|  0%| F|  |TAMS 0x0000000085a00000, 0x0000000085a00000| Untracked 
|  91|0x0000000085b00000, 0x0000000085b00000, 0x0000000085c00000|  0%| F|  |TAMS 0x0000000085b00000, 0x0000000085b00000| Untracked 
|  92|0x0000000085c00000, 0x0000000085c00000, 0x0000000085d00000|  0%| F|  |TAMS 0x0000000085c00000, 0x0000000085c00000| Untracked 
|  93|0x0000000085d00000, 0x0000000085d00000, 0x0000000085e00000|  0%| F|  |TAMS 0x0000000085d00000, 0x0000000085d00000| Untracked 
|  94|0x0000000085e00000, 0x0000000085e00000, 0x0000000085f00000|  0%| F|  |TAMS 0x0000000085e00000, 0x0000000085e00000| Untracked 
|  95|0x0000000085f00000, 0x0000000085f00000, 0x0000000086000000|  0%| F|  |TAMS 0x0000000085f00000, 0x0000000085f00000| Untracked 
|  96|0x0000000086000000, 0x0000000086000000, 0x0000000086100000|  0%| F|  |TAMS 0x0000000086000000, 0x0000000086000000| Untracked 
|  97|0x0000000086100000, 0x0000000086100000, 0x0000000086200000|  0%| F|  |TAMS 0x0000000086100000, 0x0000000086100000| Untracked 
|  98|0x0000000086200000, 0x0000000086200000, 0x0000000086300000|  0%| F|  |TAMS 0x0000000086200000, 0x0000000086200000| Untracked 
|  99|0x0000000086300000, 0x0000000086300000, 0x0000000086400000|  0%| F|  |TAMS 0x0000000086300000, 0x0000000086300000| Untracked 
| 100|0x0000000086400000, 0x0000000086400000, 0x0000000086500000|  0%| F|  |TAMS 0x0000000086400000, 0x0000000086400000| Untracked 
| 101|0x0000000086500000, 0x0000000086500000, 0x0000000086600000|  0%| F|  |TAMS 0x0000000086500000, 0x0000000086500000| Untracked 
| 102|0x0000000086600000, 0x0000000086600000, 0x0000000086700000|  0%| F|  |TAMS 0x0000000086600000, 0x0000000086600000| Untracked 
| 103|0x0000000086700000, 0x0000000086700000, 0x0000000086800000|  0%| F|  |TAMS 0x0000000086700000, 0x0000000086700000| Untracked 
| 104|0x0000000086800000, 0x0000000086800000, 0x0000000086900000|  0%| F|  |TAMS 0x0000000086800000, 0x0000000086800000| Untracked 
| 105|0x0000000086900000, 0x0000000086900000, 0x0000000086a00000|  0%| F|  |TAMS 0x0000000086900000, 0x0000000086900000| Untracked 
| 106|0x0000000086a00000, 0x0000000086a00000, 0x0000000086b00000|  0%| F|  |TAMS 0x0000000086a00000, 0x0000000086a00000| Untracked 
| 107|0x0000000086b00000, 0x0000000086b00000, 0x0000000086c00000|  0%| F|  |TAMS 0x0000000086b00000, 0x0000000086b00000| Untracked 
| 108|0x0000000086c00000, 0x0000000086c00000, 0x0000000086d00000|  0%| F|  |TAMS 0x0000000086c00000, 0x0000000086c00000| Untracked 
| 109|0x0000000086d00000, 0x0000000086d00000, 0x0000000086e00000|  0%| F|  |TAMS 0x0000000086d00000, 0x0000000086d00000| Untracked 
| 110|0x0000000086e00000, 0x0000000086e00000, 0x0000000086f00000|  0%| F|  |TAMS 0x0000000086e00000, 0x0000000086e00000| Untracked 
| 111|0x0000000086f00000, 0x0000000086f00000, 0x0000000087000000|  0%| F|  |TAMS 0x0000000086f00000, 0x0000000086f00000| Untracked 
| 112|0x0000000087000000, 0x0000000087000000, 0x0000000087100000|  0%| F|  |TAMS 0x0000000087000000, 0x0000000087000000| Untracked 
| 113|0x0000000087100000, 0x0000000087100000, 0x0000000087200000|  0%| F|  |TAMS 0x0000000087100000, 0x0000000087100000| Untracked 
| 114|0x0000000087200000, 0x0000000087200000, 0x0000000087300000|  0%| F|  |TAMS 0x0000000087200000, 0x0000000087200000| Untracked 
| 115|0x0000000087300000, 0x0000000087300000, 0x0000000087400000|  0%| F|  |TAMS 0x0000000087300000, 0x0000000087300000| Untracked 
| 116|0x0000000087400000, 0x0000000087400000, 0x0000000087500000|  0%| F|  |TAMS 0x0000000087400000, 0x0000000087400000| Untracked 
| 117|0x0000000087500000, 0x0000000087500000, 0x0000000087600000|  0%| F|  |TAMS 0x0000000087500000, 0x0000000087500000| Untracked 
| 118|0x0000000087600000, 0x0000000087600000, 0x0000000087700000|  0%| F|  |TAMS 0x0000000087600000, 0x0000000087600000| Untracked 
| 119|0x0000000087700000, 0x0000000087700000, 0x0000000087800000|  0%| F|  |TAMS 0x0000000087700000, 0x0000000087700000| Untracked 
| 120|0x0000000087800000, 0x0000000087800000, 0x0000000087900000|  0%| F|  |TAMS 0x0000000087800000, 0x0000000087800000| Untracked 
| 121|0x0000000087900000, 0x000000008792d000, 0x0000000087a00000| 17%| S|CS|TAMS 0x0000000087900000, 0x0000000087900000| Complete 
| 122|0x0000000087a00000, 0x0000000087b00000, 0x0000000087b00000|100%| S|CS|TAMS 0x0000000087a00000, 0x0000000087a00000| Complete 
| 123|0x0000000087b00000, 0x0000000087c00000, 0x0000000087c00000|100%| S|CS|TAMS 0x0000000087b00000, 0x0000000087b00000| Complete 
| 124|0x0000000087c00000, 0x0000000087c00000, 0x0000000087d00000|  0%| F|  |TAMS 0x0000000087c00000, 0x0000000087c00000| Untracked 
| 125|0x0000000087d00000, 0x0000000087d00000, 0x0000000087e00000|  0%| F|  |TAMS 0x0000000087d00000, 0x0000000087d00000| Untracked 
| 126|0x0000000087e00000, 0x0000000087e00000, 0x0000000087f00000|  0%| F|  |TAMS 0x0000000087e00000, 0x0000000087e00000| Untracked 
| 127|0x0000000087f00000, 0x0000000087f00000, 0x0000000088000000|  0%| F|  |TAMS 0x0000000087f00000, 0x0000000087f00000| Untracked 
| 128|0x0000000088000000, 0x0000000088000000, 0x0000000088100000|  0%| F|  |TAMS 0x0000000088000000, 0x0000000088000000| Untracked 
| 129|0x0000000088100000, 0x0000000088100000, 0x0000000088200000|  0%| F|  |TAMS 0x0000000088100000, 0x0000000088100000| Untracked 
| 130|0x0000000088200000, 0x0000000088200000, 0x0000000088300000|  0%| F|  |TAMS 0x0000000088200000, 0x0000000088200000| Untracked 
| 131|0x0000000088300000, 0x0000000088300000, 0x0000000088400000|  0%| F|  |TAMS 0x0000000088300000, 0x0000000088300000| Untracked 
| 132|0x0000000088400000, 0x0000000088400000, 0x0000000088500000|  0%| F|  |TAMS 0x0000000088400000, 0x0000000088400000| Untracked 
| 133|0x0000000088500000, 0x0000000088500000, 0x0000000088600000|  0%| F|  |TAMS 0x0000000088500000, 0x0000000088500000| Untracked 
| 134|0x0000000088600000, 0x0000000088600000, 0x0000000088700000|  0%| F|  |TAMS 0x0000000088600000, 0x0000000088600000| Untracked 
| 135|0x0000000088700000, 0x0000000088700000, 0x0000000088800000|  0%| F|  |TAMS 0x0000000088700000, 0x0000000088700000| Untracked 
| 136|0x0000000088800000, 0x0000000088800000, 0x0000000088900000|  0%| F|  |TAMS 0x0000000088800000, 0x0000000088800000| Untracked 
| 137|0x0000000088900000, 0x0000000088900000, 0x0000000088a00000|  0%| F|  |TAMS 0x0000000088900000, 0x0000000088900000| Untracked 
| 138|0x0000000088a00000, 0x0000000088a00000, 0x0000000088b00000|  0%| F|  |TAMS 0x0000000088a00000, 0x0000000088a00000| Untracked 
| 139|0x0000000088b00000, 0x0000000088b00000, 0x0000000088c00000|  0%| F|  |TAMS 0x0000000088b00000, 0x0000000088b00000| Untracked 
| 140|0x0000000088c00000, 0x0000000088c00000, 0x0000000088d00000|  0%| F|  |TAMS 0x0000000088c00000, 0x0000000088c00000| Untracked 
| 141|0x0000000088d00000, 0x0000000088d031d0, 0x0000000088e00000|  1%| E|  |TAMS 0x0000000088d00000, 0x0000000088d00000| Complete 
| 142|0x0000000088e00000, 0x0000000088f00000, 0x0000000088f00000|100%| E|CS|TAMS 0x0000000088e00000, 0x0000000088e00000| Complete 
| 143|0x0000000088f00000, 0x0000000089000000, 0x0000000089000000|100%| E|CS|TAMS 0x0000000088f00000, 0x0000000088f00000| Complete 
| 144|0x0000000089000000, 0x0000000089100000, 0x0000000089100000|100%| E|CS|TAMS 0x0000000089000000, 0x0000000089000000| Complete 
| 145|0x0000000089100000, 0x0000000089200000, 0x0000000089200000|100%| E|CS|TAMS 0x0000000089100000, 0x0000000089100000| Complete 
| 146|0x0000000089200000, 0x0000000089300000, 0x0000000089300000|100%| E|CS|TAMS 0x0000000089200000, 0x0000000089200000| Complete 
| 147|0x0000000089300000, 0x0000000089400000, 0x0000000089400000|100%| E|CS|TAMS 0x0000000089300000, 0x0000000089300000| Complete 
| 148|0x0000000089400000, 0x0000000089500000, 0x0000000089500000|100%| E|CS|TAMS 0x0000000089400000, 0x0000000089400000| Complete 
| 149|0x0000000089500000, 0x0000000089600000, 0x0000000089600000|100%| E|CS|TAMS 0x0000000089500000, 0x0000000089500000| Complete 
| 150|0x0000000089600000, 0x0000000089700000, 0x0000000089700000|100%| E|CS|TAMS 0x0000000089600000, 0x0000000089600000| Complete 
| 151|0x0000000089700000, 0x0000000089800000, 0x0000000089800000|100%| E|CS|TAMS 0x0000000089700000, 0x0000000089700000| Complete 

Card table byte_map: [0x000001f644dd0000,0x000001f6451d0000] _byte_map_base: 0x000001f6449d0000

Marking Bits (Prev, Next): (CMBitMap*) 0x000001f62b056750, (CMBitMap*) 0x000001f62b056718
 Prev Bits: [0x000001f6475d0000, 0x000001f6495d0000)
 Next Bits: [0x000001f6455d0000, 0x000001f6475d0000)

Polling page: 0x000001f62b0e0000

Metaspace:

Usage:
  Non-class:     43.75 MB capacity,    42.93 MB ( 98%) used,   700.98 KB (  2%) free+waste,   142.81 KB ( <1%) overhead. 
      Class:      6.87 MB capacity,     6.30 MB ( 92%) used,   511.52 KB (  7%) free+waste,    69.63 KB ( <1%) overhead. 
       Both:     50.62 MB capacity,    49.23 MB ( 97%) used,     1.18 MB (  2%) free+waste,   212.44 KB ( <1%) overhead. 

Virtual space:
  Non-class space:       44.00 MB reserved,      43.83 MB (>99%) committed 
      Class space:      504.00 MB reserved,       6.88 MB (  1%) committed 
             Both:      548.00 MB reserved,      50.70 MB (  9%) committed 

Chunk freelists:
   Non-Class:  15.00 KB
       Class:  9.00 KB
        Both:  24.00 KB

MaxMetaspaceSize: 512.00 MB
CompressedClassSpaceSize: 504.00 MB
Initial GC threshold: 20.80 MB
Current GC threshold: 67.42 MB
CDS: off

CodeHeap 'non-profiled nmethods': size=120000Kb used=3086Kb max_used=3086Kb free=116913Kb
 bounds [0x000001f63ca20000, 0x000001f63cd30000, 0x000001f643f50000]
CodeHeap 'profiled nmethods': size=120000Kb used=10602Kb max_used=10602Kb free=109397Kb
 bounds [0x000001f6354f0000, 0x000001f635f50000, 0x000001f63ca20000]
CodeHeap 'non-nmethods': size=5760Kb used=2305Kb max_used=2367Kb free=3454Kb
 bounds [0x000001f634f50000, 0x000001f6351c0000, 0x000001f6354f0000]
 total_blobs=5871 nmethods=5060 adapters=723
 compilation: enabled
              stopped_count=0, restarted_count=0
 full_count=0

Compilation events (20 events):
Event: 310.586 Thread 0x000001f64c0de800 nmethod 5134 0x000001f635f47c10 code [0x000001f635f47e40, 0x000001f635f48508]
Event: 311.149 Thread 0x000001f64c0be000 5136       4       java.io.RandomAccessFile::seek (22 bytes)
Event: 311.151 Thread 0x000001f64c0be000 nmethod 5136 0x000001f63cd23090 code [0x000001f63cd23240, 0x000001f63cd232e8]
Event: 311.500 Thread 0x000001f64c0de800 5137       3       com.google.common.collect.ImmutableList::iterator (5 bytes)
Event: 311.500 Thread 0x000001f64c0de800 nmethod 5137 0x000001f635f48810 code [0x000001f635f489c0, 0x000001f635f48b68]
Event: 311.500 Thread 0x000001f64c0de800 5138       3       org.gradle.internal.component.external.model.AbstractLazyModuleComponentResolveMetadata::getId (5 bytes)
Event: 311.501 Thread 0x000001f64c0de800 nmethod 5138 0x000001f635f48c10 code [0x000001f635f48dc0, 0x000001f635f48ed8]
Event: 311.502 Thread 0x000001f64c0de800 5139       1       org.gradle.internal.component.external.model.AbstractModuleComponentResolveMetadata::getVariantDerivationStrategy (5 bytes)
Event: 311.503 Thread 0x000001f64c0de800 nmethod 5139 0x000001f63cd23390 code [0x000001f63cd23540, 0x000001f63cd235f8]
Event: 311.503 Thread 0x000001f64c0de800 5140       1       org.gradle.internal.component.model.DefaultIvyArtifactName::hashCode (5 bytes)
Event: 311.503 Thread 0x000001f64c0de800 nmethod 5140 0x000001f63cd23690 code [0x000001f63cd23840, 0x000001f63cd238f8]
Event: 311.503 Thread 0x000001f64c0de800 5141       3       org.gradle.internal.component.external.model.DefaultConfigurationMetadata::getAttributes (28 bytes)
Event: 311.504 Thread 0x000001f64c0de800 nmethod 5141 0x000001f635f48f90 code [0x000001f635f49160, 0x000001f635f49538]
Event: 311.504 Thread 0x000001f64c0de800 5142       3       org.gradle.internal.component.external.model.DefaultConfigurationMetadata::getAttributes (5 bytes)
Event: 311.505 Thread 0x000001f64c0de800 nmethod 5142 0x000001f635f49690 code [0x000001f635f49880, 0x000001f635f49cd8]
Event: 311.665 Thread 0x000001f64c0be000 5143       4       jdk.internal.loader.URLClassPath$JarLoader$2::getCodeSigners (8 bytes)
Event: 311.674 Thread 0x000001f64c0de800 5145       3       org.gradle.internal.component.external.model.DefaultConfigurationMetadata::getCapabilities (28 bytes)
Event: 311.701 Thread 0x000001f64c0de800 nmethod 5145 0x000001f635f49e90 code [0x000001f635f4a060, 0x000001f635f4a2c8]
Event: 311.701 Thread 0x000001f64c0de800 5146       3       java.io.File::getParentFile (41 bytes)
Event: 311.812 Thread 0x000001f64c0de800 nmethod 5146 0x000001f635f4a390 code [0x000001f635f4a580, 0x000001f635f4a958]

GC Heap History (20 events):
Event: 103.658 GC heap before
{Heap before GC invocations=6 (full 0):
 garbage-first heap   total 129024K, used 29284K [0x0000000080000000, 0x0000000100000000)
  region size 1024K, 14 young (14336K), 5 survivors (5120K)
 Metaspace       used 35008K, capacity 35777K, committed 35920K, reserved 548864K
  class space    used 4463K, capacity 4790K, committed 4864K, reserved 516096K
}
Event: 103.683 GC heap after
{Heap after GC invocations=7 (full 0):
 garbage-first heap   total 129024K, used 22796K [0x0000000080000000, 0x0000000100000000)
  region size 1024K, 6 young (6144K), 6 survivors (6144K)
 Metaspace       used 35008K, capacity 35777K, committed 35920K, reserved 548864K
  class space    used 4463K, capacity 4790K, committed 4864K, reserved 516096K
}
Event: 114.495 GC heap before
{Heap before GC invocations=8 (full 0):
 garbage-first heap   total 129024K, used 85260K [0x0000000080000000, 0x0000000100000000)
  region size 1024K, 64 young (65536K), 6 survivors (6144K)
 Metaspace       used 40251K, capacity 41250K, committed 41424K, reserved 552960K
  class space    used 5046K, capacity 5437K, committed 5504K, reserved 516096K
}
Event: 114.535 GC heap after
{Heap after GC invocations=9 (full 0):
 garbage-first heap   total 129024K, used 28120K [0x0000000080000000, 0x0000000100000000)
  region size 1024K, 8 young (8192K), 8 survivors (8192K)
 Metaspace       used 40251K, capacity 41250K, committed 41424K, reserved 552960K
  class space    used 5046K, capacity 5437K, committed 5504K, reserved 516096K
}
Event: 226.112 GC heap before
{Heap before GC invocations=10 (full 0):
 garbage-first heap   total 129024K, used 88536K [0x0000000080000000, 0x0000000100000000)
  region size 1024K, 66 young (67584K), 8 survivors (8192K)
 Metaspace       used 43842K, capacity 44991K, committed 45264K, reserved 557056K
  class space    used 5481K, capacity 5931K, committed 6016K, reserved 516096K
}
Event: 228.599 GC heap after
{Heap after GC invocations=11 (full 0):
 garbage-first heap   total 129024K, used 30077K [0x0000000080000000, 0x0000000100000000)
  region size 1024K, 7 young (7168K), 7 survivors (7168K)
 Metaspace       used 43842K, capacity 44991K, committed 45264K, reserved 557056K
  class space    used 5481K, capacity 5931K, committed 6016K, reserved 516096K
}
Event: 230.103 GC heap before
{Heap before GC invocations=11 (full 0):
 garbage-first heap   total 129024K, used 31101K [0x0000000080000000, 0x0000000100000000)
  region size 1024K, 8 young (8192K), 7 survivors (7168K)
 Metaspace       used 43897K, capacity 45073K, committed 45264K, reserved 557056K
  class space    used 5490K, capacity 5937K, committed 6016K, reserved 516096K
}
Event: 230.118 GC heap after
{Heap after GC invocations=12 (full 0):
 garbage-first heap   total 129024K, used 30784K [0x0000000080000000, 0x0000000100000000)
  region size 1024K, 1 young (1024K), 1 survivors (1024K)
 Metaspace       used 43897K, capacity 45073K, committed 45264K, reserved 557056K
  class space    used 5490K, capacity 5937K, committed 6016K, reserved 516096K
}
Event: 233.659 GC heap before
{Heap before GC invocations=12 (full 0):
 garbage-first heap   total 129024K, used 35904K [0x0000000080000000, 0x0000000100000000)
  region size 1024K, 6 young (6144K), 1 survivors (1024K)
 Metaspace       used 44302K, capacity 45486K, committed 45520K, reserved 557056K
  class space    used 5552K, capacity 6009K, committed 6016K, reserved 516096K
}
Event: 233.665 GC heap after
{Heap after GC invocations=13 (full 0):
 garbage-first heap   total 129024K, used 30292K [0x0000000080000000, 0x0000000100000000)
  region size 1024K, 1 young (1024K), 1 survivors (1024K)
 Metaspace       used 44302K, capacity 45486K, committed 45520K, reserved 557056K
  class space    used 5552K, capacity 6009K, committed 6016K, reserved 516096K
}
Event: 238.416 GC heap before
{Heap before GC invocations=13 (full 0):
 garbage-first heap   total 129024K, used 37460K [0x0000000080000000, 0x0000000100000000)
  region size 1024K, 8 young (8192K), 1 survivors (1024K)
 Metaspace       used 44860K, capacity 46053K, committed 46160K, reserved 557056K
  class space    used 5652K, capacity 6111K, committed 6144K, reserved 516096K
}
Event: 238.426 GC heap after
{Heap after GC invocations=14 (full 0):
 garbage-first heap   total 129024K, used 30430K [0x0000000080000000, 0x0000000100000000)
  region size 1024K, 1 young (1024K), 1 survivors (1024K)
 Metaspace       used 44860K, capacity 46053K, committed 46160K, reserved 557056K
  class space    used 5652K, capacity 6111K, committed 6144K, reserved 516096K
}
Event: 257.068 GC heap before
{Heap before GC invocations=14 (full 0):
 garbage-first heap   total 129024K, used 42718K [0x0000000080000000, 0x0000000100000000)
  region size 1024K, 13 young (13312K), 1 survivors (1024K)
 Metaspace       used 45689K, capacity 46984K, committed 47056K, reserved 557056K
  class space    used 5766K, capacity 6271K, committed 6272K, reserved 516096K
}
Event: 257.120 GC heap after
{Heap after GC invocations=15 (full 0):
 garbage-first heap   total 155648K, used 30869K [0x0000000080000000, 0x0000000100000000)
  region size 1024K, 2 young (2048K), 2 survivors (2048K)
 Metaspace       used 45689K, capacity 46984K, committed 47056K, reserved 557056K
  class space    used 5766K, capacity 6271K, committed 6272K, reserved 516096K
}
Event: 263.498 GC heap before
{Heap before GC invocations=15 (full 0):
 garbage-first heap   total 155648K, used 45205K [0x0000000080000000, 0x0000000100000000)
  region size 1024K, 16 young (16384K), 2 survivors (2048K)
 Metaspace       used 46632K, capacity 47919K, committed 48080K, reserved 559104K
  class space    used 5923K, capacity 6411K, committed 6528K, reserved 516096K
}
Event: 263.506 GC heap after
{Heap after GC invocations=16 (full 0):
 garbage-first heap   total 155648K, used 31625K [0x0000000080000000, 0x0000000100000000)
  region size 1024K, 2 young (2048K), 2 survivors (2048K)
 Metaspace       used 46632K, capacity 47919K, committed 48080K, reserved 559104K
  class space    used 5923K, capacity 6411K, committed 6528K, reserved 516096K
}
Event: 273.883 GC heap before
{Heap before GC invocations=16 (full 0):
 garbage-first heap   total 155648K, used 52105K [0x0000000080000000, 0x0000000100000000)
  region size 1024K, 22 young (22528K), 2 survivors (2048K)
 Metaspace       used 48313K, capacity 49620K, committed 49872K, reserved 561152K
  class space    used 6178K, capacity 6699K, committed 6784K, reserved 516096K
}
Event: 273.889 GC heap after
{Heap after GC invocations=17 (full 0):
 garbage-first heap   total 155648K, used 32413K [0x0000000080000000, 0x0000000100000000)
  region size 1024K, 3 young (3072K), 3 survivors (3072K)
 Metaspace       used 48313K, capacity 49620K, committed 49872K, reserved 561152K
  class space    used 6178K, capacity 6699K, committed 6784K, reserved 516096K
}
Event: 282.184 GC heap before
{Heap before GC invocations=17 (full 0):
 garbage-first heap   total 155648K, used 58013K [0x0000000080000000, 0x0000000100000000)
  region size 1024K, 28 young (28672K), 3 survivors (3072K)
 Metaspace       used 50141K, capacity 51568K, committed 51664K, reserved 561152K
  class space    used 6420K, capacity 6987K, committed 7040K, reserved 516096K
}
Event: 282.276 GC heap after
{Heap after GC invocations=18 (full 0):
 garbage-first heap   total 155648K, used 32586K [0x0000000080000000, 0x0000000100000000)
  region size 1024K, 3 young (3072K), 3 survivors (3072K)
 Metaspace       used 50141K, capacity 51568K, committed 51664K, reserved 561152K
  class space    used 6420K, capacity 6987K, committed 7040K, reserved 516096K
}

Deoptimization events (20 events):
Event: 269.972 Thread 0x000001f64e1a1000 DEOPT PACKING pc=0x000001f635be33f4 sp=0x00000077868f8100
Event: 269.972 Thread 0x000001f64e1a1000 DEOPT UNPACKING pc=0x000001f634f9a95e sp=0x00000077868f76a0 mode 0
Event: 273.689 Thread 0x000001f64e1a1000 Uncommon trap: trap_request=0xffffff4d fr.pc=0x000001f63ca827f8 relative=0x00000000000002b8
Event: 273.689 Thread 0x000001f64e1a1000 Uncommon trap: reason=unstable_if action=reinterpret pc=0x000001f63ca827f8 method=java.net.URI$Parser.scan(IILjava/lang/String;)I @ 26 c2
Event: 273.689 Thread 0x000001f64e1a1000 DEOPT PACKING pc=0x000001f63ca827f8 sp=0x00000077868f7590
Event: 273.689 Thread 0x000001f64e1a1000 DEOPT UNPACKING pc=0x000001f634f9a1af sp=0x00000077868f7510 mode 2
Event: 273.689 Thread 0x000001f64e1a1000 Uncommon trap: trap_request=0xffffff4d fr.pc=0x000001f63ca7c168 relative=0x0000000000000148
Event: 273.689 Thread 0x000001f64e1a1000 Uncommon trap: reason=unstable_if action=reinterpret pc=0x000001f63ca7c168 method=java.net.URI.match(CJJ)Z @ 45 c2
Event: 273.689 Thread 0x000001f64e1a1000 DEOPT PACKING pc=0x000001f63ca7c168 sp=0x00000077868f72f0
Event: 273.689 Thread 0x000001f64e1a1000 DEOPT UNPACKING pc=0x000001f634f9a1af sp=0x00000077868f7228 mode 2
Event: 273.722 Thread 0x000001f64e1a1000 Uncommon trap: trap_request=0xffffff4d fr.pc=0x000001f63ca44d44 relative=0x00000000000000a4
Event: 273.722 Thread 0x000001f64e1a1000 Uncommon trap: reason=unstable_if action=reinterpret pc=0x000001f63ca44d44 method=java.net.URI.match(CJJ)Z @ 45 c2
Event: 273.722 Thread 0x000001f64e1a1000 DEOPT PACKING pc=0x000001f63ca44d44 sp=0x00000077868f7280
Event: 273.722 Thread 0x000001f64e1a1000 DEOPT UNPACKING pc=0x000001f634f9a1af sp=0x00000077868f7230 mode 2
Event: 309.301 Thread 0x000001f64e1a1000 DEOPT PACKING pc=0x000001f6355b279b sp=0x00000077868f6ae0
Event: 309.301 Thread 0x000001f64e1a1000 DEOPT UNPACKING pc=0x000001f634f9a95e sp=0x00000077868f6020 mode 0
Event: 309.302 Thread 0x000001f64e1a1000 Uncommon trap: trap_request=0xffffff4d fr.pc=0x000001f63ca49f00 relative=0x0000000000000060
Event: 309.302 Thread 0x000001f64e1a1000 Uncommon trap: reason=unstable_if action=reinterpret pc=0x000001f63ca49f00 method=java.io.WinNTFileSystem.isSlash(C)Z @ 9 c2
Event: 309.302 Thread 0x000001f64e1a1000 DEOPT PACKING pc=0x000001f63ca49f00 sp=0x00000077868f6b20
Event: 309.333 Thread 0x000001f64e1a1000 DEOPT UNPACKING pc=0x000001f634f9a1af sp=0x00000077868f6aa8 mode 2

Classes redefined (0 events):
No events

Internal exceptions (20 events):
Event: 177.504 Thread 0x000001f64e1a1000 Exception <a 'java/lang/ClassNotFoundException'{0x00000000864c1ce8}: java/io/FileBeanInfo> (0x00000000864c1ce8) thrown at [./src/hotspot/share/classfile/systemDictionary.cpp, line 230]
Event: 177.520 Thread 0x000001f64e1a1000 Exception <a 'java/lang/ClassNotFoundException'{0x00000000864c7588}: java/io/FileCustomizer> (0x00000000864c7588) thrown at [./src/hotspot/share/classfile/systemDictionary.cpp, line 230]
Event: 182.528 Thread 0x000001f64e1a1000 Exception <a 'java/lang/NoSuchMethodError'{0x0000000085f3fe50}: 'java.lang.Object java.lang.invoke.DirectMethodHandle$Holder.invokeSpecial(java.lang.Object, java.lang.Object, java.lang.Object, java.lang.Object, java.lang.Object, java.lang.Object, java.lang.Object, java.lang.Object, java.lang.Object, java.lang.Object)'> (0x0000000085f3fe50) thrown at [./src/hotspot/share/interpreter/linkResolver.cpp, line 773]
Event: 182.532 Thread 0x000001f64e1a1000 Exception <a 'java/lang/NoSuchMethodError'{0x0000000085f48580}: 'java.lang.Object java.lang.invoke.Invokers$Holder.invoker(java.lang.Object, java.lang.Object, java.lang.Object, java.lang.Object, java.lang.Object, java.lang.Object, java.lang.Object, java.lang.Object, java.lang.Object)'> (0x0000000085f48580) thrown at [./src/hotspot/share/interpreter/linkResolver.cpp, line 773]
Event: 187.188 Thread 0x000001f64e1a1000 Exception <a 'java/lang/NoSuchMethodError'{0x0000000085ee33e0}: 'java.lang.Object java.lang.invoke.DelegatingMethodHandle$Holder.reinvoke_L(java.lang.Object, java.lang.Object, java.lang.Object, java.lang.Object, java.lang.Object, java.lang.Object, java.lang.Object, java.lang.Object, java.lang.Object, java.lang.Object, java.lang.Object, java.lang.Object, java.lang.Object, java.lang.Object, java.lang.Object, java.lang.Object, java.lang.Object, java.lang.Object, java.lang.Object, java.lang.Object, java.lang.O
Event: 187.212 Thread 0x000001f64e1a1000 Exception <a 'java/lang/NoSuchMethodError'{0x0000000085eeed98}: 'java.lang.Object java.lang.invoke.Invokers$Holder.invoker(java.lang.Object, java.lang.Object, java.lang.Object, java.lang.Object, java.lang.Object, java.lang.Object, java.lang.Object, java.lang.Object, java.lang.Object, java.lang.Object, java.lang.Object, java.lang.Object, java.lang.Object, java.lang.Object, java.lang.Object, java.lang.Object, java.lang.Object, java.lang.Object, java.lang.Object, java.lang.Object, java.lang.Object)'> (0x00000
Event: 187.215 Thread 0x000001f64e1a1000 Exception <a 'java/lang/NoSuchMethodError'{0x0000000085ef5dc0}: 'java.lang.Object java.lang.invoke.DelegatingMethodHandle$Holder.delegate(java.lang.Object, java.lang.Object, java.lang.Object, java.lang.Object, java.lang.Object, java.lang.Object, java.lang.Object, java.lang.Object, java.lang.Object, java.lang.Object, java.lang.Object, java.lang.Object, java.lang.Object, java.lang.Object, java.lang.Object, java.lang.Object, java.lang.Object, java.lang.Object, java.lang.Object, java.lang.Object, java.lang.Obj
Event: 187.441 Thread 0x000001f64e1a1000 Exception <a 'java/lang/NoSuchMethodError'{0x0000000085d7a2b0}: 'java.lang.Object java.lang.invoke.DirectMethodHandle$Holder.invokeStatic(java.lang.Object, java.lang.Object, java.lang.Object, java.lang.Object, java.lang.Object, java.lang.Object, java.lang.Object, java.lang.Object, java.lang.Object, java.lang.Object, java.lang.Object, java.lang.Object, java.lang.Object, java.lang.Object, java.lang.Object)'> (0x0000000085d7a2b0) thrown at [./src/hotspot/share/interpreter/linkResolver.cpp, line 773]
Event: 187.445 Thread 0x000001f64e1a1000 Exception <a 'java/lang/NoSuchMethodError'{0x0000000085d8a640}: 'java.lang.Object java.lang.invoke.DirectMethodHandle$Holder.invokeStatic(java.lang.Object, java.lang.Object, java.lang.Object, java.lang.Object, java.lang.Object, java.lang.Object, java.lang.Object, java.lang.Object, java.lang.Object, java.lang.Object, java.lang.Object, java.lang.Object, java.lang.Object, java.lang.Object, java.lang.Object, java.lang.Object)'> (0x0000000085d8a640) thrown at [./src/hotspot/share/interpreter/linkResolver.cpp, l
Event: 187.919 Thread 0x000001f64e1a1000 Exception <a 'java/lang/NoSuchMethodError'{0x0000000085d9a8e0}: 'java.lang.Object java.lang.invoke.DelegatingMethodHandle$Holder.reinvoke_L(java.lang.Object, java.lang.Object, java.lang.Object, java.lang.Object, java.lang.Object, java.lang.Object, java.lang.Object, java.lang.Object, java.lang.Object, java.lang.Object, java.lang.Object, java.lang.Object, java.lang.Object, java.lang.Object, java.lang.Object, java.lang.Object, java.lang.Object, java.lang.Object, java.lang.Object, java.lang.Object)'> (0x000000
Event: 198.613 Thread 0x000001f64e1a1000 Exception <a 'java/lang/IncompatibleClassChangeError'{0x0000000084f47ed8}: Found class java.lang.Object, but interface was expected> (0x0000000084f47ed8) thrown at [./src/hotspot/share/interpreter/linkResolver.cpp, line 839]
Event: 222.934 Thread 0x000001f64e1a1000 Exception <a 'java/lang/IncompatibleClassChangeError'{0x0000000084742aa0}: Found class java.lang.Object, but interface was expected> (0x0000000084742aa0) thrown at [./src/hotspot/share/interpreter/linkResolver.cpp, line 839]
Event: 224.267 Thread 0x000001f64e1a1000 Exception <a 'java/lang/NoSuchMethodError'{0x00000000845d32d0}: 'int java.lang.invoke.DirectMethodHandle$Holder.invokeStaticInit(java.lang.Object, java.lang.Object, java.lang.Object, java.lang.Object, java.lang.Object)'> (0x00000000845d32d0) thrown at [./src/hotspot/share/interpreter/linkResolver.cpp, line 773]
Event: 238.520 Thread 0x000001f64e1a1000 Exception <a 'java/lang/NoSuchMethodError'{0x0000000087dd35e0}: 'void java.lang.invoke.DirectMethodHandle$Holder.invokeInterface(java.lang.Object, java.lang.Object)'> (0x0000000087dd35e0) thrown at [./src/hotspot/share/interpreter/linkResolver.cpp, line 773]
Event: 239.794 Thread 0x000001f64e1a1000 Exception <a 'java/lang/NoSuchMethodError'{0x0000000087a47250}: 'java.lang.Object java.lang.invoke.DirectMethodHandle$Holder.invokeStatic(java.lang.Object, int, java.lang.Object)'> (0x0000000087a47250) thrown at [./src/hotspot/share/interpreter/linkResolver.cpp, line 773]
Event: 267.006 Thread 0x000001f64e1a1000 Implicit null exception at 0x000001f63cb1c7f4 to 0x000001f63cb1ca04
Event: 267.006 Thread 0x000001f64e1a1000 Implicit null exception at 0x000001f63ca78778 to 0x000001f63ca7880a
Event: 277.021 Thread 0x000001f64e1a1000 Exception <a 'java/lang/IncompatibleClassChangeError'{0x0000000088da9118}: Found class java.lang.Object, but interface was expected> (0x0000000088da9118) thrown at [./src/hotspot/share/interpreter/linkResolver.cpp, line 839]
Event: 278.722 Thread 0x000001f64e1a1000 Exception <a 'java/lang/NoSuchMethodError'{0x000000008847ba50}: 'int java.lang.invoke.DirectMethodHandle$Holder.invokeStaticInit(java.lang.Object)'> (0x000000008847ba50) thrown at [./src/hotspot/share/interpreter/linkResolver.cpp, line 773]
Event: 280.582 Thread 0x000001f64e1a1000 Exception <a 'java/lang/NoSuchMethodError'{0x00000000882952a8}: 'void java.lang.invoke.DirectMethodHandle$Holder.invokeStatic(java.lang.Object, java.lang.Object, java.lang.Object, int, java.lang.Object)'> (0x00000000882952a8) thrown at [./src/hotspot/share/interpreter/linkResolver.cpp, line 773]

Events (20 events):
Event: 302.335 loading class org/gradle/api/internal/artifacts/ivyservice/resolveengine/excludes/specs/ExcludeSpec
Event: 302.335 loading class org/gradle/api/internal/artifacts/ivyservice/resolveengine/excludes/specs/ExcludeSpec done
Event: 302.336 loading class org/gradle/api/internal/artifacts/ivyservice/resolveengine/excludes/specs/ExcludeSpec
Event: 302.336 loading class org/gradle/api/internal/artifacts/ivyservice/resolveengine/excludes/specs/ExcludeSpec done
Event: 302.337 loading class org/gradle/api/internal/artifacts/ivyservice/resolveengine/excludes/specs/GroupExclude
Event: 302.337 loading class org/gradle/api/internal/artifacts/ivyservice/resolveengine/excludes/specs/GroupExclude done
Event: 302.338 loading class org/gradle/api/internal/artifacts/ivyservice/resolveengine/excludes/specs/ModuleExclude
Event: 302.338 loading class org/gradle/api/internal/artifacts/ivyservice/resolveengine/excludes/specs/ModuleExclude done
Event: 302.338 loading class org/gradle/api/internal/artifacts/ivyservice/resolveengine/excludes/specs/ModuleIdSetExclude
Event: 302.338 loading class org/gradle/api/internal/artifacts/ivyservice/resolveengine/excludes/specs/ModuleIdSetExclude done
Event: 302.340 loading class org/gradle/api/artifacts/ModuleIdentifier
Event: 302.340 loading class org/gradle/api/artifacts/ModuleIdentifier done
Event: 302.340 loading class org/gradle/api/internal/artifacts/ivyservice/resolveengine/excludes/specs/ModuleIdExclude
Event: 302.340 loading class org/gradle/api/internal/artifacts/ivyservice/resolveengine/excludes/specs/ModuleIdExclude done
Event: 302.340 loading class org/gradle/api/internal/artifacts/ivyservice/resolveengine/excludes/simple/DefaultModuleIdSetExclude
Event: 302.340 loading class org/gradle/api/internal/artifacts/ivyservice/resolveengine/excludes/simple/DefaultModuleIdSetExclude done
Event: 302.342 loading class org/gradle/api/internal/artifacts/ivyservice/resolveengine/excludes/factories/ExcludeFactory
Event: 302.342 loading class org/gradle/api/internal/artifacts/ivyservice/resolveengine/excludes/factories/ExcludeFactory done
Event: 311.505 loading class org/gradle/api/internal/artifacts/ivyservice/resolveengine/excludes/simple/DefaultExcludeEverything
Event: 311.505 loading class org/gradle/api/internal/artifacts/ivyservice/resolveengine/excludes/simple/DefaultExcludeEverything done


Dynamic libraries:
0x00007ff6ba050000 - 0x00007ff6ba05d000 	C:\Program Files\Microsoft\jdk-11.0.18.10-hotspot\bin\java.exe
0x00007ffdf6b50000 - 0x00007ffdf6d64000 	C:\WINDOWS\SYSTEM32\ntdll.dll
0x00007ffdf4b00000 - 0x00007ffdf4bc2000 	C:\WINDOWS\System32\KERNEL32.DLL
0x00007ffdf41a0000 - 0x00007ffdf453c000 	C:\WINDOWS\System32\KERNELBASE.dll
0x00007ffdf4540000 - 0x00007ffdf4651000 	C:\WINDOWS\System32\ucrtbase.dll
0x00007ffdada40000 - 0x00007ffdada55000 	C:\Program Files\Microsoft\jdk-11.0.18.10-hotspot\bin\VCRUNTIME140.dll
0x00007ffdcc940000 - 0x00007ffdcc957000 	C:\Program Files\Microsoft\jdk-11.0.18.10-hotspot\bin\jli.dll
0x00007ffdf4bd0000 - 0x00007ffdf4d7b000 	C:\WINDOWS\System32\USER32.dll
0x00007ffdf4660000 - 0x00007ffdf4686000 	C:\WINDOWS\System32\win32u.dll
0x00007ffdf5b40000 - 0x00007ffdf5b69000 	C:\WINDOWS\System32\GDI32.dll
0x00007ffdf4840000 - 0x00007ffdf4953000 	C:\WINDOWS\System32\gdi32full.dll
0x00007ffdf4100000 - 0x00007ffdf419a000 	C:\WINDOWS\System32\msvcp_win.dll
0x00007ffddb5f0000 - 0x00007ffddb87e000 	C:\WINDOWS\WinSxS\amd64_microsoft.windows.common-controls_6595b64144ccf1df_6.0.22621.608_none_a9444ca7c10bb01d\COMCTL32.dll
0x00007ffdf5a90000 - 0x00007ffdf5b37000 	C:\WINDOWS\System32\msvcrt.dll
0x00007ffdf5d00000 - 0x00007ffdf5d31000 	C:\WINDOWS\System32\IMM32.DLL
0x00007ffd7b760000 - 0x00007ffd7b7fb000 	C:\Program Files\Microsoft\jdk-11.0.18.10-hotspot\bin\msvcp140.dll
0x00007ffdd30d0000 - 0x00007ffdd3c62000 	C:\Program Files\Microsoft\jdk-11.0.18.10-hotspot\bin\server\jvm.dll
0x00007ffdf4960000 - 0x00007ffdf4a0e000 	C:\WINDOWS\System32\ADVAPI32.dll
0x00007ffdf4f20000 - 0x00007ffdf4fc4000 	C:\WINDOWS\System32\sechost.dll
0x00007ffdf5da0000 - 0x00007ffdf5eb7000 	C:\WINDOWS\System32\RPCRT4.dll
0x00007ffdf4ae0000 - 0x00007ffdf4ae8000 	C:\WINDOWS\System32\PSAPI.DLL
0x00007ffdd7a50000 - 0x00007ffdd7a59000 	C:\WINDOWS\SYSTEM32\WSOCK32.dll
0x00007ffdf4a60000 - 0x00007ffdf4ad1000 	C:\WINDOWS\System32\WS2_32.dll
0x00007ffdeb830000 - 0x00007ffdeb83a000 	C:\WINDOWS\SYSTEM32\VERSION.dll
0x00007ffdec7e0000 - 0x00007ffdec814000 	C:\WINDOWS\SYSTEM32\WINMM.dll
0x00007ffdf3090000 - 0x00007ffdf30a8000 	C:\WINDOWS\SYSTEM32\kernel.appcore.dll
0x00007ffdd2460000 - 0x00007ffdd2470000 	C:\Program Files\Microsoft\jdk-11.0.18.10-hotspot\bin\verify.dll
0x00007ffde99c0000 - 0x00007ffde9bee000 	C:\WINDOWS\SYSTEM32\DBGHELP.DLL
0x00007ffdf6670000 - 0x00007ffdf69f9000 	C:\WINDOWS\System32\combase.dll
0x00007ffdf5b70000 - 0x00007ffdf5c47000 	C:\WINDOWS\System32\OLEAUT32.dll
0x00007ffde2440000 - 0x00007ffde2472000 	C:\WINDOWS\SYSTEM32\dbgcore.DLL
0x00007ffdf4750000 - 0x00007ffdf47cb000 	C:\WINDOWS\System32\bcryptPrimitives.dll
0x00007ffdd2020000 - 0x00007ffdd2048000 	C:\Program Files\Microsoft\jdk-11.0.18.10-hotspot\bin\java.dll
0x00007ffdd1f70000 - 0x00007ffdd1f7a000 	C:\Program Files\Microsoft\jdk-11.0.18.10-hotspot\bin\jimage.dll
0x00007ffdd1800000 - 0x00007ffdd1818000 	C:\Program Files\Microsoft\jdk-11.0.18.10-hotspot\bin\zip.dll
0x00007ffdf51a0000 - 0x00007ffdf5990000 	C:\WINDOWS\System32\SHELL32.dll
0x00007ffdf1f50000 - 0x00007ffdf281d000 	C:\WINDOWS\SYSTEM32\windows.storage.dll
0x00007ffdf1e10000 - 0x00007ffdf1f4e000 	C:\WINDOWS\SYSTEM32\wintypes.dll
0x00007ffdf5990000 - 0x00007ffdf5a81000 	C:\WINDOWS\System32\SHCORE.dll
0x00007ffdf5d40000 - 0x00007ffdf5d9e000 	C:\WINDOWS\System32\shlwapi.dll
0x00007ffdf3ec0000 - 0x00007ffdf3ee1000 	C:\WINDOWS\SYSTEM32\profapi.dll
0x00007ffdc6d00000 - 0x00007ffdc6d19000 	C:\Program Files\Microsoft\jdk-11.0.18.10-hotspot\bin\net.dll
0x00007ffdecb20000 - 0x00007ffdecc57000 	C:\WINDOWS\SYSTEM32\WINHTTP.dll
0x00007ffdf3520000 - 0x00007ffdf3589000 	C:\WINDOWS\system32\mswsock.dll
0x00007ffdc54c0000 - 0x00007ffdc54d3000 	C:\Program Files\Microsoft\jdk-11.0.18.10-hotspot\bin\nio.dll
0x00007ffdada10000 - 0x00007ffdada37000 	C:\Users\OMM ANIMESH\.gradle\native\e1d6ef7f7dcc3fd88c89a11ec53ec762bb8ba0a96d01ffa2cd45eb1d1d8dd5c5\windows-amd64\native-platform.dll
0x00007ffd74a80000 - 0x00007ffd74bc4000 	C:\Users\OMM ANIMESH\.gradle\native\0d407fdbe67a94daf76414ababcb853783967236a71b16ec16e742cd7a986fd3\windows-amd64\native-platform-file-events.dll
0x00007ffddb5e0000 - 0x00007ffddb5e9000 	C:\Program Files\Microsoft\jdk-11.0.18.10-hotspot\bin\management.dll
0x00007ffddb5d0000 - 0x00007ffddb5db000 	C:\Program Files\Microsoft\jdk-11.0.18.10-hotspot\bin\management_ext.dll
0x00007ffdf37a0000 - 0x00007ffdf37bb000 	C:\WINDOWS\SYSTEM32\CRYPTSP.dll
0x00007ffdf3000000 - 0x00007ffdf3035000 	C:\WINDOWS\system32\rsaenh.dll
0x00007ffdf3640000 - 0x00007ffdf3668000 	C:\WINDOWS\SYSTEM32\USERENV.dll
0x00007ffdf3960000 - 0x00007ffdf3988000 	C:\WINDOWS\SYSTEM32\bcrypt.dll
0x00007ffdf37c0000 - 0x00007ffdf37cc000 	C:\WINDOWS\SYSTEM32\CRYPTBASE.dll
0x00007ffdf2a70000 - 0x00007ffdf2a9d000 	C:\WINDOWS\SYSTEM32\IPHLPAPI.DLL
0x00007ffdf5190000 - 0x00007ffdf5199000 	C:\WINDOWS\System32\NSI.dll
0x00007ffdec740000 - 0x00007ffdec759000 	C:\WINDOWS\SYSTEM32\dhcpcsvc6.DLL
0x00007ffdec720000 - 0x00007ffdec73f000 	C:\WINDOWS\SYSTEM32\dhcpcsvc.DLL
0x00007ffdf2ae0000 - 0x00007ffdf2bd3000 	C:\WINDOWS\SYSTEM32\DNSAPI.dll

dbghelp: loaded successfully - version: 4.0.5 - missing functions: none
symbol engine: initialized successfully - sym options: 0x614 - pdb path: .;C:\Program Files\Microsoft\jdk-11.0.18.10-hotspot\bin;C:\WINDOWS\SYSTEM32;C:\WINDOWS\WinSxS\amd64_microsoft.windows.common-controls_6595b64144ccf1df_6.0.22621.608_none_a9444ca7c10bb01d;C:\Program Files\Microsoft\jdk-11.0.18.10-hotspot\bin\server;C:\Users\OMM ANIMESH\.gradle\native\e1d6ef7f7dcc3fd88c89a11ec53ec762bb8ba0a96d01ffa2cd45eb1d1d8dd5c5\windows-amd64;C:\Users\OMM ANIMESH\.gradle\native\0d407fdbe67a94daf76414ababcb853783967236a71b16ec16e742cd7a986fd3\windows-amd64

VM Arguments:
jvm_args: -XX:MaxMetaspaceSize=512m --add-opens=java.base/java.util=ALL-UNNAMED --add-opens=java.base/java.lang=ALL-UNNAMED --add-opens=java.base/java.lang.invoke=ALL-UNNAMED --add-opens=java.base/java.util=ALL-UNNAMED --add-opens=java.prefs/java.util.prefs=ALL-UNNAMED --add-opens=java.prefs/java.util.prefs=ALL-UNNAMED --add-opens=java.base/java.nio.charset=ALL-UNNAMED --add-opens=java.base/java.net=ALL-UNNAMED --add-opens=java.base/java.util.concurrent.atomic=ALL-UNNAMED -Xmx2048m -Dfile.encoding=windows-1252 -Duser.country=IN -Duser.language=en -Duser.variant 
java_command: org.gradle.launcher.daemon.bootstrap.GradleDaemon 7.5.1
java_class_path (initial): C:\Users\OMM ANIMESH\.gradle\wrapper\dists\gradle-7.5.1-all\1ehga6e77gqps5uk2kc5kf1vc\gradle-7.5.1\lib\gradle-launcher-7.5.1.jar
Launcher Type: SUN_STANDARD

[Global flags]
     intx CICompilerCount                          = 4                                         {product} {ergonomic}
   size_t CompressedClassSpaceSize                 = 528482304                                 {product} {ergonomic}
     uint ConcGCThreads                            = 2                                         {product} {ergonomic}
     uint G1ConcRefinementThreads                  = 8                                         {product} {ergonomic}
   size_t G1HeapRegionSize                         = 1048576                                   {product} {ergonomic}
    uintx GCDrainStackTargetSize                   = 64                                        {product} {ergonomic}
   size_t InitialHeapSize                          = 132120576                                 {product} {ergonomic}
   size_t MarkStackSize                            = 4194304                                   {product} {ergonomic}
   size_t MaxHeapSize                              = 2147483648                                {product} {command line}
   size_t MaxMetaspaceSize                         = 536870912                                 {product} {command line}
   size_t MaxNewSize                               = 1287651328                                {product} {ergonomic}
   size_t MinHeapDeltaBytes                        = 1048576                                   {product} {ergonomic}
    uintx NonNMethodCodeHeapSize                   = 5836300                                {pd product} {ergonomic}
    uintx NonProfiledCodeHeapSize                  = 122910970                              {pd product} {ergonomic}
    uintx ProfiledCodeHeapSize                     = 122910970                              {pd product} {ergonomic}
    uintx ReservedCodeCacheSize                    = 251658240                              {pd product} {ergonomic}
     bool SegmentedCodeCache                       = true                                      {product} {ergonomic}
     bool UseCompressedClassPointers               = true                                 {lp64_product} {ergonomic}
     bool UseCompressedOops                        = true                                 {lp64_product} {ergonomic}
     bool UseG1GC                                  = true                                      {product} {ergonomic}
     bool UseLargePagesIndividualAllocation        = false                                  {pd product} {ergonomic}

Logging:
Log output configuration:
 #0: stdout all=warning uptime,level,tags
 #1: stderr all=off uptime,level,tags

Environment Variables:
JAVA_HOME=C:\Program Files\Microsoft\jdk-11.0.18.10-hotspot\
CLASSPATH=D:\NewBhoomiRent\android\\gradle\wrapper\gradle-wrapper.jar
PATH=D:\NewBhoomiRent\android\node_modules\.bin;D:\NewBhoomiRent\node_modules\.bin;D:\node_modules\.bin;C:\Program Files\nodejs;D:\NewBhoomiRent\node_modules\.bin;D:\NewBhoomiRent\node_modules\.bin;D:\node_modules\.bin;C:\Program Files\nodejs\node_modules\npm\node_modules\@npmcli\run-script\lib\node-gyp-bin;D:\NewBhoomiRent\node_modules\.bin;D:\node_modules\.bin;C:\Program Files\nodejs;D:\NewBhoomiRent\node_modules\react-native\scripts\node_modules\.bin;D:\NewBhoomiRent\node_modules\react-native\node_modules\.bin;D:\NewBhoomiRent\node_modules\node_modules\.bin;D:\NewBhoomiRent\node_modules\.bin;D:\node_modules\.bin;C:\Program Files\nodejs;D:\NewBhoomiRent\node_modules\.bin;D:\node_modules\.bin;C:\Program Files\nodejs\node_modules\npm\node_modules\@npmcli\run-script\lib\node-gyp-bin;C:\Program Files\Microsoft\jdk-11.0.18.10-hotspot\bin;C:\Program Files\Eclipse Adoptium\jdk-8.0.362.9-hotspot\bin;C:\Program Files\Common Files\Oracle\Java\javapath;C:\Program Files\Python311\Scripts\;C:\Program Files\Python311\;C:\Program Files (x86)\Common Files\Oracle\Java\javapath;C:\Program Files\Eclipse Adoptium\jre-8.0.352.8-hotspot\bin;C:\Windows\system32;C:\Windows;C:\Windows\System32\Wbem;C:\Windows\System32\WindowsPowerShell\v1.0\;C:\Windows\System32\OpenSSH\;C:\Program Files (x86)\NVIDIA Corporation\PhysX\Common;C:\Program Files\NVIDIA Corporation\NVIDIA NvDLISR;C:\Program Files\Git\cmd;C:\Program Files\dotnet\;C:\Users\OMM ANIMESH\AppData\Roaming\nvm;C:\Program Files\nodejs;C:\Program Files\Go\bin;C:\WINDOWS\system32;C:\WINDOWS;C:\WINDOWS\System32\Wbem;C:\WINDOWS\System32\WindowsPowerShell\v1.0\;C:\WINDOWS\System32\OpenSSH\;C:\Program Files\CMake\bin;C:\Program Files\nodejs\;C:\ProgramData\chocolatey\bin;C:\Program Files\MySQL\MySQL Shell 8.0\bin\;C:\Users\OMM ANIMESH\AppData\Local\Microsoft\WindowsApps;C:\MinGW\bin;C:\Users\OMM ANIMESH\AppData\Local\Programs\Microsoft VS Code\bin;C:\Users\OMM ANIMESH\AppData\Local\GitHubDesktop\bin;C:\Program Files\MongoDB\Server\5.0\bin;C:\Pro
USERNAME=OMM ANIMESH
OS=Windows_NT
PROCESSOR_IDENTIFIER=Intel64 Family 6 Model 142 Stepping 12, GenuineIntel
TMP=C:\Users\OMMANI~1\AppData\Local\Temp
TEMP=C:\Users\OMMANI~1\AppData\Local\Temp



---------------  S Y S T E M  ---------------

OS: Windows 11 , 64 bit Build 22621 (10.0.22621.1485)
OS uptime: 1 days 6:10 hours
Hyper-V role detected

CPU:total 8 (initial active 8) (4 cores per cpu, 2 threads per core) family 6 model 142 stepping 12 microcode 0xec, cmov, cx8, fxsr, mmx, sse, sse2, sse3, ssse3, sse4.1, sse4.2, popcnt, avx, avx2, aes, clmul, erms, 3dnowpref, lzcnt, ht, tsc, tscinvbit, bmi1, bmi2, adx, fma

Memory: 4k page, system-wide physical 8025M (3M free)
TotalPageFile size 26325M (AvailPageFile size 0M)
current process WorkingSet (physical memory assigned to process): 9M, peak: 219M
current process commit charge ("private bytes"): 328M, peak: 357M

vm_info: OpenJDK 64-Bit Server VM (11.0.18+10-LTS) for windows-amd64 JRE (11.0.18+10-LTS), built on Jan 18 2023 15:56:47 by "MicrosoftCorporation" with MS VC++ 15.9 (VS2017)

END.
