#
# There is insufficient memory for the Java Runtime Environment to continue.
# Native memory allocation (malloc) failed to allocate 32744 bytes for ChunkPool::allocate
# Possible reasons:
#   The system is out of physical RAM or swap space
#   The process is running with CompressedOops enabled, and the Java Heap may be blocking the growth of the native heap
# Possible solutions:
#   Reduce memory load on the system
#   Increase physical memory or swap space
#   Check if swap backing store is full
#   Decrease Java heap size (-Xmx/-Xms)
#   Decrease number of Java threads
#   Decrease Java thread stack sizes (-Xss)
#   Set larger code cache with -XX:ReservedCodeCacheSize=
#   JVM is running with Unscaled Compressed Oops mode in which the Java heap is
#     placed in the first 4GB address space. The Java Heap base address is the
#     maximum limit for the native heap growth. Please use -XX:HeapBaseMinAddress
#     to set the Java Heap base and to place the Java Heap above 4GB virtual address.
# This output file may be truncated or incomplete.
#
#  Out of Memory Error (./src/hotspot/share/memory/arena.cpp:81), pid=30064, tid=32524
#
# JRE version: OpenJDK Runtime Environment Microsoft-7208460 (11.0.18+10) (build 11.0.18+10-LTS)
# Java VM: OpenJDK 64-Bit Server VM Microsoft-7208460 (11.0.18+10-LTS, mixed mode, tiered, compressed oops, g1 gc, windows-amd64)
# No core dump will be written. Minidumps are not enabled by default on client versions of Windows
#

---------------  S U M M A R Y ------------

Command Line: -XX:MaxMetaspaceSize=512m --add-opens=java.base/java.util=ALL-UNNAMED --add-opens=java.base/java.lang=ALL-UNNAMED --add-opens=java.base/java.lang.invoke=ALL-UNNAMED --add-opens=java.base/java.util=ALL-UNNAMED --add-opens=java.prefs/java.util.prefs=ALL-UNNAMED --add-opens=java.prefs/java.util.prefs=ALL-UNNAMED --add-opens=java.base/java.nio.charset=ALL-UNNAMED --add-opens=java.base/java.net=ALL-UNNAMED --add-opens=java.base/java.util.concurrent.atomic=ALL-UNNAMED -Xmx2048m -Dfile.encoding=windows-1252 -Duser.country=IN -Duser.language=en -Duser.variant org.gradle.launcher.daemon.bootstrap.GradleDaemon 7.5.1

Host: Intel(R) Core(TM) i5-10210U CPU @ 1.60GHz, 8 cores, 7G,  Windows 11 , 64 bit Build 22621 (10.0.22621.1485)
Time: Sun Apr 23 22:51:34 2023 India Standard Time elapsed time: 309.784591 seconds (0d 0h 5m 9s)

---------------  T H R E A D  ---------------

Current thread (0x00000174b82a7000):  JavaThread "C2 CompilerThread0" daemon [_thread_in_native, id=32524, stack(0x0000002f43900000,0x0000002f43a00000)]


Current CompileTask:
C2: 309786 7595   !   4       sun.nio.ch.FileChannelImpl::tryLock (238 bytes)

Stack: [0x0000002f43900000,0x0000002f43a00000]
Native frames: (J=compiled Java code, j=interpreted, Vv=VM code, C=native code)
V  [jvm.dll+0x62bf8a]
V  [jvm.dll+0x7b8fb9]
V  [jvm.dll+0x7ba6a8]
V  [jvm.dll+0x7bad83]
V  [jvm.dll+0x250248]
V  [jvm.dll+0xc286b]
V  [jvm.dll+0xc2bcc]
V  [jvm.dll+0xc271b]
V  [jvm.dll+0x6096a6]
V  [jvm.dll+0x6081e0]
V  [jvm.dll+0x5ceccb]
V  [jvm.dll+0x2cc520]
V  [jvm.dll+0x2cc4fa]
V  [jvm.dll+0x2cc4fa]
V  [jvm.dll+0x2cec41]
V  [jvm.dll+0x2cc760]
V  [jvm.dll+0x2cec41]
V  [jvm.dll+0x2cc760]
V  [jvm.dll+0x2cc4fa]
V  [jvm.dll+0x2cec41]
V  [jvm.dll+0x2cc760]
V  [jvm.dll+0x2cec41]
V  [jvm.dll+0x2cc760]
V  [jvm.dll+0x2cc4fa]
V  [jvm.dll+0x2cc4fa]
V  [jvm.dll+0x2cec41]
V  [jvm.dll+0x2cc760]
V  [jvm.dll+0x2cec41]
V  [jvm.dll+0x2cc760]
V  [jvm.dll+0x2cc4fa]
V  [jvm.dll+0x2cc4fa]
V  [jvm.dll+0x2cc4fa]
V  [jvm.dll+0x2cc4fa]
V  [jvm.dll+0x2cec41]
V  [jvm.dll+0x2cc760]
V  [jvm.dll+0x2cc4fa]
V  [jvm.dll+0x2cec41]
V  [jvm.dll+0x2cc760]
V  [jvm.dll+0x2cec41]
V  [jvm.dll+0x2cc760]
V  [jvm.dll+0x2cc4fa]
V  [jvm.dll+0x2cc4fa]
V  [jvm.dll+0x2cc4fa]
V  [jvm.dll+0x2cc4fa]
V  [jvm.dll+0x2cec41]
V  [jvm.dll+0x2cc760]
V  [jvm.dll+0x2cec41]
V  [jvm.dll+0x2cc760]
V  [jvm.dll+0x2cc4fa]
V  [jvm.dll+0x2cc4fa]
V  [jvm.dll+0x2cc4fa]
V  [jvm.dll+0x2cec41]
V  [jvm.dll+0x2cc760]
V  [jvm.dll+0x2cec41]
V  [jvm.dll+0x2cc760]
V  [jvm.dll+0x2cc4fa]
V  [jvm.dll+0x2cc4fa]
V  [jvm.dll+0x2cec41]
V  [jvm.dll+0x2cc760]
V  [jvm.dll+0x2cec41]
V  [jvm.dll+0x2cc760]
V  [jvm.dll+0x2cc4fa]
V  [jvm.dll+0x2cc4fa]
V  [jvm.dll+0x2cec41]
V  [jvm.dll+0x2cc760]
V  [jvm.dll+0x2cec41]
V  [jvm.dll+0x2cc760]
V  [jvm.dll+0x2cec41]
V  [jvm.dll+0x2cc760]
V  [jvm.dll+0x2cc4fa]
V  [jvm.dll+0x2cc4fa]
V  [jvm.dll+0x2cc4fa]
V  [jvm.dll+0x2cc4fa]
V  [jvm.dll+0x2cec41]
V  [jvm.dll+0x2cc760]
V  [jvm.dll+0x2cec41]
V  [jvm.dll+0x2cc760]
V  [jvm.dll+0x2cec41]
V  [jvm.dll+0x2cc760]
V  [jvm.dll+0x2cc4fa]
V  [jvm.dll+0x2cec41]
V  [jvm.dll+0x2cc760]
V  [jvm.dll+0x2cec41]
V  [jvm.dll+0x2cc760]
V  [jvm.dll+0x2cc4fa]
V  [jvm.dll+0x2cec41]
V  [jvm.dll+0x2cc760]
V  [jvm.dll+0x2cec41]
V  [jvm.dll+0x2cc760]
V  [jvm.dll+0x2cec41]
V  [jvm.dll+0x2cc760]
V  [jvm.dll+0x2cc4fa]
V  [jvm.dll+0x2cec41]
V  [jvm.dll+0x2cc760]
V  [jvm.dll+0x2cec41]
V  [jvm.dll+0x2cc760]
V  [jvm.dll+0x2cec41]
V  [jvm.dll+0x2cc760]
V  [jvm.dll+0x2cec41]
...<more frames>...


---------------  P R O C E S S  ---------------

Threads class SMR info:
_java_thread_list=0x00000174bb748c20, length=79, elements={
0x0000017499194000, 0x00000174b8288800, 0x00000174b8293000, 0x00000174b829f800,
0x00000174b82a3000, 0x00000174b82a4000, 0x00000174b82a7000, 0x00000174b82a9000,
0x00000174b8c59000, 0x00000174b8d63000, 0x00000174ba1c5000, 0x00000174ba41d000,
0x00000174b9ce7000, 0x00000174b9f84800, 0x00000174b8eca800, 0x00000174ba3ea000,
0x00000174b9f63800, 0x00000174b9bb4800, 0x00000174b96c9000, 0x00000174ba654800,
0x00000174ba0bb000, 0x00000174ba0be800, 0x00000174ba0bf000, 0x00000174ba0bc800,
0x00000174ba0c0000, 0x00000174ba0bd800, 0x00000174ba0ba000, 0x00000174ba0c1000,
0x00000174bd65c800, 0x00000174bd65c000, 0x00000174bd65b000, 0x00000174bd65d800,
0x00000174bd659800, 0x00000174bd663000, 0x00000174bd660800, 0x00000174bd65e800,
0x00000174bd660000, 0x00000174bd65a000, 0x00000174bd661800, 0x00000174bd665800,
0x00000174bd664000, 0x00000174bd665000, 0x00000174ba0bc000, 0x00000174bae7f800,
0x00000174bae80000, 0x00000174bae83800, 0x00000174bae81000, 0x00000174bae7e800,
0x00000174bae82000, 0x00000174bae87800, 0x00000174bae86000, 0x00000174bae82800,
0x00000174bae89000, 0x00000174bae86800, 0x00000174bae85000, 0x00000174bae8a000,
0x00000174bae88800, 0x00000174bae84800, 0x00000174bae8b800, 0x00000174bae8b000,
0x00000174bae8c800, 0x00000174bae8d800, 0x00000174ba6be800, 0x00000174ba6c3800,
0x00000174ba6c4800, 0x00000174ba6c2000, 0x00000174ba6c3000, 0x00000174ba6c5000,
0x00000174ba6c1000, 0x00000174ba6bf800, 0x00000174ba6c6000, 0x00000174ba6c0800,
0x00000174ba6c9800, 0x00000174ba6ca000, 0x00000174ba6c7800, 0x00000174ba6cc000,
0x00000174ba6c8800, 0x00000174ba6c7000, 0x00000174ba6cb000
}

Java Threads: ( => current thread )
  0x0000017499194000 JavaThread "main" [_thread_blocked, id=28828, stack(0x0000002f42d00000,0x0000002f42e00000)]
  0x00000174b8288800 JavaThread "Reference Handler" daemon [_thread_blocked, id=34760, stack(0x0000002f43400000,0x0000002f43500000)]
  0x00000174b8293000 JavaThread "Finalizer" daemon [_thread_blocked, id=23492, stack(0x0000002f43500000,0x0000002f43600000)]
  0x00000174b829f800 JavaThread "Signal Dispatcher" daemon [_thread_blocked, id=30888, stack(0x0000002f43600000,0x0000002f43700000)]
  0x00000174b82a3000 JavaThread "Attach Listener" daemon [_thread_blocked, id=28776, stack(0x0000002f43700000,0x0000002f43800000)]
  0x00000174b82a4000 JavaThread "Service Thread" daemon [_thread_blocked, id=26924, stack(0x0000002f43800000,0x0000002f43900000)]
=>0x00000174b82a7000 JavaThread "C2 CompilerThread0" daemon [_thread_in_native, id=32524, stack(0x0000002f43900000,0x0000002f43a00000)]
  0x00000174b82a9000 JavaThread "C1 CompilerThread0" daemon [_thread_blocked, id=26844, stack(0x0000002f43a00000,0x0000002f43b00000)]
  0x00000174b8c59000 JavaThread "Sweeper thread" daemon [_thread_blocked, id=28644, stack(0x0000002f43b00000,0x0000002f43c00000)]
  0x00000174b8d63000 JavaThread "Common-Cleaner" daemon [_thread_blocked, id=25176, stack(0x0000002f43c00000,0x0000002f43d00000)]
  0x00000174ba1c5000 JavaThread "Daemon health stats" [_thread_in_vm, id=29212, stack(0x0000002f44000000,0x0000002f44100000)]
  0x00000174ba41d000 JavaThread "Incoming local TCP Connector on port 51459" [_thread_in_native, id=5468, stack(0x0000002f44100000,0x0000002f44200000)]
  0x00000174b9ce7000 JavaThread "Daemon periodic checks" [_thread_blocked, id=24448, stack(0x0000002f44200000,0x0000002f44300000)]
  0x00000174b9f84800 JavaThread "Daemon" [_thread_blocked, id=27000, stack(0x0000002f44300000,0x0000002f44400000)]
  0x00000174b8eca800 JavaThread "Handler for socket connection from /127.0.0.1:51459 to /127.0.0.1:51465" [_thread_in_native, id=14240, stack(0x0000002f44400000,0x0000002f44500000)]
  0x00000174ba3ea000 JavaThread "Cancel handler" [_thread_blocked, id=22244, stack(0x0000002f44500000,0x0000002f44600000)]
  0x00000174b9f63800 JavaThread "Daemon worker" [_thread_blocked, id=2780, stack(0x0000002f44600000,0x0000002f44700000)]
  0x00000174b9bb4800 JavaThread "Asynchronous log dispatcher for DefaultDaemonConnection: socket connection from /127.0.0.1:51459 to /127.0.0.1:51465" [_thread_blocked, id=34548, stack(0x0000002f44700000,0x0000002f44800000)]
  0x00000174b96c9000 JavaThread "Stdin handler" [_thread_blocked, id=23468, stack(0x0000002f44800000,0x0000002f44900000)]
  0x00000174ba654800 JavaThread "Daemon client event forwarder" [_thread_blocked, id=21224, stack(0x0000002f44900000,0x0000002f44a00000)]
  0x00000174ba0bb000 JavaThread "Cache worker for journal cache (C:\Users\OMM ANIMESH\.gradle\caches\journal-1)" [_thread_blocked, id=29568, stack(0x0000002f44f00000,0x0000002f45000000)]
  0x00000174ba0be800 JavaThread "File lock request listener" [_thread_in_native, id=26452, stack(0x0000002f45000000,0x0000002f45100000)]
  0x00000174ba0bf000 JavaThread "Cache worker for file hash cache (C:\Users\OMM ANIMESH\.gradle\caches\7.5.1\fileHashes)" [_thread_blocked, id=31072, stack(0x0000002f45200000,0x0000002f45300000)]
  0x00000174ba0bc800 JavaThread "File watcher server" daemon [_thread_in_native, id=11932, stack(0x0000002f45400000,0x0000002f45500000)]
  0x00000174ba0c0000 JavaThread "File watcher consumer" daemon [_thread_blocked, id=19604, stack(0x0000002f45500000,0x0000002f45600000)]
  0x00000174ba0bd800 JavaThread "Cache worker for checksums cache (D:\NewBhoomiRent\android\.gradle\7.5.1\checksums)" [_thread_blocked, id=34536, stack(0x0000002f45600000,0x0000002f45700000)]
  0x00000174ba0ba000 JavaThread "Cache worker for cache directory md-rule (C:\Users\OMM ANIMESH\.gradle\caches\7.5.1\md-rule)" [_thread_blocked, id=27720, stack(0x0000002f45700000,0x0000002f45800000)]
  0x00000174ba0c1000 JavaThread "Cache worker for file content cache (C:\Users\OMM ANIMESH\.gradle\caches\7.5.1\fileContent)" [_thread_blocked, id=14056, stack(0x0000002f45800000,0x0000002f45900000)]
  0x00000174bd65c800 JavaThread "Cache worker for file hash cache (D:\NewBhoomiRent\android\.gradle\7.5.1\fileHashes)" [_thread_blocked, id=29944, stack(0x0000002f45b00000,0x0000002f45c00000)]
  0x00000174bd65c000 JavaThread "Cache worker for cache directory md-supplier (C:\Users\OMM ANIMESH\.gradle\caches\7.5.1\md-supplier)" [_thread_blocked, id=28376, stack(0x0000002f45c00000,0x0000002f45d00000)]
  0x00000174bd65b000 JavaThread "Cache worker for execution history cache (C:\Users\OMM ANIMESH\.gradle\caches\7.5.1\executionHistory)" [_thread_blocked, id=31600, stack(0x0000002f45d00000,0x0000002f45e00000)]
  0x00000174bd65d800 JavaThread "jar transforms" [_thread_blocked, id=8488, stack(0x0000002f46000000,0x0000002f46100000)]
  0x00000174bd659800 JavaThread "jar transforms Thread 2" [_thread_blocked, id=19840, stack(0x0000002f46100000,0x0000002f46200000)]
  0x00000174bd663000 JavaThread "jar transforms Thread 3" [_thread_blocked, id=22064, stack(0x0000002f42a00000,0x0000002f42b00000)]
  0x00000174bd660800 JavaThread "jar transforms Thread 4" [_thread_blocked, id=28480, stack(0x0000002f42b00000,0x0000002f42c00000)]
  0x00000174bd65e800 JavaThread "Cache worker for kotlin-dsl (C:\Users\OMM ANIMESH\.gradle\caches\7.5.1\kotlin-dsl)" [_thread_blocked, id=28536, stack(0x0000002f42c00000,0x0000002f42d00000)]
  0x00000174bd660000 JavaThread "jar transforms Thread 5" [_thread_blocked, id=22488, stack(0x0000002f45900000,0x0000002f45a00000)]
  0x00000174bd65a000 JavaThread "File lock release action executor Thread 6" [_thread_blocked, id=11436, stack(0x0000002f45e00000,0x0000002f45f00000)]
  0x00000174bd661800 JavaThread "jar transforms Thread 6" [_thread_blocked, id=25632, stack(0x0000002f46200000,0x0000002f46300000)]
  0x00000174bd665800 JavaThread "Cache worker for dependencies-accessors (D:\NewBhoomiRent\android\.gradle\7.5.1\dependencies-accessors)" [_thread_blocked, id=21856, stack(0x0000002f46300000,0x0000002f46400000)]
  0x00000174bd664000 JavaThread "Cache worker for Build Output Cleanup Cache (D:\NewBhoomiRent\node_modules\react-native-gradle-plugin\.gradle\buildOutputCleanup)" [_thread_blocked, id=28112, stack(0x0000002f46400000,0x0000002f46500000)]
  0x00000174bd665000 JavaThread "jar transforms Thread 7" [_thread_blocked, id=21948, stack(0x0000002f46500000,0x0000002f46600000)]
  0x00000174ba0bc000 JavaThread "Unconstrained build operations" [_thread_blocked, id=31640, stack(0x0000002f46600000,0x0000002f46700000)]
  0x00000174bae7f800 JavaThread "Unconstrained build operations Thread 2" [_thread_blocked, id=27544, stack(0x0000002f46700000,0x0000002f46800000)]
  0x00000174bae80000 JavaThread "Unconstrained build operations Thread 3" [_thread_blocked, id=11840, stack(0x0000002f46800000,0x0000002f46900000)]
  0x00000174bae83800 JavaThread "Unconstrained build operations Thread 4" [_thread_blocked, id=19476, stack(0x0000002f46900000,0x0000002f46a00000)]
  0x00000174bae81000 JavaThread "Unconstrained build operations Thread 5" [_thread_blocked, id=24860, stack(0x0000002f46a00000,0x0000002f46b00000)]
  0x00000174bae7e800 JavaThread "Unconstrained build operations Thread 6" [_thread_blocked, id=11380, stack(0x0000002f46b00000,0x0000002f46c00000)]
  0x00000174bae82000 JavaThread "Unconstrained build operations Thread 7" [_thread_blocked, id=13168, stack(0x0000002f46c00000,0x0000002f46d00000)]
  0x00000174bae87800 JavaThread "Unconstrained build operations Thread 8" [_thread_blocked, id=16300, stack(0x0000002f46d00000,0x0000002f46e00000)]
  0x00000174bae86000 JavaThread "Unconstrained build operations Thread 9" [_thread_blocked, id=32104, stack(0x0000002f46e00000,0x0000002f46f00000)]
  0x00000174bae82800 JavaThread "Unconstrained build operations Thread 10" [_thread_blocked, id=6560, stack(0x0000002f46f00000,0x0000002f47000000)]
  0x00000174bae89000 JavaThread "Unconstrained build operations Thread 11" [_thread_blocked, id=25756, stack(0x0000002f47000000,0x0000002f47100000)]
  0x00000174bae86800 JavaThread "Unconstrained build operations Thread 12" [_thread_blocked, id=30620, stack(0x0000002f47100000,0x0000002f47200000)]
  0x00000174bae85000 JavaThread "Unconstrained build operations Thread 13" [_thread_blocked, id=16784, stack(0x0000002f47200000,0x0000002f47300000)]
  0x00000174bae8a000 JavaThread "Unconstrained build operations Thread 14" [_thread_blocked, id=9184, stack(0x0000002f47300000,0x0000002f47400000)]
  0x00000174bae88800 JavaThread "Unconstrained build operations Thread 15" [_thread_blocked, id=26872, stack(0x0000002f47400000,0x0000002f47500000)]
  0x00000174bae84800 JavaThread "Unconstrained build operations Thread 16" [_thread_blocked, id=15764, stack(0x0000002f47500000,0x0000002f47600000)]
  0x00000174bae8b800 JavaThread "Unconstrained build operations Thread 17" [_thread_blocked, id=34576, stack(0x0000002f47600000,0x0000002f47700000)]
  0x00000174bae8b000 JavaThread "Unconstrained build operations Thread 18" [_thread_blocked, id=27984, stack(0x0000002f47700000,0x0000002f47800000)]
  0x00000174bae8c800 JavaThread "Unconstrained build operations Thread 19" [_thread_blocked, id=31968, stack(0x0000002f47800000,0x0000002f47900000)]
  0x00000174bae8d800 JavaThread "Unconstrained build operations Thread 20" [_thread_blocked, id=31960, stack(0x0000002f47900000,0x0000002f47a00000)]
  0x00000174ba6be800 JavaThread "Unconstrained build operations Thread 21" [_thread_blocked, id=32420, stack(0x0000002f47a00000,0x0000002f47b00000)]
  0x00000174ba6c3800 JavaThread "Unconstrained build operations Thread 22" [_thread_blocked, id=1528, stack(0x0000002f47b00000,0x0000002f47c00000)]
  0x00000174ba6c4800 JavaThread "Unconstrained build operations Thread 23" [_thread_blocked, id=25664, stack(0x0000002f47c00000,0x0000002f47d00000)]
  0x00000174ba6c2000 JavaThread "Unconstrained build operations Thread 24" [_thread_blocked, id=11836, stack(0x0000002f47d00000,0x0000002f47e00000)]
  0x00000174ba6c3000 JavaThread "Unconstrained build operations Thread 25" [_thread_blocked, id=32192, stack(0x0000002f47e00000,0x0000002f47f00000)]
  0x00000174ba6c5000 JavaThread "Unconstrained build operations Thread 26" [_thread_blocked, id=26676, stack(0x0000002f47f00000,0x0000002f48000000)]
  0x00000174ba6c1000 JavaThread "Unconstrained build operations Thread 27" [_thread_blocked, id=26704, stack(0x0000002f48000000,0x0000002f48100000)]
  0x00000174ba6bf800 JavaThread "Unconstrained build operations Thread 28" [_thread_blocked, id=28032, stack(0x0000002f48100000,0x0000002f48200000)]
  0x00000174ba6c6000 JavaThread "Unconstrained build operations Thread 29" [_thread_blocked, id=18968, stack(0x0000002f48200000,0x0000002f48300000)]
  0x00000174ba6c0800 JavaThread "Unconstrained build operations Thread 30" [_thread_blocked, id=25832, stack(0x0000002f48300000,0x0000002f48400000)]
  0x00000174ba6c9800 JavaThread "Unconstrained build operations Thread 31" [_thread_blocked, id=10680, stack(0x0000002f48400000,0x0000002f48500000)]
  0x00000174ba6ca000 JavaThread "Unconstrained build operations Thread 32" [_thread_blocked, id=22312, stack(0x0000002f48500000,0x0000002f48600000)]
  0x00000174ba6c7800 JavaThread "Unconstrained build operations Thread 33" [_thread_blocked, id=26948, stack(0x0000002f48600000,0x0000002f48700000)]
  0x00000174ba6cc000 JavaThread "jar transforms Thread 8" [_thread_blocked, id=21680, stack(0x0000002f45f00000,0x0000002f46000000)]
  0x00000174ba6c8800 JavaThread "build event listener" [_thread_blocked, id=35008, stack(0x0000002f45100000,0x0000002f45200000)]
  0x00000174ba6c7000 JavaThread "Memory manager" [_thread_blocked, id=35200, stack(0x0000002f45a00000,0x0000002f45b00000)]
  0x00000174ba6cb000 JavaThread "Cache worker for Build Output Cleanup Cache (D:\NewBhoomiRent\android\.gradle\buildOutputCleanup)" [_thread_blocked, id=19856, stack(0x0000002f48700000,0x0000002f48800000)]

Other Threads:
  0x00000174b8271800 VMThread "VM Thread" [stack: 0x0000002f43300000,0x0000002f43400000] [id=22504]
  0x00000174b8d82800 WatcherThread [stack: 0x0000002f43d00000,0x0000002f43e00000] [id=20376]
  0x00000174991ac800 GCTaskThread "GC Thread#0" [stack: 0x0000002f42e00000,0x0000002f42f00000] [id=26616]
  0x00000174b99c4000 GCTaskThread "GC Thread#1" [stack: 0x0000002f43e00000,0x0000002f43f00000] [id=22796]
  0x00000174b8f0d000 GCTaskThread "GC Thread#2" [stack: 0x0000002f43f00000,0x0000002f44000000] [id=29200]
  0x00000174ba0e3000 GCTaskThread "GC Thread#3" [stack: 0x0000002f44a00000,0x0000002f44b00000] [id=7860]
  0x00000174b99b0800 GCTaskThread "GC Thread#4" [stack: 0x0000002f44b00000,0x0000002f44c00000] [id=16452]
  0x00000174ba26a800 GCTaskThread "GC Thread#5" [stack: 0x0000002f44c00000,0x0000002f44d00000] [id=26148]
  0x00000174b9bc4000 GCTaskThread "GC Thread#6" [stack: 0x0000002f44d00000,0x0000002f44e00000] [id=27304]
  0x00000174b9bc4800 GCTaskThread "GC Thread#7" [stack: 0x0000002f44e00000,0x0000002f44f00000] [id=28684]
  0x00000174991dd800 ConcurrentGCThread "G1 Main Marker" [stack: 0x0000002f42f00000,0x0000002f43000000] [id=23248]
  0x00000174991de800 ConcurrentGCThread "G1 Conc#0" [stack: 0x0000002f43000000,0x0000002f43100000] [id=25060]
  0x00000174bb1c4000 ConcurrentGCThread "G1 Conc#1" [stack: 0x0000002f45300000,0x0000002f45400000] [id=31360]
  0x000001749925e800 ConcurrentGCThread "G1 Refine#0" [stack: 0x0000002f43100000,0x0000002f43200000] [id=31544]
  0x00000174b80e2800 ConcurrentGCThread "G1 Young RemSet Sampling" [stack: 0x0000002f43200000,0x0000002f43300000] [id=1428]

Threads with active compile tasks:
C2 CompilerThread0   310169 7595   !   4       sun.nio.ch.FileChannelImpl::tryLock (238 bytes)

VM state:not at safepoint (normal execution)

VM Mutex/Monitor currently owned by a thread: None

Heap address: 0x0000000080000000, size: 2048 MB, Compressed Oops mode: 32-bit
Narrow klass base: 0x0000000000000000, Narrow klass shift: 3
Compressed class space size: 528482304 Address: 0x0000000100000000

Heap:
 garbage-first heap   total 129024K, used 96029K [0x0000000080000000, 0x0000000100000000)
  region size 1024K, 56 young (57344K), 6 survivors (6144K)
 Metaspace       used 67118K, capacity 69033K, committed 69116K, reserved 577536K
  class space    used 8702K, capacity 9480K, committed 9548K, reserved 516096K
Heap Regions: E=young(eden), S=young(survivor), O=old, HS=humongous(starts), HC=humongous(continues), CS=collection set, F=free, A=archive, TAMS=top-at-mark-start (previous, next)
|   0|0x0000000080000000, 0x0000000080100000, 0x0000000080100000|100%| O|  |TAMS 0x0000000080100000, 0x0000000080000000| Untracked 
|   1|0x0000000080100000, 0x0000000080200000, 0x0000000080200000|100%| O|  |TAMS 0x0000000080200000, 0x0000000080100000| Untracked 
|   2|0x0000000080200000, 0x0000000080300000, 0x0000000080300000|100%| O|  |TAMS 0x0000000080300000, 0x0000000080200000| Untracked 
|   3|0x0000000080300000, 0x0000000080400000, 0x0000000080400000|100%|HS|  |TAMS 0x0000000080400000, 0x0000000080300000| Complete 
|   4|0x0000000080400000, 0x0000000080500000, 0x0000000080500000|100%|HC|  |TAMS 0x0000000080500000, 0x0000000080400000| Complete 
|   5|0x0000000080500000, 0x0000000080600000, 0x0000000080600000|100%|HC|  |TAMS 0x0000000080600000, 0x0000000080500000| Complete 
|   6|0x0000000080600000, 0x0000000080700000, 0x0000000080700000|100%| O|  |TAMS 0x0000000080700000, 0x0000000080600000| Untracked 
|   7|0x0000000080700000, 0x0000000080800000, 0x0000000080800000|100%| O|  |TAMS 0x0000000080800000, 0x0000000080700000| Untracked 
|   8|0x0000000080800000, 0x00000000808ffff8, 0x0000000080900000| 99%| O|  |TAMS 0x00000000808ffff8, 0x0000000080800000| Untracked 
|   9|0x0000000080900000, 0x0000000080a00000, 0x0000000080a00000|100%| O|  |TAMS 0x0000000080a00000, 0x0000000080900000| Untracked 
|  10|0x0000000080a00000, 0x0000000080b00000, 0x0000000080b00000|100%| O|  |TAMS 0x0000000080b00000, 0x0000000080a00000| Untracked 
|  11|0x0000000080b00000, 0x0000000080c00000, 0x0000000080c00000|100%| O|  |TAMS 0x0000000080c00000, 0x0000000080b00000| Untracked 
|  12|0x0000000080c00000, 0x0000000080d00000, 0x0000000080d00000|100%| O|  |TAMS 0x0000000080d00000, 0x0000000080c00000| Untracked 
|  13|0x0000000080d00000, 0x0000000080e00000, 0x0000000080e00000|100%| O|  |TAMS 0x0000000080e00000, 0x0000000080d00000| Untracked 
|  14|0x0000000080e00000, 0x0000000080f00000, 0x0000000080f00000|100%| O|  |TAMS 0x0000000080f00000, 0x0000000080e00000| Untracked 
|  15|0x0000000080f00000, 0x0000000081000000, 0x0000000081000000|100%| O|  |TAMS 0x0000000081000000, 0x0000000080f00000| Untracked 
|  16|0x0000000081000000, 0x0000000081100000, 0x0000000081100000|100%| O|  |TAMS 0x0000000081100000, 0x0000000081000000| Untracked 
|  17|0x0000000081100000, 0x0000000081200000, 0x0000000081200000|100%| O|  |TAMS 0x0000000081200000, 0x0000000081100000| Untracked 
|  18|0x0000000081200000, 0x0000000081300000, 0x0000000081300000|100%|HS|  |TAMS 0x0000000081300000, 0x0000000081200000| Complete 
|  19|0x0000000081300000, 0x0000000081400000, 0x0000000081400000|100%| O|  |TAMS 0x0000000081400000, 0x0000000081300000| Untracked 
|  20|0x0000000081400000, 0x0000000081500000, 0x0000000081500000|100%| O|  |TAMS 0x0000000081500000, 0x0000000081400000| Untracked 
|  21|0x0000000081500000, 0x0000000081600000, 0x0000000081600000|100%| O|  |TAMS 0x0000000081600000, 0x0000000081500000| Untracked 
|  22|0x0000000081600000, 0x0000000081700000, 0x0000000081700000|100%| O|  |TAMS 0x0000000081700000, 0x0000000081600000| Untracked 
|  23|0x0000000081700000, 0x0000000081800000, 0x0000000081800000|100%| O|  |TAMS 0x0000000081800000, 0x0000000081700000| Untracked 
|  24|0x0000000081800000, 0x0000000081900000, 0x0000000081900000|100%| O|  |TAMS 0x0000000081900000, 0x0000000081800000| Untracked 
|  25|0x0000000081900000, 0x0000000081a00000, 0x0000000081a00000|100%| O|  |TAMS 0x0000000081a00000, 0x0000000081900000| Untracked 
|  26|0x0000000081a00000, 0x0000000081b00000, 0x0000000081b00000|100%| O|  |TAMS 0x0000000081b00000, 0x0000000081a00000| Untracked 
|  27|0x0000000081b00000, 0x0000000081c00000, 0x0000000081c00000|100%| O|  |TAMS 0x0000000081c00000, 0x0000000081b00000| Untracked 
|  28|0x0000000081c00000, 0x0000000081d00000, 0x0000000081d00000|100%|HS|  |TAMS 0x0000000081d00000, 0x0000000081c00000| Complete 
|  29|0x0000000081d00000, 0x0000000081e00000, 0x0000000081e00000|100%|HC|  |TAMS 0x0000000081e00000, 0x0000000081d00000| Complete 
|  30|0x0000000081e00000, 0x0000000081f00000, 0x0000000081f00000|100%|HC|  |TAMS 0x0000000081f00000, 0x0000000081e00000| Complete 
|  31|0x0000000081f00000, 0x0000000082000000, 0x0000000082000000|100%| O|  |TAMS 0x0000000082000000, 0x0000000081f00000| Untracked 
|  32|0x0000000082000000, 0x0000000082100000, 0x0000000082100000|100%| O|  |TAMS 0x0000000082100000, 0x0000000082000000| Untracked 
|  33|0x0000000082100000, 0x0000000082200000, 0x0000000082200000|100%| O|  |TAMS 0x0000000082200000, 0x0000000082100000| Untracked 
|  34|0x0000000082200000, 0x0000000082300000, 0x0000000082300000|100%| O|  |TAMS 0x00000000822e5a00, 0x0000000082200000| Untracked 
|  35|0x0000000082300000, 0x0000000082400000, 0x0000000082400000|100%| O|  |TAMS 0x0000000082300000, 0x0000000082300000| Untracked 
|  36|0x0000000082400000, 0x0000000082500000, 0x0000000082500000|100%| O|  |TAMS 0x0000000082400000, 0x0000000082400000| Untracked 
|  37|0x0000000082500000, 0x0000000082600000, 0x0000000082600000|100%| O|  |TAMS 0x0000000082500000, 0x0000000082500000| Untracked 
|  38|0x0000000082600000, 0x0000000082700000, 0x0000000082700000|100%| O|  |TAMS 0x0000000082600000, 0x0000000082600000| Untracked 
|  39|0x0000000082700000, 0x000000008274ea00, 0x0000000082800000| 30%| O|  |TAMS 0x0000000082700000, 0x0000000082700000| Untracked 
|  40|0x0000000082800000, 0x0000000082800000, 0x0000000082900000|  0%| F|  |TAMS 0x0000000082800000, 0x0000000082800000| Untracked 
|  41|0x0000000082900000, 0x0000000082900000, 0x0000000082a00000|  0%| F|  |TAMS 0x0000000082900000, 0x0000000082900000| Untracked 
|  42|0x0000000082a00000, 0x0000000082a00000, 0x0000000082b00000|  0%| F|  |TAMS 0x0000000082a00000, 0x0000000082a00000| Untracked 
|  43|0x0000000082b00000, 0x0000000082b00000, 0x0000000082c00000|  0%| F|  |TAMS 0x0000000082b00000, 0x0000000082b00000| Untracked 
|  44|0x0000000082c00000, 0x0000000082c00000, 0x0000000082d00000|  0%| F|  |TAMS 0x0000000082c00000, 0x0000000082c00000| Untracked 
|  45|0x0000000082d00000, 0x0000000082d00000, 0x0000000082e00000|  0%| F|  |TAMS 0x0000000082d00000, 0x0000000082d00000| Untracked 
|  46|0x0000000082e00000, 0x0000000082e00000, 0x0000000082f00000|  0%| F|  |TAMS 0x0000000082e00000, 0x0000000082e00000| Untracked 
|  47|0x0000000082f00000, 0x0000000082f00000, 0x0000000083000000|  0%| F|  |TAMS 0x0000000082f00000, 0x0000000082f00000| Untracked 
|  48|0x0000000083000000, 0x0000000083000000, 0x0000000083100000|  0%| F|  |TAMS 0x0000000083000000, 0x0000000083000000| Untracked 
|  49|0x0000000083100000, 0x0000000083100000, 0x0000000083200000|  0%| F|  |TAMS 0x0000000083100000, 0x0000000083100000| Untracked 
|  50|0x0000000083200000, 0x0000000083200000, 0x0000000083300000|  0%| F|  |TAMS 0x0000000083200000, 0x0000000083200000| Untracked 
|  51|0x0000000083300000, 0x0000000083300000, 0x0000000083400000|  0%| F|  |TAMS 0x0000000083300000, 0x0000000083300000| Untracked 
|  52|0x0000000083400000, 0x0000000083400000, 0x0000000083500000|  0%| F|  |TAMS 0x0000000083400000, 0x0000000083400000| Untracked 
|  53|0x0000000083500000, 0x0000000083500000, 0x0000000083600000|  0%| F|  |TAMS 0x0000000083500000, 0x0000000083500000| Untracked 
|  54|0x0000000083600000, 0x0000000083600000, 0x0000000083700000|  0%| F|  |TAMS 0x0000000083600000, 0x0000000083600000| Untracked 
|  55|0x0000000083700000, 0x0000000083700000, 0x0000000083800000|  0%| F|  |TAMS 0x0000000083700000, 0x0000000083700000| Untracked 
|  56|0x0000000083800000, 0x0000000083800000, 0x0000000083900000|  0%| F|  |TAMS 0x0000000083800000, 0x0000000083800000| Untracked 
|  57|0x0000000083900000, 0x0000000083900000, 0x0000000083a00000|  0%| F|  |TAMS 0x0000000083900000, 0x0000000083900000| Untracked 
|  58|0x0000000083a00000, 0x0000000083a00000, 0x0000000083b00000|  0%| F|  |TAMS 0x0000000083a00000, 0x0000000083a00000| Untracked 
|  59|0x0000000083b00000, 0x0000000083b00000, 0x0000000083c00000|  0%| F|  |TAMS 0x0000000083b00000, 0x0000000083b00000| Untracked 
|  60|0x0000000083c00000, 0x0000000083c00000, 0x0000000083d00000|  0%| F|  |TAMS 0x0000000083c00000, 0x0000000083c00000| Untracked 
|  61|0x0000000083d00000, 0x0000000083d00000, 0x0000000083e00000|  0%| F|  |TAMS 0x0000000083d00000, 0x0000000083d00000| Untracked 
|  62|0x0000000083e00000, 0x0000000083e00000, 0x0000000083f00000|  0%| F|  |TAMS 0x0000000083e00000, 0x0000000083e00000| Untracked 
|  63|0x0000000083f00000, 0x0000000083f78c30, 0x0000000084000000| 47%| S|CS|TAMS 0x0000000083f00000, 0x0000000083f00000| Complete 
|  64|0x0000000084000000, 0x0000000084100000, 0x0000000084100000|100%| S|CS|TAMS 0x0000000084000000, 0x0000000084000000| Complete 
|  65|0x0000000084100000, 0x0000000084200000, 0x0000000084200000|100%| S|CS|TAMS 0x0000000084100000, 0x0000000084100000| Complete 
|  66|0x0000000084200000, 0x0000000084300000, 0x0000000084300000|100%| S|CS|TAMS 0x0000000084200000, 0x0000000084200000| Complete 
|  67|0x0000000084300000, 0x0000000084400000, 0x0000000084400000|100%| S|CS|TAMS 0x0000000084300000, 0x0000000084300000| Complete 
|  68|0x0000000084400000, 0x0000000084500000, 0x0000000084500000|100%| S|CS|TAMS 0x0000000084400000, 0x0000000084400000| Complete 
|  69|0x0000000084500000, 0x0000000084500000, 0x0000000084600000|  0%| F|  |TAMS 0x0000000084500000, 0x0000000084500000| Untracked 
|  70|0x0000000084600000, 0x0000000084600000, 0x0000000084700000|  0%| F|  |TAMS 0x0000000084600000, 0x0000000084600000| Untracked 
|  71|0x0000000084700000, 0x0000000084700000, 0x0000000084800000|  0%| F|  |TAMS 0x0000000084700000, 0x0000000084700000| Untracked 
|  72|0x0000000084800000, 0x0000000084800000, 0x0000000084900000|  0%| F|  |TAMS 0x0000000084800000, 0x0000000084800000| Untracked 
|  73|0x0000000084900000, 0x0000000084900000, 0x0000000084a00000|  0%| F|  |TAMS 0x0000000084900000, 0x0000000084900000| Untracked 
|  74|0x0000000084a00000, 0x0000000084a00000, 0x0000000084b00000|  0%| F|  |TAMS 0x0000000084a00000, 0x0000000084a00000| Untracked 
|  75|0x0000000084b00000, 0x0000000084b00000, 0x0000000084c00000|  0%| F|  |TAMS 0x0000000084b00000, 0x0000000084b00000| Untracked 
|  76|0x0000000084c00000, 0x0000000084c06d70, 0x0000000084d00000|  2%| E|  |TAMS 0x0000000084c00000, 0x0000000084c00000| Complete 
|  77|0x0000000084d00000, 0x0000000084e00000, 0x0000000084e00000|100%| E|CS|TAMS 0x0000000084d00000, 0x0000000084d00000| Complete 
|  78|0x0000000084e00000, 0x0000000084f00000, 0x0000000084f00000|100%| E|CS|TAMS 0x0000000084e00000, 0x0000000084e00000| Complete 
|  79|0x0000000084f00000, 0x0000000085000000, 0x0000000085000000|100%| E|CS|TAMS 0x0000000084f00000, 0x0000000084f00000| Complete 
|  80|0x0000000085000000, 0x0000000085100000, 0x0000000085100000|100%| E|CS|TAMS 0x0000000085000000, 0x0000000085000000| Complete 
|  81|0x0000000085100000, 0x0000000085200000, 0x0000000085200000|100%| E|CS|TAMS 0x0000000085100000, 0x0000000085100000| Complete 
|  82|0x0000000085200000, 0x0000000085300000, 0x0000000085300000|100%| E|CS|TAMS 0x0000000085200000, 0x0000000085200000| Complete 
|  83|0x0000000085300000, 0x0000000085400000, 0x0000000085400000|100%| E|CS|TAMS 0x0000000085300000, 0x0000000085300000| Complete 
|  84|0x0000000085400000, 0x0000000085500000, 0x0000000085500000|100%| E|CS|TAMS 0x0000000085400000, 0x0000000085400000| Complete 
|  85|0x0000000085500000, 0x0000000085600000, 0x0000000085600000|100%| E|CS|TAMS 0x0000000085500000, 0x0000000085500000| Complete 
|  86|0x0000000085600000, 0x0000000085700000, 0x0000000085700000|100%| E|CS|TAMS 0x0000000085600000, 0x0000000085600000| Complete 
|  87|0x0000000085700000, 0x0000000085800000, 0x0000000085800000|100%| E|CS|TAMS 0x0000000085700000, 0x0000000085700000| Complete 
|  88|0x0000000085800000, 0x0000000085900000, 0x0000000085900000|100%| E|CS|TAMS 0x0000000085800000, 0x0000000085800000| Complete 
|  89|0x0000000085900000, 0x0000000085a00000, 0x0000000085a00000|100%| E|CS|TAMS 0x0000000085900000, 0x0000000085900000| Complete 
|  90|0x0000000085a00000, 0x0000000085b00000, 0x0000000085b00000|100%| E|CS|TAMS 0x0000000085a00000, 0x0000000085a00000| Complete 
|  91|0x0000000085b00000, 0x0000000085c00000, 0x0000000085c00000|100%| E|CS|TAMS 0x0000000085b00000, 0x0000000085b00000| Complete 
|  92|0x0000000085c00000, 0x0000000085d00000, 0x0000000085d00000|100%| E|CS|TAMS 0x0000000085c00000, 0x0000000085c00000| Complete 
|  93|0x0000000085d00000, 0x0000000085e00000, 0x0000000085e00000|100%| E|CS|TAMS 0x0000000085d00000, 0x0000000085d00000| Complete 
|  94|0x0000000085e00000, 0x0000000085f00000, 0x0000000085f00000|100%| E|CS|TAMS 0x0000000085e00000, 0x0000000085e00000| Complete 
|  95|0x0000000085f00000, 0x0000000086000000, 0x0000000086000000|100%| E|CS|TAMS 0x0000000085f00000, 0x0000000085f00000| Complete 
|  96|0x0000000086000000, 0x0000000086100000, 0x0000000086100000|100%| E|CS|TAMS 0x0000000086000000, 0x0000000086000000| Complete 
|  97|0x0000000086100000, 0x0000000086200000, 0x0000000086200000|100%| E|CS|TAMS 0x0000000086100000, 0x0000000086100000| Complete 
|  98|0x0000000086200000, 0x0000000086300000, 0x0000000086300000|100%| E|CS|TAMS 0x0000000086200000, 0x0000000086200000| Complete 
|  99|0x0000000086300000, 0x0000000086400000, 0x0000000086400000|100%| E|CS|TAMS 0x0000000086300000, 0x0000000086300000| Complete 
| 100|0x0000000086400000, 0x0000000086500000, 0x0000000086500000|100%| E|CS|TAMS 0x0000000086400000, 0x0000000086400000| Complete 
| 101|0x0000000086500000, 0x0000000086600000, 0x0000000086600000|100%| E|CS|TAMS 0x0000000086500000, 0x0000000086500000| Complete 
| 102|0x0000000086600000, 0x0000000086700000, 0x0000000086700000|100%| E|CS|TAMS 0x0000000086600000, 0x0000000086600000| Complete 
| 103|0x0000000086700000, 0x0000000086800000, 0x0000000086800000|100%| E|CS|TAMS 0x0000000086700000, 0x0000000086700000| Complete 
| 104|0x0000000086800000, 0x0000000086900000, 0x0000000086900000|100%| E|CS|TAMS 0x0000000086800000, 0x0000000086800000| Complete 
| 105|0x0000000086900000, 0x0000000086a00000, 0x0000000086a00000|100%| E|CS|TAMS 0x0000000086900000, 0x0000000086900000| Complete 
| 106|0x0000000086a00000, 0x0000000086b00000, 0x0000000086b00000|100%| E|CS|TAMS 0x0000000086a00000, 0x0000000086a00000| Complete 
| 107|0x0000000086b00000, 0x0000000086c00000, 0x0000000086c00000|100%| E|CS|TAMS 0x0000000086b00000, 0x0000000086b00000| Complete 
| 108|0x0000000086c00000, 0x0000000086d00000, 0x0000000086d00000|100%| E|CS|TAMS 0x0000000086c00000, 0x0000000086c00000| Complete 
| 109|0x0000000086d00000, 0x0000000086e00000, 0x0000000086e00000|100%| E|CS|TAMS 0x0000000086d00000, 0x0000000086d00000| Complete 
| 110|0x0000000086e00000, 0x0000000086f00000, 0x0000000086f00000|100%| E|CS|TAMS 0x0000000086e00000, 0x0000000086e00000| Complete 
| 111|0x0000000086f00000, 0x0000000087000000, 0x0000000087000000|100%| E|CS|TAMS 0x0000000086f00000, 0x0000000086f00000| Complete 
| 112|0x0000000087000000, 0x0000000087100000, 0x0000000087100000|100%| E|CS|TAMS 0x0000000087000000, 0x0000000087000000| Complete 
| 113|0x0000000087100000, 0x0000000087200000, 0x0000000087200000|100%| E|CS|TAMS 0x0000000087100000, 0x0000000087100000| Complete 
| 114|0x0000000087200000, 0x0000000087300000, 0x0000000087300000|100%| E|CS|TAMS 0x0000000087200000, 0x0000000087200000| Complete 
| 115|0x0000000087300000, 0x0000000087400000, 0x0000000087400000|100%| E|CS|TAMS 0x0000000087300000, 0x0000000087300000| Complete 
| 116|0x0000000087400000, 0x0000000087500000, 0x0000000087500000|100%| E|CS|TAMS 0x0000000087400000, 0x0000000087400000| Complete 
| 117|0x0000000087500000, 0x0000000087600000, 0x0000000087600000|100%| E|CS|TAMS 0x0000000087500000, 0x0000000087500000| Complete 
| 118|0x0000000087600000, 0x0000000087700000, 0x0000000087700000|100%| E|CS|TAMS 0x0000000087600000, 0x0000000087600000| Complete 
| 119|0x0000000087700000, 0x0000000087800000, 0x0000000087800000|100%| E|CS|TAMS 0x0000000087700000, 0x0000000087700000| Complete 
| 120|0x0000000087800000, 0x0000000087900000, 0x0000000087900000|100%| E|CS|TAMS 0x0000000087800000, 0x0000000087800000| Complete 
| 121|0x0000000087900000, 0x0000000087a00000, 0x0000000087a00000|100%| E|CS|TAMS 0x0000000087900000, 0x0000000087900000| Complete 
| 122|0x0000000087a00000, 0x0000000087b00000, 0x0000000087b00000|100%| E|CS|TAMS 0x0000000087a00000, 0x0000000087a00000| Complete 
| 123|0x0000000087b00000, 0x0000000087c00000, 0x0000000087c00000|100%| E|CS|TAMS 0x0000000087b00000, 0x0000000087b00000| Complete 
| 124|0x0000000087c00000, 0x0000000087d00000, 0x0000000087d00000|100%| E|CS|TAMS 0x0000000087c00000, 0x0000000087c00000| Complete 
| 125|0x0000000087d00000, 0x0000000087e00000, 0x0000000087e00000|100%| E|CS|TAMS 0x0000000087d00000, 0x0000000087d00000| Complete 

Card table byte_map: [0x00000174b1030000,0x00000174b1430000] _byte_map_base: 0x00000174b0c30000

Marking Bits (Prev, Next): (CMBitMap*) 0x00000174991d4e50, (CMBitMap*) 0x00000174991d4e18
 Prev Bits: [0x00000174b3830000, 0x00000174b5830000)
 Next Bits: [0x00000174b1830000, 0x00000174b3830000)

Polling page: 0x0000017498960000

Metaspace:

Usage:
  Non-class:     58.16 MB capacity,    57.05 MB ( 98%) used,   928.81 KB (  2%) free+waste,   207.75 KB ( <1%) overhead. 
      Class:      9.26 MB capacity,     8.50 MB ( 92%) used,   678.06 KB (  7%) free+waste,    99.75 KB (  1%) overhead. 
       Both:     67.42 MB capacity,    65.55 MB ( 97%) used,     1.57 MB (  2%) free+waste,   307.50 KB ( <1%) overhead. 

Virtual space:
  Non-class space:       60.00 MB reserved,      58.17 MB ( 97%) committed 
      Class space:      504.00 MB reserved,       9.32 MB (  2%) committed 
             Both:      564.00 MB reserved,      67.50 MB ( 12%) committed 

Chunk freelists:
   Non-Class:  15.00 KB
       Class:  0 bytes
        Both:  15.00 KB

MaxMetaspaceSize: 512.00 MB
CompressedClassSpaceSize: 504.00 MB
Initial GC threshold: 20.80 MB
Current GC threshold: 98.54 MB
CDS: off

CodeHeap 'non-profiled nmethods': size=120000Kb used=4339Kb max_used=4339Kb free=115660Kb
 bounds [0x00000174a93d0000, 0x00000174a9810000, 0x00000174b0900000]
CodeHeap 'profiled nmethods': size=120000Kb used=15822Kb max_used=15822Kb free=104178Kb
 bounds [0x00000174a1ea0000, 0x00000174a2e20000, 0x00000174a93d0000]
CodeHeap 'non-nmethods': size=5760Kb used=2344Kb max_used=2384Kb free=3415Kb
 bounds [0x00000174a1900000, 0x00000174a1b70000, 0x00000174a1ea0000]
 total_blobs=8338 nmethods=7478 adapters=772
 compilation: enabled
              stopped_count=0, restarted_count=0
 full_count=0

Compilation events (20 events):
Event: 302.769 Thread 0x00000174b82a9000 nmethod 7586 0x00000174a2e0df10 code [0x00000174a2e0e160, 0x00000174a2e0ed28]
Event: 302.769 Thread 0x00000174b82a9000 7588       3       org.gradle.api.internal.provider.ValueSupplier$Present::pushWhenMissing (2 bytes)
Event: 302.770 Thread 0x00000174b82a9000 nmethod 7588 0x00000174a2e0f090 code [0x00000174a2e0f240, 0x00000174a2e0f338]
Event: 302.770 Thread 0x00000174b82a9000 7587       3       org.gradle.api.internal.provider.AbstractProperty::init (7 bytes)
Event: 302.770 Thread 0x00000174b82a9000 nmethod 7587 0x00000174a2e0f410 code [0x00000174a2e0f5e0, 0x00000174a2e0f8c8]
Event: 302.784 Thread 0x00000174b82a9000 7589       3       org.gradle.api.internal.DelegatingDomainObjectSet::isEmpty (10 bytes)
Event: 302.784 Thread 0x00000174b82a9000 nmethod 7589 0x00000174a2e0fa10 code [0x00000174a2e0fbc0, 0x00000174a2e0fd88]
Event: 302.789 Thread 0x00000174b82a9000 7590       3       org.gradle.api.internal.artifacts.configurations.DefaultConfiguration::runDependencyActions (78 bytes)
Event: 302.790 Thread 0x00000174b82a9000 nmethod 7590 0x00000174a2e0fe90 code [0x00000174a2e10100, 0x00000174a2e10b98]
Event: 302.840 Thread 0x00000174b82a9000 7591       3       org.gradle.api.internal.artifacts.ivyservice.ivyresolve.strategy.AbstractStringVersionSelector::getSelector (5 bytes)
Event: 302.841 Thread 0x00000174b82a9000 nmethod 7591 0x00000174a2e10e90 code [0x00000174a2e11040, 0x00000174a2e11158]
Event: 302.852 Thread 0x00000174b82a9000 7592       3       java.util.Collections$SingletonList::get (41 bytes)
Event: 302.853 Thread 0x00000174b82a9000 nmethod 7592 0x00000174a2e11210 code [0x00000174a2e11480, 0x00000174a2e11da8]
Event: 305.014 Thread 0x00000174b82a7000 7593       4       java.util.Collections$EmptyList::toArray (5 bytes)
Event: 305.017 Thread 0x00000174b82a7000 nmethod 7593 0x00000174a980c910 code [0x00000174a980caa0, 0x00000174a980cb78]
Event: 305.644 Thread 0x00000174b82a7000 7594       4       java.util.HashMap$HashMapSpliterator::estimateSize (11 bytes)
Event: 305.646 Thread 0x00000174b82a7000 nmethod 7594 0x00000174a980cc10 code [0x00000174a980cda0, 0x00000174a980ce58]
Event: 307.504 Thread 0x00000174b82a7000 7595   !   4       sun.nio.ch.FileChannelImpl::tryLock (238 bytes)
Event: 308.697 Thread 0x00000174b82a9000 7598       3       java.io.FileInputStream::<init> (122 bytes)
Event: 308.773 Thread 0x00000174b82a9000 nmethod 7598 0x00000174a2e12110 code [0x00000174a2e12400, 0x00000174a2e13298]

GC Heap History (20 events):
Event: 48.102 GC heap before
{Heap before GC invocations=5 (full 0):
 garbage-first heap   total 129024K, used 69292K [0x0000000080000000, 0x0000000100000000)
  region size 1024K, 53 young (54272K), 2 survivors (2048K)
 Metaspace       used 26193K, capacity 26738K, committed 26876K, reserved 540672K
  class space    used 3358K, capacity 3589K, committed 3660K, reserved 516096K
}
Event: 48.109 GC heap after
{Heap after GC invocations=6 (full 0):
 garbage-first heap   total 129024K, used 19752K [0x0000000080000000, 0x0000000100000000)
  region size 1024K, 3 young (3072K), 3 survivors (3072K)
 Metaspace       used 26193K, capacity 26738K, committed 26876K, reserved 540672K
  class space    used 3358K, capacity 3589K, committed 3660K, reserved 516096K
}
Event: 52.840 GC heap before
{Heap before GC invocations=6 (full 0):
 garbage-first heap   total 129024K, used 83240K [0x0000000080000000, 0x0000000100000000)
  region size 1024K, 65 young (66560K), 3 survivors (3072K)
 Metaspace       used 33014K, capacity 33688K, committed 33788K, reserved 546816K
  class space    used 4301K, capacity 4591K, committed 4684K, reserved 516096K
}
Event: 52.851 GC heap after
{Heap after GC invocations=7 (full 0):
 garbage-first heap   total 129024K, used 22326K [0x0000000080000000, 0x0000000100000000)
  region size 1024K, 6 young (6144K), 6 survivors (6144K)
 Metaspace       used 33014K, capacity 33688K, committed 33788K, reserved 546816K
  class space    used 4301K, capacity 4591K, committed 4684K, reserved 516096K
}
Event: 53.158 GC heap before
{Heap before GC invocations=7 (full 0):
 garbage-first heap   total 129024K, used 26422K [0x0000000080000000, 0x0000000100000000)
  region size 1024K, 11 young (11264K), 6 survivors (6144K)
 Metaspace       used 35132K, capacity 35882K, committed 35964K, reserved 548864K
  class space    used 4474K, capacity 4790K, committed 4812K, reserved 516096K
}
Event: 53.180 GC heap after
{Heap after GC invocations=8 (full 0):
 garbage-first heap   total 129024K, used 23346K [0x0000000080000000, 0x0000000100000000)
  region size 1024K, 6 young (6144K), 6 survivors (6144K)
 Metaspace       used 35132K, capacity 35882K, committed 35964K, reserved 548864K
  class space    used 4474K, capacity 4790K, committed 4812K, reserved 516096K
}
Event: 65.074 GC heap before
{Heap before GC invocations=9 (full 0):
 garbage-first heap   total 129024K, used 90930K [0x0000000080000000, 0x0000000100000000)
  region size 1024K, 69 young (70656K), 6 survivors (6144K)
 Metaspace       used 40465K, capacity 41436K, committed 41468K, reserved 552960K
  class space    used 5065K, capacity 5442K, committed 5452K, reserved 516096K
}
Event: 65.103 GC heap after
{Heap after GC invocations=10 (full 0):
 garbage-first heap   total 129024K, used 28335K [0x0000000080000000, 0x0000000100000000)
  region size 1024K, 9 young (9216K), 9 survivors (9216K)
 Metaspace       used 40465K, capacity 41436K, committed 41468K, reserved 552960K
  class space    used 5065K, capacity 5442K, committed 5452K, reserved 516096K
}
Event: 150.290 GC heap before
{Heap before GC invocations=10 (full 0):
 garbage-first heap   total 129024K, used 92847K [0x0000000080000000, 0x0000000100000000)
  region size 1024K, 72 young (73728K), 9 survivors (9216K)
 Metaspace       used 44694K, capacity 45877K, committed 45948K, reserved 557056K
  class space    used 5608K, capacity 6079K, committed 6092K, reserved 516096K
}
Event: 150.334 GC heap after
{Heap after GC invocations=11 (full 0):
 garbage-first heap   total 129024K, used 30108K [0x0000000080000000, 0x0000000100000000)
  region size 1024K, 3 young (3072K), 3 survivors (3072K)
 Metaspace       used 44694K, capacity 45877K, committed 45948K, reserved 557056K
  class space    used 5608K, capacity 6079K, committed 6092K, reserved 516096K
}
Event: 187.497 GC heap before
{Heap before GC invocations=11 (full 0):
 garbage-first heap   total 129024K, used 96668K [0x0000000080000000, 0x0000000100000000)
  region size 1024K, 68 young (69632K), 3 survivors (3072K)
 Metaspace       used 49401K, capacity 50701K, committed 50940K, reserved 561152K
  class space    used 6310K, capacity 6852K, committed 6988K, reserved 516096K
}
Event: 187.732 GC heap after
{Heap after GC invocations=12 (full 0):
 garbage-first heap   total 129024K, used 32035K [0x0000000080000000, 0x0000000100000000)
  region size 1024K, 5 young (5120K), 5 survivors (5120K)
 Metaspace       used 49401K, capacity 50701K, committed 50940K, reserved 561152K
  class space    used 6310K, capacity 6852K, committed 6988K, reserved 516096K
}
Event: 216.600 GC heap before
{Heap before GC invocations=12 (full 0):
 garbage-first heap   total 129024K, used 101667K [0x0000000080000000, 0x0000000100000000)
  region size 1024K, 69 young (70656K), 5 survivors (5120K)
 Metaspace       used 54515K, capacity 55985K, committed 56188K, reserved 565248K
  class space    used 6987K, capacity 7589K, committed 7628K, reserved 516096K
}
Event: 216.633 GC heap after
{Heap after GC invocations=13 (full 0):
 garbage-first heap   total 129024K, used 40048K [0x0000000080000000, 0x0000000100000000)
  region size 1024K, 9 young (9216K), 9 survivors (9216K)
 Metaspace       used 54515K, capacity 55985K, committed 56188K, reserved 565248K
  class space    used 6987K, capacity 7589K, committed 7628K, reserved 516096K
}
Event: 226.380 GC heap before
{Heap before GC invocations=13 (full 0):
 garbage-first heap   total 129024K, used 85104K [0x0000000080000000, 0x0000000100000000)
  region size 1024K, 54 young (55296K), 9 survivors (9216K)
 Metaspace       used 58436K, capacity 60123K, committed 60284K, reserved 569344K
  class space    used 7572K, capacity 8269K, committed 8396K, reserved 516096K
}
Event: 226.417 GC heap after
{Heap after GC invocations=14 (full 0):
 garbage-first heap   total 129024K, used 42038K [0x0000000080000000, 0x0000000100000000)
  region size 1024K, 7 young (7168K), 7 survivors (7168K)
 Metaspace       used 58436K, capacity 60123K, committed 60284K, reserved 569344K
  class space    used 7572K, capacity 8269K, committed 8396K, reserved 516096K
}
Event: 231.509 GC heap before
{Heap before GC invocations=15 (full 0):
 garbage-first heap   total 129024K, used 99382K [0x0000000080000000, 0x0000000100000000)
  region size 1024K, 63 young (64512K), 7 survivors (7168K)
 Metaspace       used 62331K, capacity 64029K, committed 64380K, reserved 573440K
  class space    used 8093K, capacity 8800K, committed 8908K, reserved 516096K
}
Event: 231.524 GC heap after
{Heap after GC invocations=16 (full 0):
 garbage-first heap   total 129024K, used 43318K [0x0000000080000000, 0x0000000100000000)
  region size 1024K, 3 young (3072K), 3 survivors (3072K)
 Metaspace       used 62331K, capacity 64029K, committed 64380K, reserved 573440K
  class space    used 8093K, capacity 8800K, committed 8908K, reserved 516096K
}
Event: 248.525 GC heap before
{Heap before GC invocations=16 (full 0):
 garbage-first heap   total 129024K, used 101686K [0x0000000080000000, 0x0000000100000000)
  region size 1024K, 60 young (61440K), 3 survivors (3072K)
 Metaspace       used 65480K, capacity 67450K, committed 67708K, reserved 575488K
  class space    used 8534K, capacity 9333K, committed 9420K, reserved 516096K
}
Event: 248.550 GC heap after
{Heap after GC invocations=17 (full 0):
 garbage-first heap   total 129024K, used 45853K [0x0000000080000000, 0x0000000100000000)
  region size 1024K, 6 young (6144K), 6 survivors (6144K)
 Metaspace       used 65480K, capacity 67450K, committed 67708K, reserved 575488K
  class space    used 8534K, capacity 9333K, committed 9420K, reserved 516096K
}

Deoptimization events (20 events):
Event: 301.768 Thread 0x00000174b9f63800 Uncommon trap: trap_request=0xffffffbe fr.pc=0x00000174a978f108 relative=0x0000000000000c68
Event: 301.768 Thread 0x00000174b9f63800 Uncommon trap: reason=profile_predicate action=maybe_recompile pc=0x00000174a978f108 method=java.util.TreeMap.getEntryUsingComparator(Ljava/lang/Object;)Ljava/util/TreeMap$Entry; @ 19 c2
Event: 301.768 Thread 0x00000174b9f63800 DEOPT PACKING pc=0x00000174a978f108 sp=0x0000002f446f4cf0
Event: 301.768 Thread 0x00000174b9f63800 DEOPT UNPACKING pc=0x00000174a194a1af sp=0x0000002f446f4c10 mode 2
Event: 301.769 Thread 0x00000174b9f63800 Uncommon trap: trap_request=0xffffffbe fr.pc=0x00000174a978f108 relative=0x0000000000000c68
Event: 301.769 Thread 0x00000174b9f63800 Uncommon trap: reason=profile_predicate action=maybe_recompile pc=0x00000174a978f108 method=java.util.TreeMap.getEntryUsingComparator(Ljava/lang/Object;)Ljava/util/TreeMap$Entry; @ 19 c2
Event: 301.769 Thread 0x00000174b9f63800 DEOPT PACKING pc=0x00000174a978f108 sp=0x0000002f446f4cf0
Event: 301.769 Thread 0x00000174b9f63800 DEOPT UNPACKING pc=0x00000174a194a1af sp=0x0000002f446f4c10 mode 2
Event: 301.769 Thread 0x00000174b9f63800 Uncommon trap: trap_request=0xffffffbe fr.pc=0x00000174a978f108 relative=0x0000000000000c68
Event: 301.769 Thread 0x00000174b9f63800 Uncommon trap: reason=profile_predicate action=maybe_recompile pc=0x00000174a978f108 method=java.util.TreeMap.getEntryUsingComparator(Ljava/lang/Object;)Ljava/util/TreeMap$Entry; @ 19 c2
Event: 301.769 Thread 0x00000174b9f63800 DEOPT PACKING pc=0x00000174a978f108 sp=0x0000002f446f4cf0
Event: 301.769 Thread 0x00000174b9f63800 DEOPT UNPACKING pc=0x00000174a194a1af sp=0x0000002f446f4c10 mode 2
Event: 301.808 Thread 0x00000174b9f63800 Uncommon trap: trap_request=0xffffffc6 fr.pc=0x00000174a973e51c relative=0x00000000000000dc
Event: 301.808 Thread 0x00000174b9f63800 Uncommon trap: reason=bimorphic_or_optimized_type_check action=maybe_recompile pc=0x00000174a973e51c method=com.google.common.collect.AbstractIndexedListIterator.next()Ljava/lang/Object; @ 27 c2
Event: 301.808 Thread 0x00000174b9f63800 DEOPT PACKING pc=0x00000174a973e51c sp=0x0000002f446f4d10
Event: 301.808 Thread 0x00000174b9f63800 DEOPT UNPACKING pc=0x00000174a194a1af sp=0x0000002f446f4ca8 mode 2
Event: 302.136 Thread 0x00000174b9f63800 Uncommon trap: trap_request=0xffffffc6 fr.pc=0x00000174a973e51c relative=0x00000000000000dc
Event: 302.136 Thread 0x00000174b9f63800 Uncommon trap: reason=bimorphic_or_optimized_type_check action=maybe_recompile pc=0x00000174a973e51c method=com.google.common.collect.AbstractIndexedListIterator.next()Ljava/lang/Object; @ 27 c2
Event: 302.136 Thread 0x00000174b9f63800 DEOPT PACKING pc=0x00000174a973e51c sp=0x0000002f446f8190
Event: 302.136 Thread 0x00000174b9f63800 DEOPT UNPACKING pc=0x00000174a194a1af sp=0x0000002f446f8128 mode 2

Classes redefined (0 events):
No events

Internal exceptions (20 events):
Event: 246.951 Thread 0x00000174b9f63800 Exception <a 'java/lang/ClassNotFoundException'{0x0000000085be4688}: org/gradle/internal/metaobject/ConfigureDelegateCustomizer> (0x0000000085be4688) thrown at [./src/hotspot/share/classfile/systemDictionary.cpp, line 230]
Event: 246.980 Thread 0x00000174b9f63800 Exception <a 'java/lang/ClassNotFoundException'{0x0000000085a5cac0}: org/gradle/api/internal/initialization/DefaultScriptHandlerBeanInfo> (0x0000000085a5cac0) thrown at [./src/hotspot/share/classfile/systemDictionary.cpp, line 230]
Event: 246.988 Thread 0x00000174b9f63800 Exception <a 'java/lang/ClassNotFoundException'{0x0000000085a8b4d8}: org/gradle/api/internal/initialization/DefaultScriptHandlerCustomizer> (0x0000000085a8b4d8) thrown at [./src/hotspot/share/classfile/systemDictionary.cpp, line 230]
Event: 247.133 Thread 0x00000174b9f63800 Exception <a 'java/lang/ClassNotFoundException'{0x00000000856df760}: org/gradle/api/internal/artifacts/dsl/DefaultRepositoryHandler_DecoratedBeanInfo> (0x00000000856df760) thrown at [./src/hotspot/share/classfile/systemDictionary.cpp, line 230]
Event: 247.137 Thread 0x00000174b9f63800 Exception <a 'java/lang/ClassNotFoundException'{0x0000000085520b88}: org/gradle/api/internal/artifacts/dsl/DefaultRepositoryHandlerBeanInfo> (0x0000000085520b88) thrown at [./src/hotspot/share/classfile/systemDictionary.cpp, line 230]
Event: 247.141 Thread 0x00000174b9f63800 Exception <a 'java/lang/ClassNotFoundException'{0x0000000085564f70}: org/gradle/api/internal/artifacts/DefaultArtifactRepositoryContainerBeanInfo> (0x0000000085564f70) thrown at [./src/hotspot/share/classfile/systemDictionary.cpp, line 230]
Event: 247.145 Thread 0x00000174b9f63800 Exception <a 'java/lang/ClassNotFoundException'{0x00000000855949a8}: org/gradle/api/internal/DefaultNamedDomainObjectListBeanInfo> (0x00000000855949a8) thrown at [./src/hotspot/share/classfile/systemDictionary.cpp, line 230]
Event: 247.154 Thread 0x00000174b9f63800 Exception <a 'java/lang/ClassNotFoundException'{0x00000000855c56f0}: org/gradle/api/internal/DefaultNamedDomainObjectCollectionBeanInfo> (0x00000000855c56f0) thrown at [./src/hotspot/share/classfile/systemDictionary.cpp, line 230]
Event: 247.166 Thread 0x00000174b9f63800 Exception <a 'java/lang/ClassNotFoundException'{0x00000000855f5290}: org/gradle/api/internal/DefaultDomainObjectCollectionBeanInfo> (0x00000000855f5290) thrown at [./src/hotspot/share/classfile/systemDictionary.cpp, line 230]
Event: 247.175 Thread 0x00000174b9f63800 Exception <a 'java/lang/ClassNotFoundException'{0x0000000085425968}: org/gradle/api/internal/DefaultDomainObjectCollectionCustomizer> (0x0000000085425968) thrown at [./src/hotspot/share/classfile/systemDictionary.cpp, line 230]
Event: 247.180 Thread 0x00000174b9f63800 Exception <a 'java/lang/ClassNotFoundException'{0x0000000085473ac0}: org/gradle/api/internal/DefaultNamedDomainObjectCollectionCustomizer> (0x0000000085473ac0) thrown at [./src/hotspot/share/classfile/systemDictionary.cpp, line 230]
Event: 247.198 Thread 0x00000174b9f63800 Exception <a 'java/lang/ClassNotFoundException'{0x00000000854c8f98}: org/gradle/api/internal/DefaultNamedDomainObjectListCustomizer> (0x00000000854c8f98) thrown at [./src/hotspot/share/classfile/systemDictionary.cpp, line 230]
Event: 247.237 Thread 0x00000174b9f63800 Exception <a 'java/lang/ClassNotFoundException'{0x0000000085326630}: org/gradle/api/internal/artifacts/DefaultArtifactRepositoryContainerCustomizer> (0x0000000085326630) thrown at [./src/hotspot/share/classfile/systemDictionary.cpp, line 230]
Event: 247.246 Thread 0x00000174b9f63800 Exception <a 'java/lang/ClassNotFoundException'{0x0000000085378668}: org/gradle/api/internal/artifacts/dsl/DefaultRepositoryHandlerCustomizer> (0x0000000085378668) thrown at [./src/hotspot/share/classfile/systemDictionary.cpp, line 230]
Event: 247.278 Thread 0x00000174b9f63800 Exception <a 'java/lang/ClassNotFoundException'{0x00000000853ddcd8}: org/gradle/api/internal/artifacts/dsl/DefaultRepositoryHandler_DecoratedCustomizer> (0x00000000853ddcd8) thrown at [./src/hotspot/share/classfile/systemDictionary.cpp, line 230]
Event: 247.411 Thread 0x00000174b9f63800 Exception <a 'java/lang/ClassNotFoundException'{0x00000000852bab20}: org/gradle/api/internal/artifacts/dsl/dependencies/DefaultDependencyHandler_DecoratedBeanInfo> (0x00000000852bab20) thrown at [./src/hotspot/share/classfile/systemDictionary.cpp, line 230]
Event: 247.415 Thread 0x00000174b9f63800 Exception <a 'java/lang/ClassNotFoundException'{0x0000000085101258}: org/gradle/api/internal/artifacts/dsl/dependencies/DefaultDependencyHandlerBeanInfo> (0x0000000085101258) thrown at [./src/hotspot/share/classfile/systemDictionary.cpp, line 230]
Event: 247.420 Thread 0x00000174b9f63800 Exception <a 'java/lang/ClassNotFoundException'{0x0000000085147660}: org/gradle/api/internal/artifacts/dsl/dependencies/DefaultDependencyHandlerCustomizer> (0x0000000085147660) thrown at [./src/hotspot/share/classfile/systemDictionary.cpp, line 230]
Event: 247.445 Thread 0x00000174b9f63800 Exception <a 'java/lang/ClassNotFoundException'{0x00000000851b8970}: org/gradle/api/internal/artifacts/dsl/dependencies/DefaultDependencyHandler_DecoratedCustomizer> (0x00000000851b8970) thrown at [./src/hotspot/share/classfile/systemDictionary.cpp, line 230]
Event: 248.229 Thread 0x00000174b9f63800 Exception <a 'java/lang/NoSuchMethodError'{0x0000000084a33ab0}: 'java.lang.Object java.lang.invoke.Invokers$Holder.linkToTargetMethod(java.lang.Object, int, java.lang.Object)'> (0x0000000084a33ab0) thrown at [./src/hotspot/share/interpreter/linkResolver.cpp, line 773]

Events (20 events):
Event: 302.136 loading class java/util/TreeMap$DescendingSubMap
Event: 302.510 loading class java/util/TreeMap$NavigableSubMap
Event: 302.604 loading class java/util/TreeMap$NavigableSubMap done
Event: 302.604 loading class java/util/TreeMap$DescendingSubMap done
Event: 302.605 loading class java/util/TreeMap$NavigableSubMap$DescendingSubMapKeyIterator
Event: 302.609 loading class java/util/TreeMap$NavigableSubMap$SubMapIterator
Event: 302.610 loading class java/util/TreeMap$NavigableSubMap$SubMapIterator done
Event: 302.610 loading class java/util/TreeMap$NavigableSubMap$DescendingSubMapKeyIterator done
Event: 302.631 loading class org/gradle/api/internal/tasks/properties/bean/AbstractNestedRuntimeBeanNode$BeanPropertyValue$1$1
Event: 302.631 loading class org/gradle/api/internal/tasks/properties/bean/AbstractNestedRuntimeBeanNode$BeanPropertyValue$1$1 done
Event: 302.645 loading class org/gradle/api/internal/tasks/properties/bean/NestedRuntimeBeanNode$ImplementationPropertyValue
Event: 302.645 loading class org/gradle/api/internal/tasks/properties/bean/NestedRuntimeBeanNode$ImplementationPropertyValue done
Event: 303.837 Executing VM operation: RevokeBias
Event: 303.848 Executing VM operation: RevokeBias done
Event: 303.848 Executing VM operation: RevokeBias
Event: 303.849 Executing VM operation: RevokeBias done
Event: 303.849 Executing VM operation: RevokeBias
Event: 303.850 Executing VM operation: RevokeBias done
Event: 303.880 Executing VM operation: RevokeBias
Event: 303.881 Executing VM operation: RevokeBias done


Dynamic libraries:
0x00007ff6ba050000 - 0x00007ff6ba05d000 	C:\Program Files\Microsoft\jdk-11.0.18.10-hotspot\bin\java.exe
0x00007ffdf6b50000 - 0x00007ffdf6d64000 	C:\WINDOWS\SYSTEM32\ntdll.dll
0x00007ffdf4b00000 - 0x00007ffdf4bc2000 	C:\WINDOWS\System32\KERNEL32.DLL
0x00007ffdf41a0000 - 0x00007ffdf453c000 	C:\WINDOWS\System32\KERNELBASE.dll
0x00007ffdf4540000 - 0x00007ffdf4651000 	C:\WINDOWS\System32\ucrtbase.dll
0x00007ffdada40000 - 0x00007ffdada55000 	C:\Program Files\Microsoft\jdk-11.0.18.10-hotspot\bin\VCRUNTIME140.dll
0x00007ffdcc940000 - 0x00007ffdcc957000 	C:\Program Files\Microsoft\jdk-11.0.18.10-hotspot\bin\jli.dll
0x00007ffdf4bd0000 - 0x00007ffdf4d7b000 	C:\WINDOWS\System32\USER32.dll
0x00007ffdf4660000 - 0x00007ffdf4686000 	C:\WINDOWS\System32\win32u.dll
0x00007ffdf5b40000 - 0x00007ffdf5b69000 	C:\WINDOWS\System32\GDI32.dll
0x00007ffdf4840000 - 0x00007ffdf4953000 	C:\WINDOWS\System32\gdi32full.dll
0x00007ffdf4100000 - 0x00007ffdf419a000 	C:\WINDOWS\System32\msvcp_win.dll
0x00007ffddb5f0000 - 0x00007ffddb87e000 	C:\WINDOWS\WinSxS\amd64_microsoft.windows.common-controls_6595b64144ccf1df_6.0.22621.608_none_a9444ca7c10bb01d\COMCTL32.dll
0x00007ffdf5a90000 - 0x00007ffdf5b37000 	C:\WINDOWS\System32\msvcrt.dll
0x00007ffdf5d00000 - 0x00007ffdf5d31000 	C:\WINDOWS\System32\IMM32.DLL
0x00007ffd7b760000 - 0x00007ffd7b7fb000 	C:\Program Files\Microsoft\jdk-11.0.18.10-hotspot\bin\msvcp140.dll
0x00007ffdd30d0000 - 0x00007ffdd3c62000 	C:\Program Files\Microsoft\jdk-11.0.18.10-hotspot\bin\server\jvm.dll
0x00007ffdf4960000 - 0x00007ffdf4a0e000 	C:\WINDOWS\System32\ADVAPI32.dll
0x00007ffdf4f20000 - 0x00007ffdf4fc4000 	C:\WINDOWS\System32\sechost.dll
0x00007ffdf5da0000 - 0x00007ffdf5eb7000 	C:\WINDOWS\System32\RPCRT4.dll
0x00007ffdf4ae0000 - 0x00007ffdf4ae8000 	C:\WINDOWS\System32\PSAPI.DLL
0x00007ffdd7a50000 - 0x00007ffdd7a59000 	C:\WINDOWS\SYSTEM32\WSOCK32.dll
0x00007ffdf4a60000 - 0x00007ffdf4ad1000 	C:\WINDOWS\System32\WS2_32.dll
0x00007ffdec7e0000 - 0x00007ffdec814000 	C:\WINDOWS\SYSTEM32\WINMM.dll
0x00007ffdeb830000 - 0x00007ffdeb83a000 	C:\WINDOWS\SYSTEM32\VERSION.dll
0x00007ffdf3090000 - 0x00007ffdf30a8000 	C:\WINDOWS\SYSTEM32\kernel.appcore.dll
0x00007ffdd2460000 - 0x00007ffdd2470000 	C:\Program Files\Microsoft\jdk-11.0.18.10-hotspot\bin\verify.dll
0x00007ffde99c0000 - 0x00007ffde9bee000 	C:\WINDOWS\SYSTEM32\DBGHELP.DLL
0x00007ffdf6670000 - 0x00007ffdf69f9000 	C:\WINDOWS\System32\combase.dll
0x00007ffdf5b70000 - 0x00007ffdf5c47000 	C:\WINDOWS\System32\OLEAUT32.dll
0x00007ffde2440000 - 0x00007ffde2472000 	C:\WINDOWS\SYSTEM32\dbgcore.DLL
0x00007ffdf4750000 - 0x00007ffdf47cb000 	C:\WINDOWS\System32\bcryptPrimitives.dll
0x00007ffdd2020000 - 0x00007ffdd2048000 	C:\Program Files\Microsoft\jdk-11.0.18.10-hotspot\bin\java.dll
0x00007ffdd1f70000 - 0x00007ffdd1f7a000 	C:\Program Files\Microsoft\jdk-11.0.18.10-hotspot\bin\jimage.dll
0x00007ffdd1800000 - 0x00007ffdd1818000 	C:\Program Files\Microsoft\jdk-11.0.18.10-hotspot\bin\zip.dll
0x00007ffdf51a0000 - 0x00007ffdf5990000 	C:\WINDOWS\System32\SHELL32.dll
0x00007ffdf1f50000 - 0x00007ffdf281d000 	C:\WINDOWS\SYSTEM32\windows.storage.dll
0x00007ffdf1e10000 - 0x00007ffdf1f4e000 	C:\WINDOWS\SYSTEM32\wintypes.dll
0x00007ffdf5990000 - 0x00007ffdf5a81000 	C:\WINDOWS\System32\SHCORE.dll
0x00007ffdf5d40000 - 0x00007ffdf5d9e000 	C:\WINDOWS\System32\shlwapi.dll
0x00007ffdf3ec0000 - 0x00007ffdf3ee1000 	C:\WINDOWS\SYSTEM32\profapi.dll
0x00007ffdc6d00000 - 0x00007ffdc6d19000 	C:\Program Files\Microsoft\jdk-11.0.18.10-hotspot\bin\net.dll
0x00007ffdecb20000 - 0x00007ffdecc57000 	C:\WINDOWS\SYSTEM32\WINHTTP.dll
0x00007ffdf3520000 - 0x00007ffdf3589000 	C:\WINDOWS\system32\mswsock.dll
0x00007ffdc54c0000 - 0x00007ffdc54d3000 	C:\Program Files\Microsoft\jdk-11.0.18.10-hotspot\bin\nio.dll
0x00007ffdada10000 - 0x00007ffdada37000 	C:\Users\OMM ANIMESH\.gradle\native\e1d6ef7f7dcc3fd88c89a11ec53ec762bb8ba0a96d01ffa2cd45eb1d1d8dd5c5\windows-amd64\native-platform.dll
0x00007ffd74a80000 - 0x00007ffd74bc4000 	C:\Users\OMM ANIMESH\.gradle\native\0d407fdbe67a94daf76414ababcb853783967236a71b16ec16e742cd7a986fd3\windows-amd64\native-platform-file-events.dll
0x00007ffddb5e0000 - 0x00007ffddb5e9000 	C:\Program Files\Microsoft\jdk-11.0.18.10-hotspot\bin\management.dll
0x00007ffddb5d0000 - 0x00007ffddb5db000 	C:\Program Files\Microsoft\jdk-11.0.18.10-hotspot\bin\management_ext.dll
0x00007ffdf37a0000 - 0x00007ffdf37bb000 	C:\WINDOWS\SYSTEM32\CRYPTSP.dll
0x00007ffdf3000000 - 0x00007ffdf3035000 	C:\WINDOWS\system32\rsaenh.dll
0x00007ffdf3640000 - 0x00007ffdf3668000 	C:\WINDOWS\SYSTEM32\USERENV.dll
0x00007ffdf3960000 - 0x00007ffdf3988000 	C:\WINDOWS\SYSTEM32\bcrypt.dll
0x00007ffdf37c0000 - 0x00007ffdf37cc000 	C:\WINDOWS\SYSTEM32\CRYPTBASE.dll
0x00007ffdf2a70000 - 0x00007ffdf2a9d000 	C:\WINDOWS\SYSTEM32\IPHLPAPI.DLL
0x00007ffdf5190000 - 0x00007ffdf5199000 	C:\WINDOWS\System32\NSI.dll
0x00007ffdec740000 - 0x00007ffdec759000 	C:\WINDOWS\SYSTEM32\dhcpcsvc6.DLL
0x00007ffdec720000 - 0x00007ffdec73f000 	C:\WINDOWS\SYSTEM32\dhcpcsvc.DLL
0x00007ffdf2ae0000 - 0x00007ffdf2bd3000 	C:\WINDOWS\SYSTEM32\DNSAPI.dll

dbghelp: loaded successfully - version: 4.0.5 - missing functions: none
symbol engine: initialized successfully - sym options: 0x614 - pdb path: .;C:\Program Files\Microsoft\jdk-11.0.18.10-hotspot\bin;C:\WINDOWS\SYSTEM32;C:\WINDOWS\WinSxS\amd64_microsoft.windows.common-controls_6595b64144ccf1df_6.0.22621.608_none_a9444ca7c10bb01d;C:\Program Files\Microsoft\jdk-11.0.18.10-hotspot\bin\server;C:\Users\OMM ANIMESH\.gradle\native\e1d6ef7f7dcc3fd88c89a11ec53ec762bb8ba0a96d01ffa2cd45eb1d1d8dd5c5\windows-amd64;C:\Users\OMM ANIMESH\.gradle\native\0d407fdbe67a94daf76414ababcb853783967236a71b16ec16e742cd7a986fd3\windows-amd64

VM Arguments:
jvm_args: -XX:MaxMetaspaceSize=512m --add-opens=java.base/java.util=ALL-UNNAMED --add-opens=java.base/java.lang=ALL-UNNAMED --add-opens=java.base/java.lang.invoke=ALL-UNNAMED --add-opens=java.base/java.util=ALL-UNNAMED --add-opens=java.prefs/java.util.prefs=ALL-UNNAMED --add-opens=java.prefs/java.util.prefs=ALL-UNNAMED --add-opens=java.base/java.nio.charset=ALL-UNNAMED --add-opens=java.base/java.net=ALL-UNNAMED --add-opens=java.base/java.util.concurrent.atomic=ALL-UNNAMED -Xmx2048m -Dfile.encoding=windows-1252 -Duser.country=IN -Duser.language=en -Duser.variant 
java_command: org.gradle.launcher.daemon.bootstrap.GradleDaemon 7.5.1
java_class_path (initial): C:\Users\OMM ANIMESH\.gradle\wrapper\dists\gradle-7.5.1-all\1ehga6e77gqps5uk2kc5kf1vc\gradle-7.5.1\lib\gradle-launcher-7.5.1.jar
Launcher Type: SUN_STANDARD

[Global flags]
     intx CICompilerCount                          = 4                                         {product} {ergonomic}
   size_t CompressedClassSpaceSize                 = 528482304                                 {product} {ergonomic}
     uint ConcGCThreads                            = 2                                         {product} {ergonomic}
     uint G1ConcRefinementThreads                  = 8                                         {product} {ergonomic}
   size_t G1HeapRegionSize                         = 1048576                                   {product} {ergonomic}
    uintx GCDrainStackTargetSize                   = 64                                        {product} {ergonomic}
   size_t InitialHeapSize                          = 132120576                                 {product} {ergonomic}
   size_t MarkStackSize                            = 4194304                                   {product} {ergonomic}
   size_t MaxHeapSize                              = 2147483648                                {product} {command line}
   size_t MaxMetaspaceSize                         = 536870912                                 {product} {command line}
   size_t MaxNewSize                               = 1287651328                                {product} {ergonomic}
   size_t MinHeapDeltaBytes                        = 1048576                                   {product} {ergonomic}
    uintx NonNMethodCodeHeapSize                   = 5836300                                {pd product} {ergonomic}
    uintx NonProfiledCodeHeapSize                  = 122910970                              {pd product} {ergonomic}
    uintx ProfiledCodeHeapSize                     = 122910970                              {pd product} {ergonomic}
    uintx ReservedCodeCacheSize                    = 251658240                              {pd product} {ergonomic}
     bool SegmentedCodeCache                       = true                                      {product} {ergonomic}
     bool UseCompressedClassPointers               = true                                 {lp64_product} {ergonomic}
     bool UseCompressedOops                        = true                                 {lp64_product} {ergonomic}
     bool UseG1GC                                  = true                                      {product} {ergonomic}
     bool UseLargePagesIndividualAllocation        = false                                  {pd product} {ergonomic}

Logging:
Log output configuration:
 #0: stdout all=warning uptime,level,tags
 #1: stderr all=off uptime,level,tags

Environment Variables:
JAVA_HOME=C:\Program Files\Microsoft\jdk-11.0.18.10-hotspot\
CLASSPATH=D:\NewBhoomiRent\android\\gradle\wrapper\gradle-wrapper.jar
PATH=D:\NewBhoomiRent\android\node_modules\.bin;D:\NewBhoomiRent\node_modules\.bin;D:\node_modules\.bin;C:\Program Files\nodejs;D:\NewBhoomiRent\node_modules\.bin;D:\NewBhoomiRent\node_modules\.bin;D:\node_modules\.bin;C:\Program Files\nodejs\node_modules\npm\node_modules\@npmcli\run-script\lib\node-gyp-bin;D:\NewBhoomiRent\node_modules\.bin;D:\node_modules\.bin;C:\Program Files\nodejs;D:\NewBhoomiRent\node_modules\react-native\scripts\node_modules\.bin;D:\NewBhoomiRent\node_modules\react-native\node_modules\.bin;D:\NewBhoomiRent\node_modules\node_modules\.bin;D:\NewBhoomiRent\node_modules\.bin;D:\node_modules\.bin;C:\Program Files\nodejs;D:\NewBhoomiRent\node_modules\.bin;D:\node_modules\.bin;C:\Program Files\nodejs\node_modules\npm\node_modules\@npmcli\run-script\lib\node-gyp-bin;C:\Program Files\Microsoft\jdk-11.0.18.10-hotspot\bin;C:\Program Files\Eclipse Adoptium\jdk-8.0.362.9-hotspot\bin;C:\Program Files\Common Files\Oracle\Java\javapath;C:\Program Files\Python311\Scripts\;C:\Program Files\Python311\;C:\Program Files (x86)\Common Files\Oracle\Java\javapath;C:\Program Files\Eclipse Adoptium\jre-8.0.352.8-hotspot\bin;C:\Windows\system32;C:\Windows;C:\Windows\System32\Wbem;C:\Windows\System32\WindowsPowerShell\v1.0\;C:\Windows\System32\OpenSSH\;C:\Program Files (x86)\NVIDIA Corporation\PhysX\Common;C:\Program Files\NVIDIA Corporation\NVIDIA NvDLISR;C:\Program Files\Git\cmd;C:\Program Files\dotnet\;C:\Users\OMM ANIMESH\AppData\Roaming\nvm;C:\Program Files\nodejs;C:\Program Files\Go\bin;C:\WINDOWS\system32;C:\WINDOWS;C:\WINDOWS\System32\Wbem;C:\WINDOWS\System32\WindowsPowerShell\v1.0\;C:\WINDOWS\System32\OpenSSH\;C:\Program Files\CMake\bin;C:\Program Files\nodejs\;C:\ProgramData\chocolatey\bin;C:\Program Files\MySQL\MySQL Shell 8.0\bin\;C:\Users\OMM ANIMESH\AppData\Local\Microsoft\WindowsApps;C:\MinGW\bin;C:\Users\OMM ANIMESH\AppData\Local\Programs\Microsoft VS Code\bin;C:\Users\OMM ANIMESH\AppData\Local\GitHubDesktop\bin;C:\Program Files\MongoDB\Server\5.0\bin;C:\Pro
USERNAME=OMM ANIMESH
OS=Windows_NT
PROCESSOR_IDENTIFIER=Intel64 Family 6 Model 142 Stepping 12, GenuineIntel
TMP=C:\Users\OMMANI~1\AppData\Local\Temp
TEMP=C:\Users\OMMANI~1\AppData\Local\Temp



---------------  S Y S T E M  ---------------

OS: Windows 11 , 64 bit Build 22621 (10.0.22621.1485)
OS uptime: 1 days 6:10 hours
Hyper-V role detected

CPU:total 8 (initial active 8) (4 cores per cpu, 2 threads per core) family 6 model 142 stepping 12 microcode 0xec, cmov, cx8, fxsr, mmx, sse, sse2, sse3, ssse3, sse4.1, sse4.2, popcnt, avx, avx2, aes, clmul, erms, 3dnowpref, lzcnt, ht, tsc, tscinvbit, bmi1, bmi2, adx, fma

Memory: 4k page, system-wide physical 8025M (3M free)
TotalPageFile size 26325M (AvailPageFile size 0M)
current process WorkingSet (physical memory assigned to process): 15M, peak: 232M
current process commit charge ("private bytes"): 342M, peak: 353M

vm_info: OpenJDK 64-Bit Server VM (11.0.18+10-LTS) for windows-amd64 JRE (11.0.18+10-LTS), built on Jan 18 2023 15:56:47 by "MicrosoftCorporation" with MS VC++ 15.9 (VS2017)

END.
