#
# There is insufficient memory for the Java Runtime Environment to continue.
# Native memory allocation (malloc) failed to allocate 1994896 bytes for Chunk::new
# Possible reasons:
#   The system is out of physical RAM or swap space
#   The process is running with CompressedOops enabled, and the Java Heap may be blocking the growth of the native heap
# Possible solutions:
#   Reduce memory load on the system
#   Increase physical memory or swap space
#   Check if swap backing store is full
#   Decrease Java heap size (-Xmx/-Xms)
#   Decrease number of Java threads
#   Decrease Java thread stack sizes (-Xss)
#   Set larger code cache with -XX:ReservedCodeCacheSize=
#   JVM is running with Unscaled Compressed Oops mode in which the Java heap is
#     placed in the first 4GB address space. The Java Heap base address is the
#     maximum limit for the native heap growth. Please use -XX:HeapBaseMinAddress
#     to set the Java Heap base and to place the Java Heap above 4GB virtual address.
# This output file may be truncated or incomplete.
#
#  Out of Memory Error (./src/hotspot/share/memory/arena.cpp:197), pid=25788, tid=28732
#
# JRE version: OpenJDK Runtime Environment Microsoft-7208460 (11.0.18+10) (build 11.0.18+10-LTS)
# Java VM: OpenJDK 64-Bit Server VM Microsoft-7208460 (11.0.18+10-LTS, mixed mode, tiered, compressed oops, g1 gc, windows-amd64)
# No core dump will be written. Minidumps are not enabled by default on client versions of Windows
#

---------------  S U M M A R Y ------------

Command Line: -XX:MaxMetaspaceSize=512m --add-opens=java.base/java.util=ALL-UNNAMED --add-opens=java.base/java.lang=ALL-UNNAMED --add-opens=java.base/java.lang.invoke=ALL-UNNAMED --add-opens=java.base/java.util=ALL-UNNAMED --add-opens=java.prefs/java.util.prefs=ALL-UNNAMED --add-opens=java.prefs/java.util.prefs=ALL-UNNAMED --add-opens=java.base/java.nio.charset=ALL-UNNAMED --add-opens=java.base/java.net=ALL-UNNAMED --add-opens=java.base/java.util.concurrent.atomic=ALL-UNNAMED -Xmx2048m -Dfile.encoding=windows-1252 -Duser.country=IN -Duser.language=en -Duser.variant org.gradle.launcher.daemon.bootstrap.GradleDaemon 7.5.1

Host: Intel(R) Core(TM) i5-10210U CPU @ 1.60GHz, 8 cores, 7G,  Windows 11 , 64 bit Build 22621 (10.0.22621.1485)
Time: Sun Apr 23 22:51:34 2023 India Standard Time elapsed time: 307.273469 seconds (0d 0h 5m 7s)

---------------  T H R E A D  ---------------

Current thread (0x000002137f69e000):  JavaThread "C2 CompilerThread0" daemon [_thread_in_native, id=28732, stack(0x0000006e1a700000,0x0000006e1a800000)]


Current CompileTask:
C2: 307274 8979   !   4       com.google.common.reflect.TypeVisitor::visit (244 bytes)

Stack: [0x0000006e1a700000,0x0000006e1a800000]
Native frames: (J=compiled Java code, j=interpreted, Vv=VM code, C=native code)
V  [jvm.dll+0x62bf8a]
V  [jvm.dll+0x7b8fb9]
V  [jvm.dll+0x7ba6a8]
V  [jvm.dll+0x7bad83]
V  [jvm.dll+0x250248]
V  [jvm.dll+0xc260c]
V  [jvm.dll+0xc2bcc]
V  [jvm.dll+0x35e182]
V  [jvm.dll+0x32a373]
V  [jvm.dll+0x3296aa]
V  [jvm.dll+0x2093b3]
V  [jvm.dll+0x20850d]
V  [jvm.dll+0x18a4b1]
V  [jvm.dll+0x217eec]
V  [jvm.dll+0x21612b]
V  [jvm.dll+0x77bac0]
V  [jvm.dll+0x7749f4]
V  [jvm.dll+0x62adf5]
C  [ucrtbase.dll+0x29363]
C  [KERNEL32.DLL+0x1269d]
C  [ntdll.dll+0x5a9f8]


---------------  P R O C E S S  ---------------

Threads class SMR info:
_java_thread_list=0x000002131ff93d40, length=134, elements={
0x0000021379c94000, 0x000002137f676000, 0x000002137f678000, 0x000002137f697000,
0x000002137f69a000, 0x000002137f69b000, 0x000002137f69e000, 0x000002137f6a0000,
0x000002137f6a2000, 0x000002131b835800, 0x000002131cea3800, 0x000002131cd16800,
0x000002131c829000, 0x000002131da54800, 0x000002131c67d000, 0x000002131c76d000,
0x000002131c519000, 0x000002131c353000, 0x000002131c698800, 0x000002131c699800,
0x000002131c583800, 0x000002131c582000, 0x000002131c584800, 0x000002131c57f800,
0x000002131c586000, 0x000002131c581000, 0x000002131c585000, 0x000002131c582800,
0x000002131c580000, 0x000002131c0e0000, 0x000002131c0e1000, 0x000002131c0e2000,
0x000002131c0e2800, 0x000002131c0e3800, 0x000002131c0e4800, 0x000002131c0df800,
0x000002131c0eb800, 0x000002131c0e7000, 0x000002131c0e8800, 0x000002131c0e9000,
0x000002131c0e7800, 0x000002131c0ee000, 0x000002131c0eb000, 0x000002131c0ea000,
0x000002131c0ed800, 0x000002131d76a800, 0x000002131d76f800, 0x000002131d76b800,
0x000002131d76a000, 0x000002131d76c800, 0x000002131d76e800, 0x000002131d76d000,
0x000002131d76e000, 0x000002131d770800, 0x000002131d776000, 0x000002131d771000,
0x000002131d777000, 0x000002131d777800, 0x000002131d774800, 0x000002131d775000,
0x000002131d773800, 0x000002131d772000, 0x000002131d778800, 0x000002131d773000,
0x000002131fc9f000, 0x000002131fca2800, 0x000002131fca0800, 0x000002131fca3000,
0x000002131fca4000, 0x000002131fc9e000, 0x000002131fca0000, 0x000002131fca5000,
0x000002131fca5800, 0x000002131fca6800, 0x000002131fca7000, 0x000002131fca1800,
0x000002131fca9000, 0x000002131fcad000, 0x000002131fca8000, 0x000002131fcaa800,
0x000002131fcab800, 0x000002131fcac000, 0x000002131fbf7000, 0x000002131fbfb000,
0x000002131fbf8000, 0x000002131fbf8800, 0x000002131fbf9800, 0x000002131fbfa800,
0x000002131fbfc000, 0x000002131fbf6800, 0x000002131fbfd800, 0x000002131fbfd000,
0x000002131fc01800, 0x000002131fc02800, 0x000002131fc00000, 0x000002131fc01000,
0x000002131fc04000, 0x000002131fc03800, 0x000002131fbfe800, 0x000002131fc05000,
0x000002131fbff800, 0x000002131ff74000, 0x000002131ff71000, 0x000002131ff71800,
0x000002131ff73800, 0x000002131ff75000, 0x000002131ff6f800, 0x000002131ff76000,
0x000002131ff70000, 0x000002131ff76800, 0x000002131ff77800, 0x000002131ff78800,
0x000002131ff72800, 0x000002131ff7b800, 0x000002131ff79000, 0x000002131ff7a800,
0x000002131ff7a000, 0x000002131ff7c800, 0x000002131ff7d000, 0x000002131ff7e000,
0x00000213222d5800, 0x00000213222d8000, 0x00000213222d6800, 0x00000213222d2800,
0x00000213222d4000, 0x00000213222d9000, 0x00000213222d7000, 0x00000213222d3000,
0x00000213222d9800, 0x00000213222da800, 0x00000213222d4800, 0x00000213222df800,
0x00000213222e0000, 0x00000213222dd800
}

Java Threads: ( => current thread )
  0x0000021379c94000 JavaThread "main" [_thread_blocked, id=25984, stack(0x0000006e19b00000,0x0000006e19c00000)]
  0x000002137f676000 JavaThread "Reference Handler" daemon [_thread_blocked, id=13632, stack(0x0000006e1a200000,0x0000006e1a300000)]
  0x000002137f678000 JavaThread "Finalizer" daemon [_thread_blocked, id=27116, stack(0x0000006e1a300000,0x0000006e1a400000)]
  0x000002137f697000 JavaThread "Signal Dispatcher" daemon [_thread_blocked, id=29032, stack(0x0000006e1a400000,0x0000006e1a500000)]
  0x000002137f69a000 JavaThread "Attach Listener" daemon [_thread_blocked, id=17572, stack(0x0000006e1a500000,0x0000006e1a600000)]
  0x000002137f69b000 JavaThread "Service Thread" daemon [_thread_blocked, id=20344, stack(0x0000006e1a600000,0x0000006e1a700000)]
=>0x000002137f69e000 JavaThread "C2 CompilerThread0" daemon [_thread_in_native, id=28732, stack(0x0000006e1a700000,0x0000006e1a800000)]
  0x000002137f6a0000 JavaThread "C1 CompilerThread0" daemon [_thread_blocked, id=24828, stack(0x0000006e1a800000,0x0000006e1a900000)]
  0x000002137f6a2000 JavaThread "Sweeper thread" daemon [_thread_blocked, id=32944, stack(0x0000006e1a900000,0x0000006e1aa00000)]
  0x000002131b835800 JavaThread "Common-Cleaner" daemon [_thread_blocked, id=28016, stack(0x0000006e1aa00000,0x0000006e1ab00000)]
  0x000002131cea3800 JavaThread "Daemon health stats" [_thread_blocked, id=34436, stack(0x0000006e1ae00000,0x0000006e1af00000)]
  0x000002131cd16800 JavaThread "Incoming local TCP Connector on port 51500" [_thread_in_native, id=16312, stack(0x0000006e1af00000,0x0000006e1b000000)]
  0x000002131c829000 JavaThread "Daemon periodic checks" [_thread_blocked, id=28252, stack(0x0000006e1b000000,0x0000006e1b100000)]
  0x000002131da54800 JavaThread "Daemon" [_thread_blocked, id=24640, stack(0x0000006e1b100000,0x0000006e1b200000)]
  0x000002131c67d000 JavaThread "Handler for socket connection from /127.0.0.1:51500 to /127.0.0.1:51502" [_thread_in_native, id=32856, stack(0x0000006e1b200000,0x0000006e1b300000)]
  0x000002131c76d000 JavaThread "Cancel handler" [_thread_blocked, id=26108, stack(0x0000006e19800000,0x0000006e19900000)]
  0x000002131c519000 JavaThread "Daemon worker" [_thread_in_vm, id=31104, stack(0x0000006e19a00000,0x0000006e19b00000)]
  0x000002131c353000 JavaThread "Asynchronous log dispatcher for DefaultDaemonConnection: socket connection from /127.0.0.1:51500 to /127.0.0.1:51502" [_thread_blocked, id=32004, stack(0x0000006e1b300000,0x0000006e1b400000)]
  0x000002131c698800 JavaThread "Stdin handler" [_thread_blocked, id=28424, stack(0x0000006e1b400000,0x0000006e1b500000)]
  0x000002131c699800 JavaThread "Daemon client event forwarder" [_thread_in_Java, id=22220, stack(0x0000006e1b500000,0x0000006e1b600000)]
  0x000002131c583800 JavaThread "Cache worker for journal cache (C:\Users\OMM ANIMESH\.gradle\caches\journal-1)" [_thread_blocked, id=13040, stack(0x0000006e1bd00000,0x0000006e1be00000)]
  0x000002131c582000 JavaThread "File lock request listener" [_thread_in_native, id=30060, stack(0x0000006e1be00000,0x0000006e1bf00000)]
  0x000002131c584800 JavaThread "File lock release action executor" [_thread_blocked, id=16944, stack(0x0000006e1bf00000,0x0000006e1c000000)]
  0x000002131c57f800 JavaThread "Cache worker for file hash cache (C:\Users\OMM ANIMESH\.gradle\caches\7.5.1\fileHashes)" [_thread_blocked, id=29184, stack(0x0000006e1c000000,0x0000006e1c100000)]
  0x000002131c586000 JavaThread "File watcher server" daemon [_thread_in_native, id=25068, stack(0x0000006e1c200000,0x0000006e1c300000)]
  0x000002131c581000 JavaThread "File watcher consumer" daemon [_thread_blocked, id=23228, stack(0x0000006e1c300000,0x0000006e1c400000)]
  0x000002131c585000 JavaThread "Cache worker for checksums cache (D:\NewBhoomiRent\android\.gradle\7.5.1\checksums)" [_thread_blocked, id=21436, stack(0x0000006e1c400000,0x0000006e1c500000)]
  0x000002131c582800 JavaThread "Cache worker for cache directory md-rule (C:\Users\OMM ANIMESH\.gradle\caches\7.5.1\md-rule)" [_thread_blocked, id=19132, stack(0x0000006e1c500000,0x0000006e1c600000)]
  0x000002131c580000 JavaThread "Cache worker for file content cache (C:\Users\OMM ANIMESH\.gradle\caches\7.5.1\fileContent)" [_thread_blocked, id=26680, stack(0x0000006e1c600000,0x0000006e1c700000)]
  0x000002131c0e0000 JavaThread "Cache worker for file hash cache (D:\NewBhoomiRent\android\.gradle\7.5.1\fileHashes)" [_thread_blocked, id=24496, stack(0x0000006e1c700000,0x0000006e1c800000)]
  0x000002131c0e1000 JavaThread "Cache worker for cache directory md-supplier (C:\Users\OMM ANIMESH\.gradle\caches\7.5.1\md-supplier)" [_thread_blocked, id=17612, stack(0x0000006e1c800000,0x0000006e1c900000)]
  0x000002131c0e2000 JavaThread "Cache worker for execution history cache (C:\Users\OMM ANIMESH\.gradle\caches\7.5.1\executionHistory)" [_thread_blocked, id=24208, stack(0x0000006e1c900000,0x0000006e1ca00000)]
  0x000002131c0e2800 JavaThread "jar transforms" [_thread_blocked, id=2852, stack(0x0000006e1ca00000,0x0000006e1cb00000)]
  0x000002131c0e3800 JavaThread "jar transforms Thread 2" [_thread_blocked, id=23508, stack(0x0000006e1cb00000,0x0000006e1cc00000)]
  0x000002131c0e4800 JavaThread "jar transforms Thread 3" [_thread_blocked, id=29280, stack(0x0000006e1cc00000,0x0000006e1cd00000)]
  0x000002131c0df800 JavaThread "jar transforms Thread 4" [_thread_blocked, id=29240, stack(0x0000006e1cd00000,0x0000006e1ce00000)]
  0x000002131c0eb800 JavaThread "Cache worker for kotlin-dsl (C:\Users\OMM ANIMESH\.gradle\caches\7.5.1\kotlin-dsl)" [_thread_blocked, id=33112, stack(0x0000006e19900000,0x0000006e19a00000)]
  0x000002131c0e7000 JavaThread "jar transforms Thread 5" [_thread_blocked, id=6084, stack(0x0000006e1b600000,0x0000006e1b700000)]
  0x000002131c0e8800 JavaThread "jar transforms Thread 6" [_thread_blocked, id=25720, stack(0x0000006e1cf00000,0x0000006e1d000000)]
  0x000002131c0e9000 JavaThread "Cache worker for dependencies-accessors (D:\NewBhoomiRent\android\.gradle\7.5.1\dependencies-accessors)" [_thread_blocked, id=27476, stack(0x0000006e1d000000,0x0000006e1d100000)]
  0x000002131c0e7800 JavaThread "Cache worker for Build Output Cleanup Cache (D:\NewBhoomiRent\node_modules\react-native-gradle-plugin\.gradle\buildOutputCleanup)" [_thread_blocked, id=24052, stack(0x0000006e1d100000,0x0000006e1d200000)]
  0x000002131c0ee000 JavaThread "jar transforms Thread 7" [_thread_blocked, id=27812, stack(0x0000006e1d200000,0x0000006e1d300000)]
  0x000002131c0eb000 JavaThread "Unconstrained build operations" [_thread_blocked, id=30376, stack(0x0000006e1d300000,0x0000006e1d400000)]
  0x000002131c0ea000 JavaThread "Unconstrained build operations Thread 2" [_thread_blocked, id=28148, stack(0x0000006e1d400000,0x0000006e1d500000)]
  0x000002131c0ed800 JavaThread "Unconstrained build operations Thread 3" [_thread_blocked, id=33188, stack(0x0000006e1d500000,0x0000006e1d600000)]
  0x000002131d76a800 JavaThread "Unconstrained build operations Thread 4" [_thread_blocked, id=13032, stack(0x0000006e1d600000,0x0000006e1d700000)]
  0x000002131d76f800 JavaThread "Unconstrained build operations Thread 5" [_thread_blocked, id=24520, stack(0x0000006e1d700000,0x0000006e1d800000)]
  0x000002131d76b800 JavaThread "Unconstrained build operations Thread 6" [_thread_blocked, id=13476, stack(0x0000006e1d800000,0x0000006e1d900000)]
  0x000002131d76a000 JavaThread "Unconstrained build operations Thread 7" [_thread_blocked, id=33400, stack(0x0000006e1d900000,0x0000006e1da00000)]
  0x000002131d76c800 JavaThread "Unconstrained build operations Thread 8" [_thread_blocked, id=16428, stack(0x0000006e1da00000,0x0000006e1db00000)]
  0x000002131d76e800 JavaThread "Unconstrained build operations Thread 9" [_thread_blocked, id=18284, stack(0x0000006e1db00000,0x0000006e1dc00000)]
  0x000002131d76d000 JavaThread "Unconstrained build operations Thread 10" [_thread_blocked, id=9636, stack(0x0000006e1dc00000,0x0000006e1dd00000)]
  0x000002131d76e000 JavaThread "Unconstrained build operations Thread 11" [_thread_blocked, id=32404, stack(0x0000006e1dd00000,0x0000006e1de00000)]
  0x000002131d770800 JavaThread "Unconstrained build operations Thread 12" [_thread_blocked, id=31320, stack(0x0000006e1de00000,0x0000006e1df00000)]
  0x000002131d776000 JavaThread "Unconstrained build operations Thread 13" [_thread_blocked, id=10804, stack(0x0000006e1df00000,0x0000006e1e000000)]
  0x000002131d771000 JavaThread "Unconstrained build operations Thread 14" [_thread_blocked, id=16356, stack(0x0000006e1e000000,0x0000006e1e100000)]
  0x000002131d777000 JavaThread "Unconstrained build operations Thread 15" [_thread_blocked, id=9072, stack(0x0000006e1e100000,0x0000006e1e200000)]
  0x000002131d777800 JavaThread "Unconstrained build operations Thread 16" [_thread_blocked, id=14880, stack(0x0000006e1e200000,0x0000006e1e300000)]
  0x000002131d774800 JavaThread "Unconstrained build operations Thread 17" [_thread_blocked, id=23092, stack(0x0000006e1e300000,0x0000006e1e400000)]
  0x000002131d775000 JavaThread "Unconstrained build operations Thread 18" [_thread_blocked, id=33176, stack(0x0000006e1e400000,0x0000006e1e500000)]
  0x000002131d773800 JavaThread "Unconstrained build operations Thread 19" [_thread_blocked, id=29996, stack(0x0000006e1e500000,0x0000006e1e600000)]
  0x000002131d772000 JavaThread "Unconstrained build operations Thread 20" [_thread_blocked, id=33116, stack(0x0000006e1e600000,0x0000006e1e700000)]
  0x000002131d778800 JavaThread "Unconstrained build operations Thread 21" [_thread_blocked, id=26632, stack(0x0000006e1e700000,0x0000006e1e800000)]
  0x000002131d773000 JavaThread "Unconstrained build operations Thread 22" [_thread_blocked, id=6136, stack(0x0000006e1e800000,0x0000006e1e900000)]
  0x000002131fc9f000 JavaThread "Unconstrained build operations Thread 23" [_thread_blocked, id=30980, stack(0x0000006e1e900000,0x0000006e1ea00000)]
  0x000002131fca2800 JavaThread "Unconstrained build operations Thread 24" [_thread_blocked, id=28996, stack(0x0000006e1ea00000,0x0000006e1eb00000)]
  0x000002131fca0800 JavaThread "Unconstrained build operations Thread 25" [_thread_blocked, id=10592, stack(0x0000006e1eb00000,0x0000006e1ec00000)]
  0x000002131fca3000 JavaThread "Unconstrained build operations Thread 26" [_thread_blocked, id=26836, stack(0x0000006e1ec00000,0x0000006e1ed00000)]
  0x000002131fca4000 JavaThread "Unconstrained build operations Thread 27" [_thread_blocked, id=18736, stack(0x0000006e1ed00000,0x0000006e1ee00000)]
  0x000002131fc9e000 JavaThread "Unconstrained build operations Thread 28" [_thread_blocked, id=13964, stack(0x0000006e1ee00000,0x0000006e1ef00000)]
  0x000002131fca0000 JavaThread "Unconstrained build operations Thread 29" [_thread_blocked, id=3228, stack(0x0000006e1ef00000,0x0000006e1f000000)]
  0x000002131fca5000 JavaThread "Unconstrained build operations Thread 30" [_thread_blocked, id=26932, stack(0x0000006e1f000000,0x0000006e1f100000)]
  0x000002131fca5800 JavaThread "Unconstrained build operations Thread 31" [_thread_blocked, id=25472, stack(0x0000006e1f100000,0x0000006e1f200000)]
  0x000002131fca6800 JavaThread "Unconstrained build operations Thread 32" [_thread_blocked, id=30692, stack(0x0000006e1f200000,0x0000006e1f300000)]
  0x000002131fca7000 JavaThread "Unconstrained build operations Thread 33" [_thread_blocked, id=27596, stack(0x0000006e1f300000,0x0000006e1f400000)]
  0x000002131fca1800 JavaThread "jar transforms Thread 8" [_thread_blocked, id=17192, stack(0x0000006e1f400000,0x0000006e1f500000)]
  0x000002131fca9000 JavaThread "build event listener" [_thread_blocked, id=31604, stack(0x0000006e1f500000,0x0000006e1f600000)]
  0x000002131fcad000 JavaThread "Memory manager" [_thread_blocked, id=30480, stack(0x0000006e1f600000,0x0000006e1f700000)]
  0x000002131fca8000 JavaThread "Cache worker for Build Output Cleanup Cache (D:\NewBhoomiRent\android\.gradle\buildOutputCleanup)" [_thread_blocked, id=14144, stack(0x0000006e1b700000,0x0000006e1b800000)]
  0x000002131fcaa800 JavaThread "Execution worker" [_thread_blocked, id=22156, stack(0x0000006e1f800000,0x0000006e1f900000)]
  0x000002131fcab800 JavaThread "Execution worker Thread 2" [_thread_blocked, id=25652, stack(0x0000006e1f900000,0x0000006e1fa00000)]
  0x000002131fcac000 JavaThread "Execution worker Thread 3" [_thread_blocked, id=348, stack(0x0000006e1fa00000,0x0000006e1fb00000)]
  0x000002131fbf7000 JavaThread "Execution worker Thread 4" [_thread_blocked, id=34908, stack(0x0000006e1fb00000,0x0000006e1fc00000)]
  0x000002131fbfb000 JavaThread "Execution worker Thread 5" [_thread_blocked, id=26140, stack(0x0000006e1fc00000,0x0000006e1fd00000)]
  0x000002131fbf8000 JavaThread "Execution worker Thread 6" [_thread_blocked, id=34984, stack(0x0000006e1fd00000,0x0000006e1fe00000)]
  0x000002131fbf8800 JavaThread "Execution worker Thread 7" [_thread_blocked, id=19448, stack(0x0000006e1fe00000,0x0000006e1ff00000)]
  0x000002131fbf9800 JavaThread "Cache worker for execution history cache (D:\NewBhoomiRent\node_modules\react-native-gradle-plugin\.gradle\7.5.1\executionHistory)" [_thread_blocked, id=15052, stack(0x0000006e1ff00000,0x0000006e20000000)]
  0x000002131fbfa800 JavaThread "Unconstrained build operations Thread 34" [_thread_blocked, id=16940, stack(0x0000006e20000000,0x0000006e20100000)]
  0x000002131fbfc000 JavaThread "Unconstrained build operations Thread 35" [_thread_blocked, id=32728, stack(0x0000006e20100000,0x0000006e20200000)]
  0x000002131fbf6800 JavaThread "Unconstrained build operations Thread 36" [_thread_blocked, id=32260, stack(0x0000006e20200000,0x0000006e20300000)]
  0x000002131fbfd800 JavaThread "Unconstrained build operations Thread 37" [_thread_blocked, id=35092, stack(0x0000006e20300000,0x0000006e20400000)]
  0x000002131fbfd000 JavaThread "Unconstrained build operations Thread 38" [_thread_blocked, id=35368, stack(0x0000006e20400000,0x0000006e20500000)]
  0x000002131fc01800 JavaThread "Unconstrained build operations Thread 39" [_thread_blocked, id=35372, stack(0x0000006e20500000,0x0000006e20600000)]
  0x000002131fc02800 JavaThread "Unconstrained build operations Thread 40" [_thread_blocked, id=35360, stack(0x0000006e20600000,0x0000006e20700000)]
  0x000002131fc00000 JavaThread "Unconstrained build operations Thread 41" [_thread_blocked, id=17312, stack(0x0000006e20700000,0x0000006e20800000)]
  0x000002131fc01000 JavaThread "Unconstrained build operations Thread 42" [_thread_blocked, id=35364, stack(0x0000006e20800000,0x0000006e20900000)]
  0x000002131fc04000 JavaThread "Unconstrained build operations Thread 43" [_thread_blocked, id=35340, stack(0x0000006e20900000,0x0000006e20a00000)]
  0x000002131fc03800 JavaThread "Unconstrained build operations Thread 44" [_thread_blocked, id=12204, stack(0x0000006e20a00000,0x0000006e20b00000)]
  0x000002131fbfe800 JavaThread "Unconstrained build operations Thread 45" [_thread_blocked, id=32864, stack(0x0000006e20b00000,0x0000006e20c00000)]
  0x000002131fc05000 JavaThread "Unconstrained build operations Thread 46" [_thread_blocked, id=14748, stack(0x0000006e20c00000,0x0000006e20d00000)]
  0x000002131fbff800 JavaThread "Unconstrained build operations Thread 47" [_thread_blocked, id=30152, stack(0x0000006e20d00000,0x0000006e20e00000)]
  0x000002131ff74000 JavaThread "Unconstrained build operations Thread 48" [_thread_blocked, id=26972, stack(0x0000006e20e00000,0x0000006e20f00000)]
  0x000002131ff71000 JavaThread "Unconstrained build operations Thread 49" [_thread_blocked, id=29880, stack(0x0000006e20f00000,0x0000006e21000000)]
  0x000002131ff71800 JavaThread "Unconstrained build operations Thread 50" [_thread_blocked, id=28024, stack(0x0000006e21000000,0x0000006e21100000)]
  0x000002131ff73800 JavaThread "Unconstrained build operations Thread 51" [_thread_blocked, id=35456, stack(0x0000006e21100000,0x0000006e21200000)]
  0x000002131ff75000 JavaThread "Unconstrained build operations Thread 52" [_thread_blocked, id=35452, stack(0x0000006e21200000,0x0000006e21300000)]
  0x000002131ff6f800 JavaThread "Unconstrained build operations Thread 53" [_thread_blocked, id=35436, stack(0x0000006e21300000,0x0000006e21400000)]
  0x000002131ff76000 JavaThread "Unconstrained build operations Thread 54" [_thread_blocked, id=35484, stack(0x0000006e21400000,0x0000006e21500000)]
  0x000002131ff70000 JavaThread "Unconstrained build operations Thread 55" [_thread_blocked, id=32592, stack(0x0000006e21500000,0x0000006e21600000)]
  0x000002131ff76800 JavaThread "Unconstrained build operations Thread 56" [_thread_blocked, id=21048, stack(0x0000006e21600000,0x0000006e21700000)]
  0x000002131ff77800 JavaThread "Unconstrained build operations Thread 57" [_thread_blocked, id=31636, stack(0x0000006e21700000,0x0000006e21800000)]
  0x000002131ff78800 JavaThread "Unconstrained build operations Thread 58" [_thread_blocked, id=21064, stack(0x0000006e21800000,0x0000006e21900000)]
  0x000002131ff72800 JavaThread "Unconstrained build operations Thread 59" [_thread_blocked, id=29916, stack(0x0000006e21900000,0x0000006e21a00000)]
  0x000002131ff7b800 JavaThread "Unconstrained build operations Thread 60" [_thread_blocked, id=31108, stack(0x0000006e21a00000,0x0000006e21b00000)]
  0x000002131ff79000 JavaThread "Unconstrained build operations Thread 61" [_thread_blocked, id=10124, stack(0x0000006e21b00000,0x0000006e21c00000)]
  0x000002131ff7a800 JavaThread "Unconstrained build operations Thread 62" [_thread_blocked, id=35820, stack(0x0000006e21c00000,0x0000006e21d00000)]
  0x000002131ff7a000 JavaThread "Unconstrained build operations Thread 63" [_thread_blocked, id=24916, stack(0x0000006e21d00000,0x0000006e21e00000)]
  0x000002131ff7c800 JavaThread "Unconstrained build operations Thread 64" [_thread_blocked, id=25840, stack(0x0000006e21e00000,0x0000006e21f00000)]
  0x000002131ff7d000 JavaThread "Unconstrained build operations Thread 65" [_thread_blocked, id=34904, stack(0x0000006e21f00000,0x0000006e22000000)]
  0x000002131ff7e000 JavaThread "Unconstrained build operations Thread 66" [_thread_blocked, id=25656, stack(0x0000006e22000000,0x0000006e22100000)]
  0x00000213222d5800 JavaThread "Unconstrained build operations Thread 67" [_thread_blocked, id=27852, stack(0x0000006e22100000,0x0000006e22200000)]
  0x00000213222d8000 JavaThread "Unconstrained build operations Thread 68" [_thread_blocked, id=15880, stack(0x0000006e22200000,0x0000006e22300000)]
  0x00000213222d6800 JavaThread "Unconstrained build operations Thread 69" [_thread_blocked, id=29092, stack(0x0000006e22300000,0x0000006e22400000)]
  0x00000213222d2800 JavaThread "Unconstrained build operations Thread 70" [_thread_blocked, id=31184, stack(0x0000006e22400000,0x0000006e22500000)]
  0x00000213222d4000 JavaThread "Unconstrained build operations Thread 71" [_thread_blocked, id=29340, stack(0x0000006e22500000,0x0000006e22600000)]
  0x00000213222d9000 JavaThread "Unconstrained build operations Thread 72" [_thread_blocked, id=20540, stack(0x0000006e22600000,0x0000006e22700000)]
  0x00000213222d7000 JavaThread "Unconstrained build operations Thread 73" [_thread_blocked, id=30288, stack(0x0000006e22700000,0x0000006e22800000)]
  0x00000213222d3000 JavaThread "Unconstrained build operations Thread 74" [_thread_blocked, id=32124, stack(0x0000006e22800000,0x0000006e22900000)]
  0x00000213222d9800 JavaThread "Unconstrained build operations Thread 75" [_thread_blocked, id=26280, stack(0x0000006e22900000,0x0000006e22a00000)]
  0x00000213222da800 JavaThread "Unconstrained build operations Thread 76" [_thread_blocked, id=35836, stack(0x0000006e22a00000,0x0000006e22b00000)]
  0x00000213222d4800 JavaThread "Unconstrained build operations Thread 77" [_thread_blocked, id=32740, stack(0x0000006e22b00000,0x0000006e22c00000)]
  0x00000213222df800 JavaThread "Unconstrained build operations Thread 78" [_thread_blocked, id=32240, stack(0x0000006e22c00000,0x0000006e22d00000)]
  0x00000213222e0000 JavaThread "Unconstrained build operations Thread 79" [_thread_blocked, id=12900, stack(0x0000006e22d00000,0x0000006e22e00000)]
  0x00000213222dd800 JavaThread "Unconstrained build operations Thread 80" [_thread_blocked, id=28060, stack(0x0000006e22e00000,0x0000006e22f00000)]

Other Threads:
  0x000002137f66f800 VMThread "VM Thread" [stack: 0x0000006e1a100000,0x0000006e1a200000] [id=30556] _threads_hazard_ptr=0x000002131ff93d40
  0x000002131b856800 WatcherThread [stack: 0x0000006e1ab00000,0x0000006e1ac00000] [id=29572]
  0x0000021379cac800 GCTaskThread "GC Thread#0" [stack: 0x0000006e19c00000,0x0000006e19d00000] [id=25092]
  0x000002131c770800 GCTaskThread "GC Thread#1" [stack: 0x0000006e1ac00000,0x0000006e1ad00000] [id=32964]
  0x000002131c35e800 GCTaskThread "GC Thread#2" [stack: 0x0000006e1ad00000,0x0000006e1ae00000] [id=30136]
  0x000002131c67a000 GCTaskThread "GC Thread#3" [stack: 0x0000006e1b800000,0x0000006e1b900000] [id=26892]
  0x000002131da12800 GCTaskThread "GC Thread#4" [stack: 0x0000006e1b900000,0x0000006e1ba00000] [id=32496]
  0x000002131c67e000 GCTaskThread "GC Thread#5" [stack: 0x0000006e1ba00000,0x0000006e1bb00000] [id=19288]
  0x000002131c51c800 GCTaskThread "GC Thread#6" [stack: 0x0000006e1bb00000,0x0000006e1bc00000] [id=27300]
  0x000002131cd15800 GCTaskThread "GC Thread#7" [stack: 0x0000006e1bc00000,0x0000006e1bd00000] [id=31240]
  0x0000021379cdd800 ConcurrentGCThread "G1 Main Marker" [stack: 0x0000006e19d00000,0x0000006e19e00000] [id=30792]
  0x0000021379cde800 ConcurrentGCThread "G1 Conc#0" [stack: 0x0000006e19e00000,0x0000006e19f00000] [id=16704]
  0x000002131c6e0800 ConcurrentGCThread "G1 Conc#1" [stack: 0x0000006e1c100000,0x0000006e1c200000] [id=22316]
  0x0000021379d5e800 ConcurrentGCThread "G1 Refine#0" [stack: 0x0000006e19f00000,0x0000006e1a000000] [id=31972]
  0x000002137f4e2800 ConcurrentGCThread "G1 Young RemSet Sampling" [stack: 0x0000006e1a000000,0x0000006e1a100000] [id=29040]

Threads with active compile tasks:
C2 CompilerThread0   308413 8979   !   4       com.google.common.reflect.TypeVisitor::visit (244 bytes)

VM state:synchronizing (normal execution)

VM Mutex/Monitor currently owned by a thread:  ([mutex/lock_event])
[0x0000021379c903d0] Safepoint_lock - owner thread: 0x000002137f66f800
[0x0000021379c8ec30] Threads_lock - owner thread: 0x000002137f66f800
[0x0000021379c92470] Compile_lock - owner thread: 0x000002131c519000

Heap address: 0x0000000080000000, size: 2048 MB, Compressed Oops mode: 32-bit
Narrow klass base: 0x0000000000000000, Narrow klass shift: 3
Compressed class space size: 528482304 Address: 0x0000000100000000

Heap:
 garbage-first heap   total 129024K, used 76650K [0x0000000080000000, 0x0000000100000000)
  region size 1024K, 17 young (17408K), 3 survivors (3072K)
 Metaspace       used 78214K, capacity 80501K, committed 80636K, reserved 585728K
  class space    used 10057K, capacity 10981K, committed 11084K, reserved 516096K
Heap Regions: E=young(eden), S=young(survivor), O=old, HS=humongous(starts), HC=humongous(continues), CS=collection set, F=free, A=archive, TAMS=top-at-mark-start (previous, next)
|   0|0x0000000080000000, 0x0000000080100000, 0x0000000080100000|100%| O|  |TAMS 0x0000000080100000, 0x0000000080000000| Untracked 
|   1|0x0000000080100000, 0x0000000080200000, 0x0000000080200000|100%| O|  |TAMS 0x0000000080200000, 0x0000000080100000| Untracked 
|   2|0x0000000080200000, 0x0000000080300000, 0x0000000080300000|100%| O|  |TAMS 0x0000000080300000, 0x0000000080200000| Untracked 
|   3|0x0000000080300000, 0x0000000080400000, 0x0000000080400000|100%|HS|  |TAMS 0x0000000080400000, 0x0000000080300000| Complete 
|   4|0x0000000080400000, 0x0000000080500000, 0x0000000080500000|100%|HC|  |TAMS 0x0000000080500000, 0x0000000080400000| Complete 
|   5|0x0000000080500000, 0x0000000080600000, 0x0000000080600000|100%|HC|  |TAMS 0x0000000080600000, 0x0000000080500000| Complete 
|   6|0x0000000080600000, 0x0000000080700000, 0x0000000080700000|100%| O|  |TAMS 0x0000000080700000, 0x0000000080600000| Untracked 
|   7|0x0000000080700000, 0x0000000080800000, 0x0000000080800000|100%| O|  |TAMS 0x0000000080800000, 0x0000000080700000| Untracked 
|   8|0x0000000080800000, 0x0000000080900000, 0x0000000080900000|100%| O|  |TAMS 0x0000000080900000, 0x0000000080800000| Untracked 
|   9|0x0000000080900000, 0x0000000080a00000, 0x0000000080a00000|100%| O|  |TAMS 0x0000000080a00000, 0x0000000080900000| Untracked 
|  10|0x0000000080a00000, 0x0000000080b00000, 0x0000000080b00000|100%| O|  |TAMS 0x0000000080b00000, 0x0000000080a00000| Untracked 
|  11|0x0000000080b00000, 0x0000000080c00000, 0x0000000080c00000|100%| O|  |TAMS 0x0000000080c00000, 0x0000000080b00000| Untracked 
|  12|0x0000000080c00000, 0x0000000080d00000, 0x0000000080d00000|100%| O|  |TAMS 0x0000000080d00000, 0x0000000080c00000| Untracked 
|  13|0x0000000080d00000, 0x0000000080e00000, 0x0000000080e00000|100%| O|  |TAMS 0x0000000080e00000, 0x0000000080d00000| Untracked 
|  14|0x0000000080e00000, 0x0000000080f00000, 0x0000000080f00000|100%| O|  |TAMS 0x0000000080f00000, 0x0000000080e00000| Untracked 
|  15|0x0000000080f00000, 0x0000000081000000, 0x0000000081000000|100%| O|  |TAMS 0x0000000081000000, 0x0000000080f00000| Untracked 
|  16|0x0000000081000000, 0x0000000081100000, 0x0000000081100000|100%| O|  |TAMS 0x0000000081100000, 0x0000000081000000| Untracked 
|  17|0x0000000081100000, 0x0000000081200000, 0x0000000081200000|100%|HS|  |TAMS 0x0000000081200000, 0x0000000081100000| Complete 
|  18|0x0000000081200000, 0x0000000081300000, 0x0000000081300000|100%| O|  |TAMS 0x0000000081300000, 0x0000000081200000| Untracked 
|  19|0x0000000081300000, 0x0000000081400000, 0x0000000081400000|100%| O|  |TAMS 0x0000000081400000, 0x0000000081300000| Untracked 
|  20|0x0000000081400000, 0x0000000081500000, 0x0000000081500000|100%| O|  |TAMS 0x0000000081500000, 0x0000000081400000| Untracked 
|  21|0x0000000081500000, 0x0000000081600000, 0x0000000081600000|100%| O|  |TAMS 0x0000000081600000, 0x0000000081500000| Untracked 
|  22|0x0000000081600000, 0x0000000081700000, 0x0000000081700000|100%| O|  |TAMS 0x0000000081700000, 0x0000000081600000| Untracked 
|  23|0x0000000081700000, 0x0000000081800000, 0x0000000081800000|100%| O|  |TAMS 0x0000000081800000, 0x0000000081700000| Untracked 
|  24|0x0000000081800000, 0x0000000081900000, 0x0000000081900000|100%| O|  |TAMS 0x0000000081900000, 0x0000000081800000| Untracked 
|  25|0x0000000081900000, 0x0000000081a00000, 0x0000000081a00000|100%| O|  |TAMS 0x0000000081a00000, 0x0000000081900000| Untracked 
|  26|0x0000000081a00000, 0x0000000081b00000, 0x0000000081b00000|100%| O|  |TAMS 0x0000000081b00000, 0x0000000081a00000| Untracked 
|  27|0x0000000081b00000, 0x0000000081c00000, 0x0000000081c00000|100%|HS|  |TAMS 0x0000000081c00000, 0x0000000081b00000| Complete 
|  28|0x0000000081c00000, 0x0000000081d00000, 0x0000000081d00000|100%|HC|  |TAMS 0x0000000081d00000, 0x0000000081c00000| Complete 
|  29|0x0000000081d00000, 0x0000000081e00000, 0x0000000081e00000|100%|HC|  |TAMS 0x0000000081e00000, 0x0000000081d00000| Complete 
|  30|0x0000000081e00000, 0x0000000081f00000, 0x0000000081f00000|100%| O|  |TAMS 0x0000000081f00000, 0x0000000081e00000| Untracked 
|  31|0x0000000081f00000, 0x0000000082000000, 0x0000000082000000|100%| O|  |TAMS 0x0000000082000000, 0x0000000081f00000| Untracked 
|  32|0x0000000082000000, 0x0000000082100000, 0x0000000082100000|100%| O|  |TAMS 0x0000000082100000, 0x0000000082000000| Untracked 
|  33|0x0000000082100000, 0x0000000082200000, 0x0000000082200000|100%| O|  |TAMS 0x0000000082200000, 0x0000000082100000| Untracked 
|  34|0x0000000082200000, 0x0000000082300000, 0x0000000082300000|100%| O|  |TAMS 0x0000000082300000, 0x0000000082200000| Untracked 
|  35|0x0000000082300000, 0x0000000082400000, 0x0000000082400000|100%| O|  |TAMS 0x0000000082400000, 0x0000000082300000| Untracked 
|  36|0x0000000082400000, 0x0000000082500000, 0x0000000082500000|100%| O|  |TAMS 0x0000000082500000, 0x0000000082400000| Untracked 
|  37|0x0000000082500000, 0x0000000082600000, 0x0000000082600000|100%| O|  |TAMS 0x0000000082600000, 0x0000000082500000| Untracked 
|  38|0x0000000082600000, 0x0000000082700000, 0x0000000082700000|100%| O|  |TAMS 0x0000000082700000, 0x0000000082600000| Untracked 
|  39|0x0000000082700000, 0x0000000082800000, 0x0000000082800000|100%| O|  |TAMS 0x0000000082800000, 0x0000000082700000| Untracked 
|  40|0x0000000082800000, 0x0000000082900000, 0x0000000082900000|100%| O|  |TAMS 0x0000000082900000, 0x0000000082800000| Untracked 
|  41|0x0000000082900000, 0x0000000082a00000, 0x0000000082a00000|100%| O|  |TAMS 0x0000000082a00000, 0x0000000082900000| Untracked 
|  42|0x0000000082a00000, 0x0000000082b00000, 0x0000000082b00000|100%| O|  |TAMS 0x0000000082b00000, 0x0000000082a00000| Untracked 
|  43|0x0000000082b00000, 0x0000000082c00000, 0x0000000082c00000|100%| O|  |TAMS 0x0000000082c00000, 0x0000000082b00000| Untracked 
|  44|0x0000000082c00000, 0x0000000082d00000, 0x0000000082d00000|100%| O|  |TAMS 0x0000000082d00000, 0x0000000082c00000| Untracked 
|  45|0x0000000082d00000, 0x0000000082e00000, 0x0000000082e00000|100%| O|  |TAMS 0x0000000082e00000, 0x0000000082d00000| Untracked 
|  46|0x0000000082e00000, 0x0000000082f00000, 0x0000000082f00000|100%| O|  |TAMS 0x0000000082f00000, 0x0000000082e00000| Untracked 
|  47|0x0000000082f00000, 0x0000000083000000, 0x0000000083000000|100%| O|  |TAMS 0x0000000083000000, 0x0000000082f00000| Untracked 
|  48|0x0000000083000000, 0x0000000083100000, 0x0000000083100000|100%| O|  |TAMS 0x0000000083100000, 0x0000000083000000| Untracked 
|  49|0x0000000083100000, 0x0000000083200000, 0x0000000083200000|100%| O|  |TAMS 0x0000000083200000, 0x0000000083100000| Untracked 
|  50|0x0000000083200000, 0x0000000083300000, 0x0000000083300000|100%|HS|  |TAMS 0x0000000083300000, 0x0000000083200000| Complete 
|  51|0x0000000083300000, 0x0000000083400000, 0x0000000083400000|100%|HS|  |TAMS 0x0000000083400000, 0x0000000083300000| Complete 
|  52|0x0000000083400000, 0x0000000083500000, 0x0000000083500000|100%| O|  |TAMS 0x0000000083500000, 0x0000000083400000| Untracked 
|  53|0x0000000083500000, 0x0000000083600000, 0x0000000083600000|100%| O|  |TAMS 0x0000000083600000, 0x0000000083500000| Untracked 
|  54|0x0000000083600000, 0x0000000083700000, 0x0000000083700000|100%| O|  |TAMS 0x0000000083700000, 0x0000000083600000| Untracked 
|  55|0x0000000083700000, 0x0000000083800000, 0x0000000083800000|100%| O|  |TAMS 0x0000000083800000, 0x0000000083700000| Untracked 
|  56|0x0000000083800000, 0x0000000083900000, 0x0000000083900000|100%| O|  |TAMS 0x0000000083900000, 0x0000000083800000| Untracked 
|  57|0x0000000083900000, 0x0000000083900000, 0x0000000083a00000|  0%| F|  |TAMS 0x0000000083900000, 0x0000000083900000| Untracked 
|  58|0x0000000083a00000, 0x0000000083a85200, 0x0000000083b00000| 52%| O|  |TAMS 0x0000000083a85200, 0x0000000083a00000| Untracked 
|  59|0x0000000083b00000, 0x0000000083c00000, 0x0000000083c00000|100%|HS|  |TAMS 0x0000000083b00000, 0x0000000083b00000| Complete 
|  60|0x0000000083c00000, 0x0000000083d00000, 0x0000000083d00000|100%|HC|  |TAMS 0x0000000083c00000, 0x0000000083c00000| Complete 
|  61|0x0000000083d00000, 0x0000000083d00000, 0x0000000083e00000|  0%| F|  |TAMS 0x0000000083d00000, 0x0000000083d00000| Untracked 
|  62|0x0000000083e00000, 0x0000000083e00000, 0x0000000083f00000|  0%| F|  |TAMS 0x0000000083e00000, 0x0000000083e00000| Untracked 
|  63|0x0000000083f00000, 0x0000000083f00000, 0x0000000084000000|  0%| F|  |TAMS 0x0000000083f00000, 0x0000000083f00000| Untracked 
|  64|0x0000000084000000, 0x0000000084000000, 0x0000000084100000|  0%| F|  |TAMS 0x0000000084000000, 0x0000000084000000| Untracked 
|  65|0x0000000084100000, 0x0000000084100000, 0x0000000084200000|  0%| F|  |TAMS 0x0000000084100000, 0x0000000084100000| Untracked 
|  66|0x0000000084200000, 0x0000000084200000, 0x0000000084300000|  0%| F|  |TAMS 0x0000000084200000, 0x0000000084200000| Untracked 
|  67|0x0000000084300000, 0x0000000084300000, 0x0000000084400000|  0%| F|  |TAMS 0x0000000084300000, 0x0000000084300000| Untracked 
|  68|0x0000000084400000, 0x0000000084400000, 0x0000000084500000|  0%| F|  |TAMS 0x0000000084400000, 0x0000000084400000| Untracked 
|  69|0x0000000084500000, 0x0000000084500000, 0x0000000084600000|  0%| F|  |TAMS 0x0000000084500000, 0x0000000084500000| Untracked 
|  70|0x0000000084600000, 0x0000000084600000, 0x0000000084700000|  0%| F|  |TAMS 0x0000000084600000, 0x0000000084600000| Untracked 
|  71|0x0000000084700000, 0x0000000084700000, 0x0000000084800000|  0%| F|  |TAMS 0x0000000084700000, 0x0000000084700000| Untracked 
|  72|0x0000000084800000, 0x0000000084800000, 0x0000000084900000|  0%| F|  |TAMS 0x0000000084800000, 0x0000000084800000| Untracked 
|  73|0x0000000084900000, 0x0000000084900000, 0x0000000084a00000|  0%| F|  |TAMS 0x0000000084900000, 0x0000000084900000| Untracked 
|  74|0x0000000084a00000, 0x0000000084a00000, 0x0000000084b00000|  0%| F|  |TAMS 0x0000000084a00000, 0x0000000084a00000| Untracked 
|  75|0x0000000084b00000, 0x0000000084b00000, 0x0000000084c00000|  0%| F|  |TAMS 0x0000000084b00000, 0x0000000084b00000| Untracked 
|  76|0x0000000084c00000, 0x0000000084c00000, 0x0000000084d00000|  0%| F|  |TAMS 0x0000000084c00000, 0x0000000084c00000| Untracked 
|  77|0x0000000084d00000, 0x0000000084d00000, 0x0000000084e00000|  0%| F|  |TAMS 0x0000000084d00000, 0x0000000084d00000| Untracked 
|  78|0x0000000084e00000, 0x0000000084e00000, 0x0000000084f00000|  0%| F|  |TAMS 0x0000000084e00000, 0x0000000084e00000| Untracked 
|  79|0x0000000084f00000, 0x0000000084f00000, 0x0000000085000000|  0%| F|  |TAMS 0x0000000084f00000, 0x0000000084f00000| Untracked 
|  80|0x0000000085000000, 0x0000000085000000, 0x0000000085100000|  0%| F|  |TAMS 0x0000000085000000, 0x0000000085000000| Untracked 
|  81|0x0000000085100000, 0x0000000085100000, 0x0000000085200000|  0%| F|  |TAMS 0x0000000085100000, 0x0000000085100000| Untracked 
|  82|0x0000000085200000, 0x0000000085200000, 0x0000000085300000|  0%| F|  |TAMS 0x0000000085200000, 0x0000000085200000| Untracked 
|  83|0x0000000085300000, 0x0000000085300000, 0x0000000085400000|  0%| F|  |TAMS 0x0000000085300000, 0x0000000085300000| Untracked 
|  84|0x0000000085400000, 0x0000000085400000, 0x0000000085500000|  0%| F|  |TAMS 0x0000000085400000, 0x0000000085400000| Untracked 
|  85|0x0000000085500000, 0x0000000085500000, 0x0000000085600000|  0%| F|  |TAMS 0x0000000085500000, 0x0000000085500000| Untracked 
|  86|0x0000000085600000, 0x0000000085600000, 0x0000000085700000|  0%| F|  |TAMS 0x0000000085600000, 0x0000000085600000| Untracked 
|  87|0x0000000085700000, 0x0000000085700000, 0x0000000085800000|  0%| F|  |TAMS 0x0000000085700000, 0x0000000085700000| Untracked 
|  88|0x0000000085800000, 0x0000000085800000, 0x0000000085900000|  0%| F|  |TAMS 0x0000000085800000, 0x0000000085800000| Untracked 
|  89|0x0000000085900000, 0x0000000085900000, 0x0000000085a00000|  0%| F|  |TAMS 0x0000000085900000, 0x0000000085900000| Untracked 
|  90|0x0000000085a00000, 0x0000000085a00000, 0x0000000085b00000|  0%| F|  |TAMS 0x0000000085a00000, 0x0000000085a00000| Untracked 
|  91|0x0000000085b00000, 0x0000000085b00000, 0x0000000085c00000|  0%| F|  |TAMS 0x0000000085b00000, 0x0000000085b00000| Untracked 
|  92|0x0000000085c00000, 0x0000000085c00000, 0x0000000085d00000|  0%| F|  |TAMS 0x0000000085c00000, 0x0000000085c00000| Untracked 
|  93|0x0000000085d00000, 0x0000000085d00000, 0x0000000085e00000|  0%| F|  |TAMS 0x0000000085d00000, 0x0000000085d00000| Untracked 
|  94|0x0000000085e00000, 0x0000000085e00000, 0x0000000085f00000|  0%| F|  |TAMS 0x0000000085e00000, 0x0000000085e00000| Untracked 
|  95|0x0000000085f00000, 0x0000000085f00000, 0x0000000086000000|  0%| F|  |TAMS 0x0000000085f00000, 0x0000000085f00000| Untracked 
|  96|0x0000000086000000, 0x0000000086000000, 0x0000000086100000|  0%| F|  |TAMS 0x0000000086000000, 0x0000000086000000| Untracked 
|  97|0x0000000086100000, 0x0000000086100000, 0x0000000086200000|  0%| F|  |TAMS 0x0000000086100000, 0x0000000086100000| Untracked 
|  98|0x0000000086200000, 0x0000000086200000, 0x0000000086300000|  0%| F|  |TAMS 0x0000000086200000, 0x0000000086200000| Untracked 
|  99|0x0000000086300000, 0x0000000086300000, 0x0000000086400000|  0%| F|  |TAMS 0x0000000086300000, 0x0000000086300000| Untracked 
| 100|0x0000000086400000, 0x0000000086400000, 0x0000000086500000|  0%| F|  |TAMS 0x0000000086400000, 0x0000000086400000| Untracked 
| 101|0x0000000086500000, 0x0000000086500000, 0x0000000086600000|  0%| F|  |TAMS 0x0000000086500000, 0x0000000086500000| Untracked 
| 102|0x0000000086600000, 0x0000000086600000, 0x0000000086700000|  0%| F|  |TAMS 0x0000000086600000, 0x0000000086600000| Untracked 
| 103|0x0000000086700000, 0x0000000086700000, 0x0000000086800000|  0%| F|  |TAMS 0x0000000086700000, 0x0000000086700000| Untracked 
| 104|0x0000000086800000, 0x0000000086800000, 0x0000000086900000|  0%| F|  |TAMS 0x0000000086800000, 0x0000000086800000| Untracked 
| 105|0x0000000086900000, 0x0000000086900000, 0x0000000086a00000|  0%| F|  |TAMS 0x0000000086900000, 0x0000000086900000| Untracked 
| 106|0x0000000086a00000, 0x0000000086a557c8, 0x0000000086b00000| 33%| S|CS|TAMS 0x0000000086a00000, 0x0000000086a00000| Complete 
| 107|0x0000000086b00000, 0x0000000086c00000, 0x0000000086c00000|100%| S|CS|TAMS 0x0000000086b00000, 0x0000000086b00000| Complete 
| 108|0x0000000086c00000, 0x0000000086d00000, 0x0000000086d00000|100%| S|CS|TAMS 0x0000000086c00000, 0x0000000086c00000| Complete 
| 109|0x0000000086d00000, 0x0000000086d00000, 0x0000000086e00000|  0%| F|  |TAMS 0x0000000086d00000, 0x0000000086d00000| Untracked 
| 110|0x0000000086e00000, 0x0000000086e00000, 0x0000000086f00000|  0%| F|  |TAMS 0x0000000086e00000, 0x0000000086e00000| Untracked 
| 111|0x0000000086f00000, 0x0000000086f00000, 0x0000000087000000|  0%| F|  |TAMS 0x0000000086f00000, 0x0000000086f00000| Untracked 
| 112|0x0000000087000000, 0x0000000087100000, 0x0000000087100000|100%| E|  |TAMS 0x0000000087000000, 0x0000000087000000| Complete 
| 113|0x0000000087100000, 0x0000000087200000, 0x0000000087200000|100%| E|CS|TAMS 0x0000000087100000, 0x0000000087100000| Complete 
| 114|0x0000000087200000, 0x0000000087300000, 0x0000000087300000|100%| E|CS|TAMS 0x0000000087200000, 0x0000000087200000| Complete 
| 115|0x0000000087300000, 0x0000000087400000, 0x0000000087400000|100%| E|CS|TAMS 0x0000000087300000, 0x0000000087300000| Complete 
| 116|0x0000000087400000, 0x0000000087500000, 0x0000000087500000|100%| E|CS|TAMS 0x0000000087400000, 0x0000000087400000| Complete 
| 117|0x0000000087500000, 0x0000000087600000, 0x0000000087600000|100%| E|CS|TAMS 0x0000000087500000, 0x0000000087500000| Complete 
| 118|0x0000000087600000, 0x0000000087700000, 0x0000000087700000|100%| E|CS|TAMS 0x0000000087600000, 0x0000000087600000| Complete 
| 119|0x0000000087700000, 0x0000000087800000, 0x0000000087800000|100%| E|CS|TAMS 0x0000000087700000, 0x0000000087700000| Complete 
| 120|0x0000000087800000, 0x0000000087900000, 0x0000000087900000|100%| E|CS|TAMS 0x0000000087800000, 0x0000000087800000| Complete 
| 121|0x0000000087900000, 0x0000000087a00000, 0x0000000087a00000|100%| E|CS|TAMS 0x0000000087900000, 0x0000000087900000| Complete 
| 122|0x0000000087a00000, 0x0000000087b00000, 0x0000000087b00000|100%| E|CS|TAMS 0x0000000087a00000, 0x0000000087a00000| Complete 
| 123|0x0000000087b00000, 0x0000000087c00000, 0x0000000087c00000|100%| E|CS|TAMS 0x0000000087b00000, 0x0000000087b00000| Complete 
| 124|0x0000000087c00000, 0x0000000087d00000, 0x0000000087d00000|100%| E|CS|TAMS 0x0000000087c00000, 0x0000000087c00000| Complete 
| 125|0x0000000087d00000, 0x0000000087e00000, 0x0000000087e00000|100%| E|CS|TAMS 0x0000000087d00000, 0x0000000087d00000| Complete 

Card table byte_map: [0x000002137c3b0000,0x000002137c7b0000] _byte_map_base: 0x000002137bfb0000

Marking Bits (Prev, Next): (CMBitMap*) 0x0000021379cd4e18, (CMBitMap*) 0x0000021379cd4e50
 Prev Bits: [0x000002137cbb0000, 0x000002137ebb0000)
 Next Bits: [0x00000213176a0000, 0x00000213196a0000)

Polling page: 0x0000021379d60000

Metaspace:

Usage:
  Non-class:     67.89 MB capacity,    66.56 MB ( 98%) used,     1.10 MB (  2%) free+waste,   236.31 KB ( <1%) overhead. 
      Class:     10.72 MB capacity,     9.82 MB ( 92%) used,   811.80 KB (  7%) free+waste,   111.88 KB (  1%) overhead. 
       Both:     78.61 MB capacity,    76.38 MB ( 97%) used,     1.89 MB (  2%) free+waste,   348.19 KB ( <1%) overhead. 

Virtual space:
  Non-class space:       68.00 MB reserved,      67.92 MB (>99%) committed 
      Class space:      504.00 MB reserved,      10.82 MB (  2%) committed 
             Both:      572.00 MB reserved,      78.75 MB ( 14%) committed 

Chunk freelists:
   Non-Class:  32.00 KB
       Class:  27.00 KB
        Both:  59.00 KB

MaxMetaspaceSize: 512.00 MB
CompressedClassSpaceSize: 504.00 MB
Initial GC threshold: 20.80 MB
Current GC threshold: 125.00 MB
CDS: off

CodeHeap 'non-profiled nmethods': size=120000Kb used=5002Kb max_used=5002Kb free=114997Kb
 bounds [0x0000021310170000, 0x0000021310660000, 0x00000213176a0000]
CodeHeap 'profiled nmethods': size=120000Kb used=19237Kb max_used=19237Kb free=100762Kb
 bounds [0x0000021308c40000, 0x0000021309f10000, 0x0000021310170000]
CodeHeap 'non-nmethods': size=5760Kb used=2367Kb max_used=2400Kb free=3392Kb
 bounds [0x00000213086a0000, 0x0000021308910000, 0x0000021308c40000]
 total_blobs=9824 nmethods=8934 adapters=802
 compilation: enabled
              stopped_count=0, restarted_count=0
 full_count=0

Compilation events (20 events):
Event: 305.162 Thread 0x000002137f6a0000 9054       3       com.google.common.reflect.TypeToken::getRawType (18 bytes)
Event: 305.164 Thread 0x000002137f6a0000 nmethod 9054 0x0000021309efa790 code [0x0000021309efaa80, 0x0000021309efbcd8]
Event: 305.165 Thread 0x000002137f6a0000 9055       3       org.gradle.internal.SystemProperties::getInstance (4 bytes)
Event: 305.165 Thread 0x000002137f6a0000 nmethod 9055 0x0000021309efc210 code [0x0000021309efc3c0, 0x0000021309efc4b8]
Event: 305.175 Thread 0x000002137f6a0000 9057       3       org.gradle.api.internal.provider.DefaultProviderFactory::of (27 bytes)
Event: 305.175 Thread 0x000002137f6a0000 nmethod 9057 0x0000021309efc590 code [0x0000021309efc760, 0x0000021309efc9d8]
Event: 305.175 Thread 0x000002137f6a0000 9058   !   3       org.gradle.api.internal.provider.DefaultValueSourceProviderFactory::createProviderOf (67 bytes)
Event: 305.178 Thread 0x000002137f6a0000 nmethod 9058 0x0000021309efcb10 code [0x0000021309efce00, 0x0000021309efe0c8]
Event: 305.178 Thread 0x000002137f6a0000 9059       3       org.gradle.api.internal.provider.DefaultValueSourceProviderFactory::extractParametersTypeOf (10 bytes)
Event: 305.178 Thread 0x000002137f6a0000 nmethod 9059 0x0000021309efe990 code [0x0000021309efeb40, 0x0000021309efec88]
Event: 305.178 Thread 0x000002137f6a0000 9060       3       org.gradle.api.internal.project.DefaultProject::getProjectPath (10 bytes)
Event: 305.178 Thread 0x000002137f6a0000 nmethod 9060 0x0000021309efed90 code [0x0000021309efef40, 0x0000021309eff098]
Event: 306.197 Thread 0x000002137f6a0000 9061       3       org.gradle.api.internal.DefaultMutationGuard::<init> (17 bytes)
Event: 306.198 Thread 0x000002137f6a0000 nmethod 9061 0x0000021309eff190 code [0x0000021309eff380, 0x0000021309eff858]
Event: 306.198 Thread 0x000002137f6a0000 9062       3       org.gradle.api.internal.AbstractMutationGuard::<init> (5 bytes)
Event: 306.199 Thread 0x000002137f6a0000 nmethod 9062 0x0000021309effa90 code [0x0000021309effc40, 0x0000021309effd98]
Event: 306.203 Thread 0x000002137f6a0000 9064  s    2       java.io.BufferedInputStream::read (113 bytes)
Event: 306.204 Thread 0x000002137f6a0000 nmethod 9064 0x0000021309effe90 code [0x0000021309f000a0, 0x0000021309f00718]
Event: 306.380 Thread 0x000002137f6a0000 9065       3       java.util.concurrent.LinkedBlockingDeque::remove (5 bytes)
Event: 306.488 Thread 0x000002137f6a0000 nmethod 9065 0x0000021309f00910 code [0x0000021309f00b40, 0x0000021309f01208]

GC Heap History (20 events):
Event: 236.310 GC heap before
{Heap before GC invocations=16 (full 0):
 garbage-first heap   total 129024K, used 101984K [0x0000000080000000, 0x0000000100000000)
  region size 1024K, 63 young (64512K), 7 survivors (7168K)
 Metaspace       used 68353K, capacity 70511K, committed 70652K, reserved 577536K
  class space    used 8914K, capacity 9757K, committed 9804K, reserved 516096K
}
Event: 236.339 GC heap after
{Heap after GC invocations=17 (full 0):
 garbage-first heap   total 129024K, used 49513K [0x0000000080000000, 0x0000000100000000)
  region size 1024K, 8 young (8192K), 8 survivors (8192K)
 Metaspace       used 68353K, capacity 70511K, committed 70652K, reserved 577536K
  class space    used 8914K, capacity 9757K, committed 9804K, reserved 516096K
}
Event: 264.749 GC heap before
{Heap before GC invocations=17 (full 0):
 garbage-first heap   total 129024K, used 103785K [0x0000000080000000, 0x0000000100000000)
  region size 1024K, 62 young (63488K), 8 survivors (8192K)
 Metaspace       used 71152K, capacity 73332K, committed 73596K, reserved 579584K
  class space    used 9238K, capacity 10094K, committed 10188K, reserved 516096K
}
Event: 265.685 GC heap after
{Heap after GC invocations=18 (full 0):
 garbage-first heap   total 129024K, used 51383K [0x0000000080000000, 0x0000000100000000)
  region size 1024K, 6 young (6144K), 6 survivors (6144K)
 Metaspace       used 71152K, capacity 73332K, committed 73596K, reserved 579584K
  class space    used 9238K, capacity 10094K, committed 10188K, reserved 516096K
}
Event: 266.124 GC heap before
{Heap before GC invocations=18 (full 0):
 garbage-first heap   total 129024K, used 51383K [0x0000000080000000, 0x0000000100000000)
  region size 1024K, 7 young (7168K), 6 survivors (6144K)
 Metaspace       used 71157K, capacity 73332K, committed 73596K, reserved 579584K
  class space    used 9238K, capacity 10094K, committed 10188K, reserved 516096K
}
Event: 267.518 GC heap after
{Heap after GC invocations=19 (full 0):
 garbage-first heap   total 129024K, used 52204K [0x0000000080000000, 0x0000000100000000)
  region size 1024K, 1 young (1024K), 1 survivors (1024K)
 Metaspace       used 71157K, capacity 73332K, committed 73596K, reserved 579584K
  class space    used 9238K, capacity 10094K, committed 10188K, reserved 516096K
}
Event: 276.369 GC heap before
{Heap before GC invocations=19 (full 0):
 garbage-first heap   total 129024K, used 56300K [0x0000000080000000, 0x0000000100000000)
  region size 1024K, 6 young (6144K), 1 survivors (1024K)
 Metaspace       used 71160K, capacity 73332K, committed 73596K, reserved 579584K
  class space    used 9238K, capacity 10094K, committed 10188K, reserved 516096K
}
Event: 276.375 GC heap after
{Heap after GC invocations=20 (full 0):
 garbage-first heap   total 129024K, used 51463K [0x0000000080000000, 0x0000000100000000)
  region size 1024K, 1 young (1024K), 1 survivors (1024K)
 Metaspace       used 71160K, capacity 73332K, committed 73596K, reserved 579584K
  class space    used 9238K, capacity 10094K, committed 10188K, reserved 516096K
}
Event: 280.340 GC heap before
{Heap before GC invocations=20 (full 0):
 garbage-first heap   total 129024K, used 59655K [0x0000000080000000, 0x0000000100000000)
  region size 1024K, 10 young (10240K), 1 survivors (1024K)
 Metaspace       used 71215K, capacity 73339K, committed 73596K, reserved 579584K
  class space    used 9238K, capacity 10094K, committed 10188K, reserved 516096K
}
Event: 280.349 GC heap after
{Heap after GC invocations=21 (full 0):
 garbage-first heap   total 129024K, used 52462K [0x0000000080000000, 0x0000000100000000)
  region size 1024K, 2 young (2048K), 2 survivors (2048K)
 Metaspace       used 71215K, capacity 73339K, committed 73596K, reserved 579584K
  class space    used 9238K, capacity 10094K, committed 10188K, reserved 516096K
}
Event: 287.025 GC heap before
{Heap before GC invocations=21 (full 0):
 garbage-first heap   total 129024K, used 64750K [0x0000000080000000, 0x0000000100000000)
  region size 1024K, 13 young (13312K), 2 survivors (2048K)
 Metaspace       used 71749K, capacity 73949K, committed 74108K, reserved 581632K
  class space    used 9310K, capacity 10169K, committed 10188K, reserved 516096K
}
Event: 287.085 GC heap after
{Heap after GC invocations=22 (full 0):
 garbage-first heap   total 129024K, used 57690K [0x0000000080000000, 0x0000000100000000)
  region size 1024K, 2 young (2048K), 2 survivors (2048K)
 Metaspace       used 71749K, capacity 73949K, committed 74108K, reserved 581632K
  class space    used 9310K, capacity 10169K, committed 10188K, reserved 516096K
}
Event: 292.573 GC heap before
{Heap before GC invocations=22 (full 0):
 garbage-first heap   total 129024K, used 64858K [0x0000000080000000, 0x0000000100000000)
  region size 1024K, 11 young (11264K), 2 survivors (2048K)
 Metaspace       used 72869K, capacity 74979K, committed 75004K, reserved 581632K
  class space    used 9447K, capacity 10298K, committed 10316K, reserved 516096K
}
Event: 292.655 GC heap after
{Heap after GC invocations=23 (full 0):
 garbage-first heap   total 129024K, used 57907K [0x0000000080000000, 0x0000000100000000)
  region size 1024K, 1 young (1024K), 1 survivors (1024K)
 Metaspace       used 72869K, capacity 74979K, committed 75004K, reserved 581632K
  class space    used 9447K, capacity 10298K, committed 10316K, reserved 516096K
}
Event: 298.842 GC heap before
{Heap before GC invocations=24 (full 0):
 garbage-first heap   total 129024K, used 69171K [0x0000000080000000, 0x0000000100000000)
  region size 1024K, 13 young (13312K), 1 survivors (1024K)
 Metaspace       used 74078K, capacity 76347K, committed 76540K, reserved 583680K
  class space    used 9596K, capacity 10494K, committed 10572K, reserved 516096K
}
Event: 298.936 GC heap after
{Heap after GC invocations=25 (full 0):
 garbage-first heap   total 129024K, used 59546K [0x0000000080000000, 0x0000000100000000)
  region size 1024K, 2 young (2048K), 2 survivors (2048K)
 Metaspace       used 74078K, capacity 76347K, committed 76540K, reserved 583680K
  class space    used 9596K, capacity 10494K, committed 10572K, reserved 516096K
}
Event: 299.585 GC heap before
{Heap before GC invocations=26 (full 0):
 garbage-first heap   total 129024K, used 62618K [0x0000000080000000, 0x0000000100000000)
  region size 1024K, 6 young (6144K), 2 survivors (2048K)
 Metaspace       used 74284K, capacity 76507K, committed 76796K, reserved 583680K
  class space    used 9624K, capacity 10526K, committed 10572K, reserved 516096K
}
Event: 299.620 GC heap after
{Heap after GC invocations=27 (full 0):
 garbage-first heap   total 129024K, used 60103K [0x0000000080000000, 0x0000000100000000)
  region size 1024K, 2 young (2048K), 2 survivors (2048K)
 Metaspace       used 74284K, capacity 76507K, committed 76796K, reserved 583680K
  class space    used 9624K, capacity 10526K, committed 10572K, reserved 516096K
}
Event: 302.425 GC heap before
{Heap before GC invocations=28 (full 0):
 garbage-first heap   total 129024K, used 77511K [0x0000000080000000, 0x0000000100000000)
  region size 1024K, 17 young (17408K), 2 survivors (2048K)
 Metaspace       used 76486K, capacity 78750K, committed 78844K, reserved 585728K
  class space    used 9862K, capacity 10783K, committed 10828K, reserved 516096K
}
Event: 302.457 GC heap after
{Heap after GC invocations=29 (full 0):
 garbage-first heap   total 129024K, used 63338K [0x0000000080000000, 0x0000000100000000)
  region size 1024K, 3 young (3072K), 3 survivors (3072K)
 Metaspace       used 76486K, capacity 78750K, committed 78844K, reserved 585728K
  class space    used 9862K, capacity 10783K, committed 10828K, reserved 516096K
}

Deoptimization events (20 events):
Event: 297.649 Thread 0x000002131c519000 DEOPT PACKING pc=0x00000213105eac08 sp=0x0000006e19af6dc0
Event: 297.649 Thread 0x000002131c519000 DEOPT UNPACKING pc=0x00000213086ea1af sp=0x0000006e19af6cd8 mode 2
Event: 297.649 Thread 0x000002131c519000 Uncommon trap: trap_request=0xffffffc6 fr.pc=0x00000213105eac08 relative=0x00000000000008e8
Event: 297.649 Thread 0x000002131c519000 Uncommon trap: reason=bimorphic_or_optimized_type_check action=maybe_recompile pc=0x00000213105eac08 method=java.io.BufferedInputStream.read1([BII)I @ 39 c2
Event: 297.649 Thread 0x000002131c519000 DEOPT PACKING pc=0x00000213105eac08 sp=0x0000006e19af6dc0
Event: 297.649 Thread 0x000002131c519000 DEOPT UNPACKING pc=0x00000213086ea1af sp=0x0000006e19af6cd8 mode 2
Event: 298.202 Thread 0x000002131c519000 Uncommon trap: trap_request=0xffffffc6 fr.pc=0x00000213105eac08 relative=0x00000000000008e8
Event: 298.205 Thread 0x000002131c519000 Uncommon trap: reason=bimorphic_or_optimized_type_check action=maybe_recompile pc=0x00000213105eac08 method=java.io.BufferedInputStream.read1([BII)I @ 39 c2
Event: 298.205 Thread 0x000002131c519000 DEOPT PACKING pc=0x00000213105eac08 sp=0x0000006e19af7730
Event: 298.205 Thread 0x000002131c519000 DEOPT UNPACKING pc=0x00000213086ea1af sp=0x0000006e19af7648 mode 2
Event: 298.206 Thread 0x000002131c519000 Uncommon trap: trap_request=0xffffffde fr.pc=0x000002131033ec98 relative=0x00000000000001b8
Event: 298.206 Thread 0x000002131c519000 Uncommon trap: reason=class_check action=maybe_recompile pc=0x000002131033ec98 method=java.io.BufferedInputStream.read1([BII)I @ 39 c2
Event: 298.206 Thread 0x000002131c519000 DEOPT PACKING pc=0x000002131033ec98 sp=0x0000006e19af7680
Event: 298.206 Thread 0x000002131c519000 DEOPT UNPACKING pc=0x00000213086ea1af sp=0x0000006e19af7638 mode 2
Event: 298.803 Thread 0x000002131c519000 DEOPT PACKING pc=0x0000021309e0f574 sp=0x0000006e19aeeb00
Event: 298.804 Thread 0x000002131c519000 DEOPT UNPACKING pc=0x00000213086ea95e sp=0x0000006e19aee0d8 mode 0
Event: 301.314 Thread 0x000002131c519000 Uncommon trap: trap_request=0xffffffde fr.pc=0x000002131059c5dc relative=0x000000000000029c
Event: 301.314 Thread 0x000002131c519000 Uncommon trap: reason=class_check action=maybe_recompile pc=0x000002131059c5dc method=com.google.common.collect.ComparatorOrdering.compare(Ljava/lang/Object;Ljava/lang/Object;)I @ 6 c2
Event: 301.314 Thread 0x000002131c519000 DEOPT PACKING pc=0x000002131059c5dc sp=0x0000006e19af63c0
Event: 301.314 Thread 0x000002131c519000 DEOPT UNPACKING pc=0x00000213086ea1af sp=0x0000006e19af6338 mode 2

Classes redefined (0 events):
No events

Internal exceptions (20 events):
Event: 286.072 Thread 0x000002131c519000 Exception <a 'java/security/PrivilegedActionException'{0x000000008782de30}> (0x000000008782de30) thrown at [./src/hotspot/share/prims/jvm.cpp, line 1306]
Event: 286.073 Thread 0x000002131c519000 Exception <a 'java/security/PrivilegedActionException'{0x000000008782f398}> (0x000000008782f398) thrown at [./src/hotspot/share/prims/jvm.cpp, line 1306]
Event: 286.076 Thread 0x000002131c519000 Exception <a 'java/security/PrivilegedActionException'{0x00000000878328b0}> (0x00000000878328b0) thrown at [./src/hotspot/share/prims/jvm.cpp, line 1306]
Event: 286.076 Thread 0x000002131c519000 Exception <a 'java/security/PrivilegedActionException'{0x0000000087833e18}> (0x0000000087833e18) thrown at [./src/hotspot/share/prims/jvm.cpp, line 1306]
Event: 286.076 Thread 0x000002131c519000 Exception <a 'java/security/PrivilegedActionException'{0x00000000878375e8}> (0x00000000878375e8) thrown at [./src/hotspot/share/prims/jvm.cpp, line 1306]
Event: 286.076 Thread 0x000002131c519000 Exception <a 'java/security/PrivilegedActionException'{0x0000000087838b50}> (0x0000000087838b50) thrown at [./src/hotspot/share/prims/jvm.cpp, line 1306]
Event: 286.077 Thread 0x000002131c519000 Exception <a 'java/security/PrivilegedActionException'{0x000000008783bfe8}> (0x000000008783bfe8) thrown at [./src/hotspot/share/prims/jvm.cpp, line 1306]
Event: 286.077 Thread 0x000002131c519000 Exception <a 'java/security/PrivilegedActionException'{0x000000008783d550}> (0x000000008783d550) thrown at [./src/hotspot/share/prims/jvm.cpp, line 1306]
Event: 286.422 Thread 0x000002131c519000 Exception <a 'java/security/PrivilegedActionException'{0x000000008773c6d8}> (0x000000008773c6d8) thrown at [./src/hotspot/share/prims/jvm.cpp, line 1306]
Event: 286.422 Thread 0x000002131c519000 Exception <a 'java/security/PrivilegedActionException'{0x0000000087751cf0}> (0x0000000087751cf0) thrown at [./src/hotspot/share/prims/jvm.cpp, line 1306]
Event: 286.422 Thread 0x000002131c519000 Exception <a 'java/security/PrivilegedActionException'{0x0000000087755188}> (0x0000000087755188) thrown at [./src/hotspot/share/prims/jvm.cpp, line 1306]
Event: 286.423 Thread 0x000002131c519000 Exception <a 'java/security/PrivilegedActionException'{0x00000000877566f0}> (0x00000000877566f0) thrown at [./src/hotspot/share/prims/jvm.cpp, line 1306]
Event: 286.423 Thread 0x000002131c519000 Exception <a 'java/security/PrivilegedActionException'{0x0000000087759c90}> (0x0000000087759c90) thrown at [./src/hotspot/share/prims/jvm.cpp, line 1306]
Event: 286.423 Thread 0x000002131c519000 Exception <a 'java/security/PrivilegedActionException'{0x000000008775b1f8}> (0x000000008775b1f8) thrown at [./src/hotspot/share/prims/jvm.cpp, line 1306]
Event: 286.423 Thread 0x000002131c519000 Exception <a 'java/security/PrivilegedActionException'{0x000000008775e908}> (0x000000008775e908) thrown at [./src/hotspot/share/prims/jvm.cpp, line 1306]
Event: 286.424 Thread 0x000002131c519000 Exception <a 'java/security/PrivilegedActionException'{0x000000008775fe70}> (0x000000008775fe70) thrown at [./src/hotspot/share/prims/jvm.cpp, line 1306]
Event: 286.424 Thread 0x000002131c519000 Exception <a 'java/security/PrivilegedActionException'{0x0000000087763388}> (0x0000000087763388) thrown at [./src/hotspot/share/prims/jvm.cpp, line 1306]
Event: 286.424 Thread 0x000002131c519000 Exception <a 'java/security/PrivilegedActionException'{0x00000000877648f0}> (0x00000000877648f0) thrown at [./src/hotspot/share/prims/jvm.cpp, line 1306]
Event: 286.425 Thread 0x000002131c519000 Exception <a 'java/security/PrivilegedActionException'{0x0000000087767e90}> (0x0000000087767e90) thrown at [./src/hotspot/share/prims/jvm.cpp, line 1306]
Event: 286.426 Thread 0x000002131c519000 Exception <a 'java/security/PrivilegedActionException'{0x00000000877693f8}> (0x00000000877693f8) thrown at [./src/hotspot/share/prims/jvm.cpp, line 1306]

Events (20 events):
Event: 306.732 loading class com/android/build/api/dsl/TestBaseFlavor
Event: 306.732 loading class com/android/build/api/dsl/TestBaseFlavor done
Event: 306.733 loading class com/android/build/gradle/internal/dsl/BaseFlavor
Event: 306.733 loading class com/android/build/gradle/internal/dsl/BaseFlavor done
Event: 306.736 loading class com/android/build/gradle/internal/dsl/CoreProductFlavor
Event: 306.736 loading class com/android/build/gradle/internal/dsl/CoreProductFlavor done
Event: 306.760 loading class com/android/builder/model/ProductFlavor
Event: 306.760 loading class com/android/builder/model/ProductFlavor done
Event: 306.778 loading class com/android/builder/model/DimensionAware
Event: 306.778 loading class com/android/builder/model/DimensionAware done
Event: 306.781 loading class com/android/builder/core/AbstractProductFlavor
Event: 306.781 loading class com/android/builder/core/AbstractProductFlavor done
Event: 306.787 loading class com/android/build/gradle/internal/dsl/ProductFlavorFactory
Event: 306.787 loading class com/android/build/gradle/internal/dsl/ProductFlavorFactory done
Event: 306.788 loading class com/android/build/gradle/internal/dsl/SigningConfig
Event: 306.788 loading class com/android/build/gradle/internal/dsl/SigningConfig done
Event: 306.790 loading class com/android/build/api/dsl/ApkSigningConfig
Event: 306.790 loading class com/android/build/api/dsl/ApkSigningConfig done
Event: 306.791 loading class com/android/build/api/dsl/SigningConfig
Event: 306.791 loading class com/android/build/api/dsl/SigningConfig done


Dynamic libraries:
0x00007ff6ba050000 - 0x00007ff6ba05d000 	C:\Program Files\Microsoft\jdk-11.0.18.10-hotspot\bin\java.exe
0x00007ffdf6b50000 - 0x00007ffdf6d64000 	C:\WINDOWS\SYSTEM32\ntdll.dll
0x00007ffdf4b00000 - 0x00007ffdf4bc2000 	C:\WINDOWS\System32\KERNEL32.DLL
0x00007ffdf41a0000 - 0x00007ffdf453c000 	C:\WINDOWS\System32\KERNELBASE.dll
0x00007ffdf4540000 - 0x00007ffdf4651000 	C:\WINDOWS\System32\ucrtbase.dll
0x00007ffdcc940000 - 0x00007ffdcc957000 	C:\Program Files\Microsoft\jdk-11.0.18.10-hotspot\bin\jli.dll
0x00007ffdf4bd0000 - 0x00007ffdf4d7b000 	C:\WINDOWS\System32\USER32.dll
0x00007ffdf4660000 - 0x00007ffdf4686000 	C:\WINDOWS\System32\win32u.dll
0x00007ffdf5b40000 - 0x00007ffdf5b69000 	C:\WINDOWS\System32\GDI32.dll
0x00007ffdf4840000 - 0x00007ffdf4953000 	C:\WINDOWS\System32\gdi32full.dll
0x00007ffddb5f0000 - 0x00007ffddb87e000 	C:\WINDOWS\WinSxS\amd64_microsoft.windows.common-controls_6595b64144ccf1df_6.0.22621.608_none_a9444ca7c10bb01d\COMCTL32.dll
0x00007ffdf4100000 - 0x00007ffdf419a000 	C:\WINDOWS\System32\msvcp_win.dll
0x00007ffdf5a90000 - 0x00007ffdf5b37000 	C:\WINDOWS\System32\msvcrt.dll
0x00007ffdada40000 - 0x00007ffdada55000 	C:\Program Files\Microsoft\jdk-11.0.18.10-hotspot\bin\VCRUNTIME140.dll
0x00007ffdf5d00000 - 0x00007ffdf5d31000 	C:\WINDOWS\System32\IMM32.DLL
0x00007ffd7b760000 - 0x00007ffd7b7fb000 	C:\Program Files\Microsoft\jdk-11.0.18.10-hotspot\bin\msvcp140.dll
0x00007ffdd30d0000 - 0x00007ffdd3c62000 	C:\Program Files\Microsoft\jdk-11.0.18.10-hotspot\bin\server\jvm.dll
0x00007ffdf4960000 - 0x00007ffdf4a0e000 	C:\WINDOWS\System32\ADVAPI32.dll
0x00007ffdf4f20000 - 0x00007ffdf4fc4000 	C:\WINDOWS\System32\sechost.dll
0x00007ffdf5da0000 - 0x00007ffdf5eb7000 	C:\WINDOWS\System32\RPCRT4.dll
0x00007ffdf4ae0000 - 0x00007ffdf4ae8000 	C:\WINDOWS\System32\PSAPI.DLL
0x00007ffdec7e0000 - 0x00007ffdec814000 	C:\WINDOWS\SYSTEM32\WINMM.dll
0x00007ffdd7a50000 - 0x00007ffdd7a59000 	C:\WINDOWS\SYSTEM32\WSOCK32.dll
0x00007ffdf4a60000 - 0x00007ffdf4ad1000 	C:\WINDOWS\System32\WS2_32.dll
0x00007ffdeb830000 - 0x00007ffdeb83a000 	C:\WINDOWS\SYSTEM32\VERSION.dll
0x00007ffdf3090000 - 0x00007ffdf30a8000 	C:\WINDOWS\SYSTEM32\kernel.appcore.dll
0x00007ffdd2460000 - 0x00007ffdd2470000 	C:\Program Files\Microsoft\jdk-11.0.18.10-hotspot\bin\verify.dll
0x00007ffde99c0000 - 0x00007ffde9bee000 	C:\WINDOWS\SYSTEM32\DBGHELP.DLL
0x00007ffdf6670000 - 0x00007ffdf69f9000 	C:\WINDOWS\System32\combase.dll
0x00007ffdf5b70000 - 0x00007ffdf5c47000 	C:\WINDOWS\System32\OLEAUT32.dll
0x00007ffde2440000 - 0x00007ffde2472000 	C:\WINDOWS\SYSTEM32\dbgcore.DLL
0x00007ffdf4750000 - 0x00007ffdf47cb000 	C:\WINDOWS\System32\bcryptPrimitives.dll
0x00007ffdd2020000 - 0x00007ffdd2048000 	C:\Program Files\Microsoft\jdk-11.0.18.10-hotspot\bin\java.dll
0x00007ffdd1f70000 - 0x00007ffdd1f7a000 	C:\Program Files\Microsoft\jdk-11.0.18.10-hotspot\bin\jimage.dll
0x00007ffdd1800000 - 0x00007ffdd1818000 	C:\Program Files\Microsoft\jdk-11.0.18.10-hotspot\bin\zip.dll
0x00007ffdf51a0000 - 0x00007ffdf5990000 	C:\WINDOWS\System32\SHELL32.dll
0x00007ffdf1f50000 - 0x00007ffdf281d000 	C:\WINDOWS\SYSTEM32\windows.storage.dll
0x00007ffdf1e10000 - 0x00007ffdf1f4e000 	C:\WINDOWS\SYSTEM32\wintypes.dll
0x00007ffdf5990000 - 0x00007ffdf5a81000 	C:\WINDOWS\System32\SHCORE.dll
0x00007ffdf5d40000 - 0x00007ffdf5d9e000 	C:\WINDOWS\System32\shlwapi.dll
0x00007ffdf3ec0000 - 0x00007ffdf3ee1000 	C:\WINDOWS\SYSTEM32\profapi.dll
0x00007ffdc6d00000 - 0x00007ffdc6d19000 	C:\Program Files\Microsoft\jdk-11.0.18.10-hotspot\bin\net.dll
0x00007ffdecb20000 - 0x00007ffdecc57000 	C:\WINDOWS\SYSTEM32\WINHTTP.dll
0x00007ffdf3520000 - 0x00007ffdf3589000 	C:\WINDOWS\system32\mswsock.dll
0x00007ffdc54c0000 - 0x00007ffdc54d3000 	C:\Program Files\Microsoft\jdk-11.0.18.10-hotspot\bin\nio.dll
0x00007ffdada10000 - 0x00007ffdada37000 	C:\Users\OMM ANIMESH\.gradle\native\e1d6ef7f7dcc3fd88c89a11ec53ec762bb8ba0a96d01ffa2cd45eb1d1d8dd5c5\windows-amd64\native-platform.dll
0x00007ffd74a80000 - 0x00007ffd74bc4000 	C:\Users\OMM ANIMESH\.gradle\native\0d407fdbe67a94daf76414ababcb853783967236a71b16ec16e742cd7a986fd3\windows-amd64\native-platform-file-events.dll
0x00007ffddb5e0000 - 0x00007ffddb5e9000 	C:\Program Files\Microsoft\jdk-11.0.18.10-hotspot\bin\management.dll
0x00007ffddb5d0000 - 0x00007ffddb5db000 	C:\Program Files\Microsoft\jdk-11.0.18.10-hotspot\bin\management_ext.dll
0x00007ffdf37a0000 - 0x00007ffdf37bb000 	C:\WINDOWS\SYSTEM32\CRYPTSP.dll
0x00007ffdf3000000 - 0x00007ffdf3035000 	C:\WINDOWS\system32\rsaenh.dll
0x00007ffdf3640000 - 0x00007ffdf3668000 	C:\WINDOWS\SYSTEM32\USERENV.dll
0x00007ffdf3960000 - 0x00007ffdf3988000 	C:\WINDOWS\SYSTEM32\bcrypt.dll
0x00007ffdf37c0000 - 0x00007ffdf37cc000 	C:\WINDOWS\SYSTEM32\CRYPTBASE.dll
0x00007ffdf2a70000 - 0x00007ffdf2a9d000 	C:\WINDOWS\SYSTEM32\IPHLPAPI.DLL
0x00007ffdf5190000 - 0x00007ffdf5199000 	C:\WINDOWS\System32\NSI.dll
0x00007ffdec740000 - 0x00007ffdec759000 	C:\WINDOWS\SYSTEM32\dhcpcsvc6.DLL
0x00007ffdec720000 - 0x00007ffdec73f000 	C:\WINDOWS\SYSTEM32\dhcpcsvc.DLL
0x00007ffdf2ae0000 - 0x00007ffdf2bd3000 	C:\WINDOWS\SYSTEM32\DNSAPI.dll

dbghelp: loaded successfully - version: 4.0.5 - missing functions: none
symbol engine: initialized successfully - sym options: 0x614 - pdb path: .;C:\Program Files\Microsoft\jdk-11.0.18.10-hotspot\bin;C:\WINDOWS\SYSTEM32;C:\WINDOWS\WinSxS\amd64_microsoft.windows.common-controls_6595b64144ccf1df_6.0.22621.608_none_a9444ca7c10bb01d;C:\Program Files\Microsoft\jdk-11.0.18.10-hotspot\bin\server;C:\Users\OMM ANIMESH\.gradle\native\e1d6ef7f7dcc3fd88c89a11ec53ec762bb8ba0a96d01ffa2cd45eb1d1d8dd5c5\windows-amd64;C:\Users\OMM ANIMESH\.gradle\native\0d407fdbe67a94daf76414ababcb853783967236a71b16ec16e742cd7a986fd3\windows-amd64

VM Arguments:
jvm_args: -XX:MaxMetaspaceSize=512m --add-opens=java.base/java.util=ALL-UNNAMED --add-opens=java.base/java.lang=ALL-UNNAMED --add-opens=java.base/java.lang.invoke=ALL-UNNAMED --add-opens=java.base/java.util=ALL-UNNAMED --add-opens=java.prefs/java.util.prefs=ALL-UNNAMED --add-opens=java.prefs/java.util.prefs=ALL-UNNAMED --add-opens=java.base/java.nio.charset=ALL-UNNAMED --add-opens=java.base/java.net=ALL-UNNAMED --add-opens=java.base/java.util.concurrent.atomic=ALL-UNNAMED -Xmx2048m -Dfile.encoding=windows-1252 -Duser.country=IN -Duser.language=en -Duser.variant 
java_command: org.gradle.launcher.daemon.bootstrap.GradleDaemon 7.5.1
java_class_path (initial): C:\Users\OMM ANIMESH\.gradle\wrapper\dists\gradle-7.5.1-all\1ehga6e77gqps5uk2kc5kf1vc\gradle-7.5.1\lib\gradle-launcher-7.5.1.jar
Launcher Type: SUN_STANDARD

[Global flags]
     intx CICompilerCount                          = 4                                         {product} {ergonomic}
   size_t CompressedClassSpaceSize                 = 528482304                                 {product} {ergonomic}
     uint ConcGCThreads                            = 2                                         {product} {ergonomic}
     uint G1ConcRefinementThreads                  = 8                                         {product} {ergonomic}
   size_t G1HeapRegionSize                         = 1048576                                   {product} {ergonomic}
    uintx GCDrainStackTargetSize                   = 64                                        {product} {ergonomic}
   size_t InitialHeapSize                          = 132120576                                 {product} {ergonomic}
   size_t MarkStackSize                            = 4194304                                   {product} {ergonomic}
   size_t MaxHeapSize                              = 2147483648                                {product} {command line}
   size_t MaxMetaspaceSize                         = 536870912                                 {product} {command line}
   size_t MaxNewSize                               = 1287651328                                {product} {ergonomic}
   size_t MinHeapDeltaBytes                        = 1048576                                   {product} {ergonomic}
    uintx NonNMethodCodeHeapSize                   = 5836300                                {pd product} {ergonomic}
    uintx NonProfiledCodeHeapSize                  = 122910970                              {pd product} {ergonomic}
    uintx ProfiledCodeHeapSize                     = 122910970                              {pd product} {ergonomic}
    uintx ReservedCodeCacheSize                    = 251658240                              {pd product} {ergonomic}
     bool SegmentedCodeCache                       = true                                      {product} {ergonomic}
     bool UseCompressedClassPointers               = true                                 {lp64_product} {ergonomic}
     bool UseCompressedOops                        = true                                 {lp64_product} {ergonomic}
     bool UseG1GC                                  = true                                      {product} {ergonomic}
     bool UseLargePagesIndividualAllocation        = false                                  {pd product} {ergonomic}

Logging:
Log output configuration:
 #0: stdout all=warning uptime,level,tags
 #1: stderr all=off uptime,level,tags

Environment Variables:
JAVA_HOME=C:\Program Files\Microsoft\jdk-11.0.18.10-hotspot\
CLASSPATH=D:\NewBhoomiRent\android\\gradle\wrapper\gradle-wrapper.jar
PATH=D:\NewBhoomiRent\android\node_modules\.bin;D:\NewBhoomiRent\node_modules\.bin;D:\node_modules\.bin;C:\Program Files\nodejs;D:\NewBhoomiRent\node_modules\.bin;D:\NewBhoomiRent\node_modules\.bin;D:\node_modules\.bin;C:\Program Files\nodejs\node_modules\npm\node_modules\@npmcli\run-script\lib\node-gyp-bin;D:\NewBhoomiRent\node_modules\.bin;D:\node_modules\.bin;C:\Program Files\nodejs;D:\NewBhoomiRent\node_modules\react-native\scripts\node_modules\.bin;D:\NewBhoomiRent\node_modules\react-native\node_modules\.bin;D:\NewBhoomiRent\node_modules\node_modules\.bin;D:\NewBhoomiRent\node_modules\.bin;D:\node_modules\.bin;C:\Program Files\nodejs;D:\NewBhoomiRent\node_modules\.bin;D:\node_modules\.bin;C:\Program Files\nodejs\node_modules\npm\node_modules\@npmcli\run-script\lib\node-gyp-bin;C:\Program Files\Microsoft\jdk-11.0.18.10-hotspot\bin;C:\Program Files\Eclipse Adoptium\jdk-8.0.362.9-hotspot\bin;C:\Program Files\Common Files\Oracle\Java\javapath;C:\Program Files\Python311\Scripts\;C:\Program Files\Python311\;C:\Program Files (x86)\Common Files\Oracle\Java\javapath;C:\Program Files\Eclipse Adoptium\jre-8.0.352.8-hotspot\bin;C:\Windows\system32;C:\Windows;C:\Windows\System32\Wbem;C:\Windows\System32\WindowsPowerShell\v1.0\;C:\Windows\System32\OpenSSH\;C:\Program Files (x86)\NVIDIA Corporation\PhysX\Common;C:\Program Files\NVIDIA Corporation\NVIDIA NvDLISR;C:\Program Files\Git\cmd;C:\Program Files\dotnet\;C:\Users\OMM ANIMESH\AppData\Roaming\nvm;C:\Program Files\nodejs;C:\Program Files\Go\bin;C:\WINDOWS\system32;C:\WINDOWS;C:\WINDOWS\System32\Wbem;C:\WINDOWS\System32\WindowsPowerShell\v1.0\;C:\WINDOWS\System32\OpenSSH\;C:\Program Files\CMake\bin;C:\Program Files\nodejs\;C:\ProgramData\chocolatey\bin;C:\Program Files\MySQL\MySQL Shell 8.0\bin\;C:\Users\OMM ANIMESH\AppData\Local\Microsoft\WindowsApps;C:\MinGW\bin;C:\Users\OMM ANIMESH\AppData\Local\Programs\Microsoft VS Code\bin;C:\Users\OMM ANIMESH\AppData\Local\GitHubDesktop\bin;C:\Program Files\MongoDB\Server\5.0\bin;C:\Pro
USERNAME=OMM ANIMESH
OS=Windows_NT
PROCESSOR_IDENTIFIER=Intel64 Family 6 Model 142 Stepping 12, GenuineIntel
TMP=C:\Users\OMMANI~1\AppData\Local\Temp
TEMP=C:\Users\OMMANI~1\AppData\Local\Temp



---------------  S Y S T E M  ---------------

OS: Windows 11 , 64 bit Build 22621 (10.0.22621.1485)
OS uptime: 1 days 6:10 hours
Hyper-V role detected

CPU:total 8 (initial active 8) (4 cores per cpu, 2 threads per core) family 6 model 142 stepping 12 microcode 0xec, cmov, cx8, fxsr, mmx, sse, sse2, sse3, ssse3, sse4.1, sse4.2, popcnt, avx, avx2, aes, clmul, erms, 3dnowpref, lzcnt, ht, tsc, tscinvbit, bmi1, bmi2, adx, fma

Memory: 4k page, system-wide physical 8025M (15M free)
TotalPageFile size 26325M (AvailPageFile size 8M)
current process WorkingSet (physical memory assigned to process): 53M, peak: 216M
current process commit charge ("private bytes"): 384M, peak: 385M

vm_info: OpenJDK 64-Bit Server VM (11.0.18+10-LTS) for windows-amd64 JRE (11.0.18+10-LTS), built on Jan 18 2023 15:56:47 by "MicrosoftCorporation" with MS VC++ 15.9 (VS2017)

END.
