#
# There is insufficient memory for the Java Runtime Environment to continue.
# Native memory allocation (malloc) failed to allocate 1195696 bytes for Chunk::new
# Possible reasons:
#   The system is out of physical RAM or swap space
#   The process is running with CompressedOops enabled, and the Java Heap may be blocking the growth of the native heap
# Possible solutions:
#   Reduce memory load on the system
#   Increase physical memory or swap space
#   Check if swap backing store is full
#   Decrease Java heap size (-Xmx/-Xms)
#   Decrease number of Java threads
#   Decrease Java thread stack sizes (-Xss)
#   Set larger code cache with -XX:ReservedCodeCacheSize=
#   JVM is running with Unscaled Compressed Oops mode in which the Java heap is
#     placed in the first 4GB address space. The Java Heap base address is the
#     maximum limit for the native heap growth. Please use -XX:HeapBaseMinAddress
#     to set the Java Heap base and to place the Java Heap above 4GB virtual address.
# This output file may be truncated or incomplete.
#
#  Out of Memory Error (./src/hotspot/share/memory/arena.cpp:197), pid=25504, tid=27992
#
# JRE version: OpenJDK Runtime Environment Microsoft-7208460 (11.0.18+10) (build 11.0.18+10-LTS)
# Java VM: OpenJDK 64-Bit Server VM Microsoft-7208460 (11.0.18+10-LTS, mixed mode, tiered, compressed oops, g1 gc, windows-amd64)
# No core dump will be written. Minidumps are not enabled by default on client versions of Windows
#

---------------  S U M M A R Y ------------

Command Line: -XX:MaxMetaspaceSize=512m --add-opens=java.base/java.util=ALL-UNNAMED --add-opens=java.base/java.lang=ALL-UNNAMED --add-opens=java.base/java.lang.invoke=ALL-UNNAMED --add-opens=java.base/java.util=ALL-UNNAMED --add-opens=java.prefs/java.util.prefs=ALL-UNNAMED --add-opens=java.prefs/java.util.prefs=ALL-UNNAMED --add-opens=java.base/java.nio.charset=ALL-UNNAMED --add-opens=java.base/java.net=ALL-UNNAMED --add-opens=java.base/java.util.concurrent.atomic=ALL-UNNAMED -Xmx2048m -Dfile.encoding=windows-1252 -Duser.country=IN -Duser.language=en -Duser.variant org.gradle.launcher.daemon.bootstrap.GradleDaemon 7.5.1

Host: Intel(R) Core(TM) i5-10210U CPU @ 1.60GHz, 8 cores, 7G,  Windows 11 , 64 bit Build 22621 (10.0.22621.1485)
Time: Sun Apr 23 22:51:35 2023 India Standard Time elapsed time: 312.443482 seconds (0d 0h 5m 12s)

---------------  T H R E A D  ---------------

Current thread (0x000002927c8ee000):  JavaThread "C2 CompilerThread0" daemon [_thread_in_native, id=27992, stack(0x000000a63bd00000,0x000000a63be00000)]


Current CompileTask:
C2: 312444 7488       4       org.gradle.internal.reflect.MutableClassDetails::property (41 bytes)

Stack: [0x000000a63bd00000,0x000000a63be00000]
Native frames: (J=compiled Java code, j=interpreted, Vv=VM code, C=native code)
V  [jvm.dll+0x62bf8a]
V  [jvm.dll+0x7b8fb9]
V  [jvm.dll+0x7ba6a8]
V  [jvm.dll+0x7bad83]
V  [jvm.dll+0x250248]
V  [jvm.dll+0xc260c]
V  [jvm.dll+0xc2bcc]
V  [jvm.dll+0x35e182]
V  [jvm.dll+0x32a373]
V  [jvm.dll+0x3296aa]
V  [jvm.dll+0x2093b3]
V  [jvm.dll+0x20850d]
V  [jvm.dll+0x18a4b1]
V  [jvm.dll+0x217eec]
V  [jvm.dll+0x21612b]
V  [jvm.dll+0x77bac0]
V  [jvm.dll+0x7749f4]
V  [jvm.dll+0x62adf5]
C  [ucrtbase.dll+0x29363]
C  [KERNEL32.DLL+0x1269d]
C  [ntdll.dll+0x5a9f8]


---------------  P R O C E S S  ---------------

Threads class SMR info:
_java_thread_list=0x0000029200447850, length=79, elements={
0x000002925d7f4000, 0x000002927c8d8000, 0x000002927c8da000, 0x000002927c8e7000,
0x000002927c8ea000, 0x000002927c8eb000, 0x000002927c8ee000, 0x000002927c8f0000,
0x000002927c8f1000, 0x000002927d342800, 0x000002927defa800, 0x000002927dd46800,
0x000002927e07c800, 0x000002927d656800, 0x000002927d657000, 0x000002927e634000,
0x000002927e635000, 0x000002927e835000, 0x000002927e836000, 0x000002927e89c000,
0x000002927e670800, 0x000002927e673000, 0x000002927e674000, 0x000002927e674800,
0x000002927e671800, 0x000002927e672000, 0x000002927e66f800, 0x000002927e66f000,
0x000002927ebbe000, 0x000002927ebbf800, 0x000002927ebc0800, 0x000002927ebbf000,
0x000002927ebbc800, 0x000002927ebc6800, 0x000002927ebc4800, 0x000002927ebc5800,
0x000002927ebc7000, 0x000002927ebc3000, 0x000002927ebc8000, 0x000002927ebc2000,
0x000002927ebca800, 0x000002927ebcb000, 0x000002927ebc8800, 0x000002927ebc9800,
0x0000029200426800, 0x0000029200425800, 0x0000029200427000, 0x0000029200424800,
0x0000029200428000, 0x0000029200428800, 0x0000029200429800, 0x0000029200424000,
0x000002920042a800, 0x000002920042f800, 0x0000029200430000, 0x0000029200431000,
0x000002920042b000, 0x000002920042d800, 0x0000029200431800, 0x000002920042d000,
0x000002920042c000, 0x000002920042e800, 0x0000029200432800, 0x00000292001de800,
0x00000292001d9800, 0x00000292001dd800, 0x00000292001da800, 0x00000292001db000,
0x00000292001dc000, 0x00000292001d8800, 0x00000292001e0000, 0x00000292001e2800,
0x00000292001e1000, 0x00000292001df000, 0x00000292001dd000, 0x00000292001e7800,
0x00000292001e4000, 0x00000292001e1800, 0x00000292001e5800
}

Java Threads: ( => current thread )
  0x000002925d7f4000 JavaThread "main" [_thread_blocked, id=34560, stack(0x000000a63b100000,0x000000a63b200000)]
  0x000002927c8d8000 JavaThread "Reference Handler" daemon [_thread_blocked, id=29672, stack(0x000000a63b800000,0x000000a63b900000)]
  0x000002927c8da000 JavaThread "Finalizer" daemon [_thread_blocked, id=29456, stack(0x000000a63b900000,0x000000a63ba00000)]
  0x000002927c8e7000 JavaThread "Signal Dispatcher" daemon [_thread_blocked, id=23804, stack(0x000000a63ba00000,0x000000a63bb00000)]
  0x000002927c8ea000 JavaThread "Attach Listener" daemon [_thread_blocked, id=10968, stack(0x000000a63bb00000,0x000000a63bc00000)]
  0x000002927c8eb000 JavaThread "Service Thread" daemon [_thread_blocked, id=13988, stack(0x000000a63bc00000,0x000000a63bd00000)]
=>0x000002927c8ee000 JavaThread "C2 CompilerThread0" daemon [_thread_in_native, id=27992, stack(0x000000a63bd00000,0x000000a63be00000)]
  0x000002927c8f0000 JavaThread "C1 CompilerThread0" daemon [_thread_blocked, id=15552, stack(0x000000a63be00000,0x000000a63bf00000)]
  0x000002927c8f1000 JavaThread "Sweeper thread" daemon [_thread_blocked, id=28468, stack(0x000000a63bf00000,0x000000a63c000000)]
  0x000002927d342800 JavaThread "Common-Cleaner" daemon [_thread_blocked, id=17492, stack(0x000000a63c000000,0x000000a63c100000)]
  0x000002927defa800 JavaThread "Daemon health stats" [_thread_blocked, id=6348, stack(0x000000a63ae00000,0x000000a63af00000)]
  0x000002927dd46800 JavaThread "Incoming local TCP Connector on port 51483" [_thread_in_native, id=31788, stack(0x000000a63c400000,0x000000a63c500000)]
  0x000002927e07c800 JavaThread "Daemon periodic checks" [_thread_blocked, id=30848, stack(0x000000a63c500000,0x000000a63c600000)]
  0x000002927d656800 JavaThread "Daemon" [_thread_blocked, id=24328, stack(0x000000a63c600000,0x000000a63c700000)]
  0x000002927d657000 JavaThread "Handler for socket connection from /127.0.0.1:51483 to /127.0.0.1:51485" [_thread_in_native, id=24812, stack(0x000000a63c700000,0x000000a63c800000)]
  0x000002927e634000 JavaThread "Cancel handler" [_thread_blocked, id=27784, stack(0x000000a63c800000,0x000000a63c900000)]
  0x000002927e635000 JavaThread "Daemon worker" [_thread_in_vm, id=32932, stack(0x000000a63c900000,0x000000a63ca00000)]
  0x000002927e835000 JavaThread "Asynchronous log dispatcher for DefaultDaemonConnection: socket connection from /127.0.0.1:51483 to /127.0.0.1:51485" [_thread_blocked, id=18064, stack(0x000000a63ca00000,0x000000a63cb00000)]
  0x000002927e836000 JavaThread "Stdin handler" [_thread_blocked, id=9732, stack(0x000000a63cb00000,0x000000a63cc00000)]
  0x000002927e89c000 JavaThread "Daemon client event forwarder" [_thread_blocked, id=17260, stack(0x000000a63cc00000,0x000000a63cd00000)]
  0x000002927e670800 JavaThread "Cache worker for journal cache (C:\Users\OMM ANIMESH\.gradle\caches\journal-1)" [_thread_blocked, id=29136, stack(0x000000a63d200000,0x000000a63d300000)]
  0x000002927e673000 JavaThread "File lock request listener" [_thread_in_native, id=10272, stack(0x000000a63d300000,0x000000a63d400000)]
  0x000002927e674000 JavaThread "Cache worker for file hash cache (C:\Users\OMM ANIMESH\.gradle\caches\7.5.1\fileHashes)" [_thread_blocked, id=16020, stack(0x000000a63d500000,0x000000a63d600000)]
  0x000002927e674800 JavaThread "File watcher server" daemon [_thread_in_native, id=30940, stack(0x000000a63d900000,0x000000a63da00000)]
  0x000002927e671800 JavaThread "File watcher consumer" daemon [_thread_blocked, id=28924, stack(0x000000a63da00000,0x000000a63db00000)]
  0x000002927e672000 JavaThread "Cache worker for checksums cache (D:\NewBhoomiRent\android\.gradle\7.5.1\checksums)" [_thread_blocked, id=28136, stack(0x000000a63db00000,0x000000a63dc00000)]
  0x000002927e66f800 JavaThread "Cache worker for cache directory md-rule (C:\Users\OMM ANIMESH\.gradle\caches\7.5.1\md-rule)" [_thread_blocked, id=33280, stack(0x000000a63dc00000,0x000000a63dd00000)]
  0x000002927e66f000 JavaThread "Cache worker for file content cache (C:\Users\OMM ANIMESH\.gradle\caches\7.5.1\fileContent)" [_thread_blocked, id=23088, stack(0x000000a63dd00000,0x000000a63de00000)]
  0x000002927ebbe000 JavaThread "Cache worker for file hash cache (D:\NewBhoomiRent\android\.gradle\7.5.1\fileHashes)" [_thread_blocked, id=33404, stack(0x000000a63de00000,0x000000a63df00000)]
  0x000002927ebbf800 JavaThread "Cache worker for cache directory md-supplier (C:\Users\OMM ANIMESH\.gradle\caches\7.5.1\md-supplier)" [_thread_blocked, id=5180, stack(0x000000a63df00000,0x000000a63e000000)]
  0x000002927ebc0800 JavaThread "Cache worker for execution history cache (C:\Users\OMM ANIMESH\.gradle\caches\7.5.1\executionHistory)" [_thread_blocked, id=27264, stack(0x000000a63e000000,0x000000a63e100000)]
  0x000002927ebbf000 JavaThread "jar transforms" [_thread_blocked, id=29824, stack(0x000000a63e100000,0x000000a63e200000)]
  0x000002927ebbc800 JavaThread "jar transforms Thread 2" [_thread_blocked, id=23296, stack(0x000000a63e200000,0x000000a63e300000)]
  0x000002927ebc6800 JavaThread "jar transforms Thread 3" [_thread_blocked, id=1672, stack(0x000000a63e300000,0x000000a63e400000)]
  0x000002927ebc4800 JavaThread "jar transforms Thread 4" [_thread_blocked, id=21520, stack(0x000000a63e400000,0x000000a63e500000)]
  0x000002927ebc5800 JavaThread "Cache worker for kotlin-dsl (C:\Users\OMM ANIMESH\.gradle\caches\7.5.1\kotlin-dsl)" [_thread_blocked, id=10940, stack(0x000000a63af00000,0x000000a63b000000)]
  0x000002927ebc7000 JavaThread "jar transforms Thread 5" [_thread_blocked, id=30636, stack(0x000000a63b000000,0x000000a63b100000)]
  0x000002927ebc3000 JavaThread "File lock release action executor Thread 2" [_thread_blocked, id=15708, stack(0x000000a63d700000,0x000000a63d800000)]
  0x000002927ebc8000 JavaThread "jar transforms Thread 6" [_thread_blocked, id=16388, stack(0x000000a63e500000,0x000000a63e600000)]
  0x000002927ebc2000 JavaThread "Cache worker for dependencies-accessors (D:\NewBhoomiRent\android\.gradle\7.5.1\dependencies-accessors)" [_thread_blocked, id=33856, stack(0x000000a63e600000,0x000000a63e700000)]
  0x000002927ebca800 JavaThread "Cache worker for Build Output Cleanup Cache (D:\NewBhoomiRent\node_modules\react-native-gradle-plugin\.gradle\buildOutputCleanup)" [_thread_blocked, id=27408, stack(0x000000a63e700000,0x000000a63e800000)]
  0x000002927ebcb000 JavaThread "jar transforms Thread 7" [_thread_blocked, id=13948, stack(0x000000a63e800000,0x000000a63e900000)]
  0x000002927ebc8800 JavaThread "Unconstrained build operations" [_thread_blocked, id=9152, stack(0x000000a63e900000,0x000000a63ea00000)]
  0x000002927ebc9800 JavaThread "Unconstrained build operations Thread 2" [_thread_blocked, id=27096, stack(0x000000a63ea00000,0x000000a63eb00000)]
  0x0000029200426800 JavaThread "Unconstrained build operations Thread 3" [_thread_blocked, id=19512, stack(0x000000a63eb00000,0x000000a63ec00000)]
  0x0000029200425800 JavaThread "Unconstrained build operations Thread 4" [_thread_blocked, id=25416, stack(0x000000a63ec00000,0x000000a63ed00000)]
  0x0000029200427000 JavaThread "Unconstrained build operations Thread 5" [_thread_blocked, id=31796, stack(0x000000a63ed00000,0x000000a63ee00000)]
  0x0000029200424800 JavaThread "Unconstrained build operations Thread 6" [_thread_blocked, id=28492, stack(0x000000a63ee00000,0x000000a63ef00000)]
  0x0000029200428000 JavaThread "Unconstrained build operations Thread 7" [_thread_blocked, id=32212, stack(0x000000a63ef00000,0x000000a63f000000)]
  0x0000029200428800 JavaThread "Unconstrained build operations Thread 8" [_thread_blocked, id=7408, stack(0x000000a63f000000,0x000000a63f100000)]
  0x0000029200429800 JavaThread "Unconstrained build operations Thread 9" [_thread_blocked, id=15332, stack(0x000000a63f100000,0x000000a63f200000)]
  0x0000029200424000 JavaThread "Unconstrained build operations Thread 10" [_thread_blocked, id=21140, stack(0x000000a63f200000,0x000000a63f300000)]
  0x000002920042a800 JavaThread "Unconstrained build operations Thread 11" [_thread_blocked, id=7840, stack(0x000000a63f300000,0x000000a63f400000)]
  0x000002920042f800 JavaThread "Unconstrained build operations Thread 12" [_thread_blocked, id=29476, stack(0x000000a63f400000,0x000000a63f500000)]
  0x0000029200430000 JavaThread "Unconstrained build operations Thread 13" [_thread_blocked, id=16412, stack(0x000000a63f500000,0x000000a63f600000)]
  0x0000029200431000 JavaThread "Unconstrained build operations Thread 14" [_thread_blocked, id=18168, stack(0x000000a63f600000,0x000000a63f700000)]
  0x000002920042b000 JavaThread "Unconstrained build operations Thread 15" [_thread_blocked, id=21600, stack(0x000000a63f700000,0x000000a63f800000)]
  0x000002920042d800 JavaThread "Unconstrained build operations Thread 16" [_thread_blocked, id=27460, stack(0x000000a63f800000,0x000000a63f900000)]
  0x0000029200431800 JavaThread "Unconstrained build operations Thread 17" [_thread_blocked, id=16232, stack(0x000000a63f900000,0x000000a63fa00000)]
  0x000002920042d000 JavaThread "Unconstrained build operations Thread 18" [_thread_blocked, id=23220, stack(0x000000a63fa00000,0x000000a63fb00000)]
  0x000002920042c000 JavaThread "Unconstrained build operations Thread 19" [_thread_blocked, id=2472, stack(0x000000a63fb00000,0x000000a63fc00000)]
  0x000002920042e800 JavaThread "Unconstrained build operations Thread 20" [_thread_blocked, id=26188, stack(0x000000a63fc00000,0x000000a63fd00000)]
  0x0000029200432800 JavaThread "Unconstrained build operations Thread 21" [_thread_blocked, id=27896, stack(0x000000a63fd00000,0x000000a63fe00000)]
  0x00000292001de800 JavaThread "Unconstrained build operations Thread 22" [_thread_blocked, id=27400, stack(0x000000a63fe00000,0x000000a63ff00000)]
  0x00000292001d9800 JavaThread "Unconstrained build operations Thread 23" [_thread_blocked, id=11196, stack(0x000000a63ff00000,0x000000a640000000)]
  0x00000292001dd800 JavaThread "Unconstrained build operations Thread 24" [_thread_blocked, id=33348, stack(0x000000a640000000,0x000000a640100000)]
  0x00000292001da800 JavaThread "Unconstrained build operations Thread 25" [_thread_blocked, id=31316, stack(0x000000a640100000,0x000000a640200000)]
  0x00000292001db000 JavaThread "Unconstrained build operations Thread 26" [_thread_blocked, id=13400, stack(0x000000a640200000,0x000000a640300000)]
  0x00000292001dc000 JavaThread "Unconstrained build operations Thread 27" [_thread_blocked, id=28700, stack(0x000000a640300000,0x000000a640400000)]
  0x00000292001d8800 JavaThread "Unconstrained build operations Thread 28" [_thread_blocked, id=25604, stack(0x000000a640400000,0x000000a640500000)]
  0x00000292001e0000 JavaThread "Unconstrained build operations Thread 29" [_thread_blocked, id=5788, stack(0x000000a640500000,0x000000a640600000)]
  0x00000292001e2800 JavaThread "Unconstrained build operations Thread 30" [_thread_blocked, id=16108, stack(0x000000a640600000,0x000000a640700000)]
  0x00000292001e1000 JavaThread "Unconstrained build operations Thread 31" [_thread_blocked, id=28916, stack(0x000000a640700000,0x000000a640800000)]
  0x00000292001df000 JavaThread "Unconstrained build operations Thread 32" [_thread_blocked, id=26572, stack(0x000000a640800000,0x000000a640900000)]
  0x00000292001dd000 JavaThread "Unconstrained build operations Thread 33" [_thread_blocked, id=23704, stack(0x000000a640900000,0x000000a640a00000)]
  0x00000292001e7800 JavaThread "jar transforms Thread 8" [_thread_blocked, id=27780, stack(0x000000a63d800000,0x000000a63d900000)]
  0x00000292001e4000 JavaThread "build event listener" [_thread_blocked, id=30420, stack(0x000000a640a00000,0x000000a640b00000)]
  0x00000292001e1800 JavaThread "Memory manager" [_thread_blocked, id=6704, stack(0x000000a640b00000,0x000000a640c00000)]
  0x00000292001e5800 JavaThread "Cache worker for Build Output Cleanup Cache (D:\NewBhoomiRent\android\.gradle\buildOutputCleanup)" [_thread_blocked, id=13128, stack(0x000000a63d400000,0x000000a63d500000)]

Other Threads:
  0x000002927c8bf000 VMThread "VM Thread" [stack: 0x000000a63b700000,0x000000a63b800000] [id=31452]
  0x000002927d391800 WatcherThread [stack: 0x000000a63c100000,0x000000a63c200000] [id=6548]
  0x000002925d80c800 GCTaskThread "GC Thread#0" [stack: 0x000000a63b200000,0x000000a63b300000] [id=33672]
  0x000002927d85d000 GCTaskThread "GC Thread#1" [stack: 0x000000a63c200000,0x000000a63c300000] [id=27640]
  0x000002927d85e000 GCTaskThread "GC Thread#2" [stack: 0x000000a63c300000,0x000000a63c400000] [id=32480]
  0x000002920064c800 GCTaskThread "GC Thread#3" [stack: 0x000000a63cd00000,0x000000a63ce00000] [id=29068]
  0x000002920064d000 GCTaskThread "GC Thread#4" [stack: 0x000000a63ce00000,0x000000a63cf00000] [id=18576]
  0x000002920064e000 GCTaskThread "GC Thread#5" [stack: 0x000000a63cf00000,0x000000a63d000000] [id=34132]
  0x000002920064e800 GCTaskThread "GC Thread#6" [stack: 0x000000a63d000000,0x000000a63d100000] [id=26552]
  0x000002920064f000 GCTaskThread "GC Thread#7" [stack: 0x000000a63d100000,0x000000a63d200000] [id=16800]
  0x000002925d83d800 ConcurrentGCThread "G1 Main Marker" [stack: 0x000000a63b300000,0x000000a63b400000] [id=31260]
  0x000002925d83e800 ConcurrentGCThread "G1 Conc#0" [stack: 0x000000a63b400000,0x000000a63b500000] [id=30280]
  0x000002927ed2a000 ConcurrentGCThread "G1 Conc#1" [stack: 0x000000a63d600000,0x000000a63d700000] [id=14176]
  0x000002927c732800 ConcurrentGCThread "G1 Refine#0" [stack: 0x000000a63b500000,0x000000a63b600000] [id=27940]
  0x000002927c733000 ConcurrentGCThread "G1 Young RemSet Sampling" [stack: 0x000000a63b600000,0x000000a63b700000] [id=33904]

Threads with active compile tasks:
C2 CompilerThread0   312639 7488       4       org.gradle.internal.reflect.MutableClassDetails::property (41 bytes)

VM state:not at safepoint (normal execution)

VM Mutex/Monitor currently owned by a thread: None

Heap address: 0x0000000080000000, size: 2048 MB, Compressed Oops mode: 32-bit
Narrow klass base: 0x0000000000000000, Narrow klass shift: 3
Compressed class space size: 528482304 Address: 0x0000000100000000

Heap:
 garbage-first heap   total 129024K, used 51239K [0x0000000080000000, 0x0000000100000000)
  region size 1024K, 10 young (10240K), 6 survivors (6144K)
 Metaspace       used 67055K, capacity 68967K, committed 69072K, reserved 577536K
  class space    used 8700K, capacity 9477K, committed 9504K, reserved 516096K
Heap Regions: E=young(eden), S=young(survivor), O=old, HS=humongous(starts), HC=humongous(continues), CS=collection set, F=free, A=archive, TAMS=top-at-mark-start (previous, next)
|   0|0x0000000080000000, 0x0000000080100000, 0x0000000080100000|100%| O|  |TAMS 0x0000000080100000, 0x0000000080000000| Untracked 
|   1|0x0000000080100000, 0x0000000080200000, 0x0000000080200000|100%| O|  |TAMS 0x0000000080200000, 0x0000000080100000| Untracked 
|   2|0x0000000080200000, 0x0000000080300000, 0x0000000080300000|100%| O|  |TAMS 0x0000000080300000, 0x0000000080200000| Untracked 
|   3|0x0000000080300000, 0x0000000080400000, 0x0000000080400000|100%|HS|  |TAMS 0x0000000080400000, 0x0000000080300000| Complete 
|   4|0x0000000080400000, 0x0000000080500000, 0x0000000080500000|100%|HC|  |TAMS 0x0000000080500000, 0x0000000080400000| Complete 
|   5|0x0000000080500000, 0x0000000080600000, 0x0000000080600000|100%|HC|  |TAMS 0x0000000080600000, 0x0000000080500000| Complete 
|   6|0x0000000080600000, 0x0000000080700000, 0x0000000080700000|100%| O|  |TAMS 0x0000000080700000, 0x0000000080600000| Untracked 
|   7|0x0000000080700000, 0x0000000080800000, 0x0000000080800000|100%| O|  |TAMS 0x0000000080800000, 0x0000000080700000| Untracked 
|   8|0x0000000080800000, 0x0000000080900000, 0x0000000080900000|100%| O|  |TAMS 0x0000000080900000, 0x0000000080800000| Untracked 
|   9|0x0000000080900000, 0x0000000080a00000, 0x0000000080a00000|100%| O|  |TAMS 0x0000000080a00000, 0x0000000080900000| Untracked 
|  10|0x0000000080a00000, 0x0000000080b00000, 0x0000000080b00000|100%| O|  |TAMS 0x0000000080b00000, 0x0000000080a00000| Untracked 
|  11|0x0000000080b00000, 0x0000000080c00000, 0x0000000080c00000|100%| O|  |TAMS 0x0000000080c00000, 0x0000000080b00000| Untracked 
|  12|0x0000000080c00000, 0x0000000080d00000, 0x0000000080d00000|100%| O|  |TAMS 0x0000000080d00000, 0x0000000080c00000| Untracked 
|  13|0x0000000080d00000, 0x0000000080e00000, 0x0000000080e00000|100%| O|  |TAMS 0x0000000080e00000, 0x0000000080d00000| Untracked 
|  14|0x0000000080e00000, 0x0000000080f00000, 0x0000000080f00000|100%| O|  |TAMS 0x0000000080f00000, 0x0000000080e00000| Untracked 
|  15|0x0000000080f00000, 0x0000000081000000, 0x0000000081000000|100%| O|  |TAMS 0x0000000081000000, 0x0000000080f00000| Untracked 
|  16|0x0000000081000000, 0x0000000081100000, 0x0000000081100000|100%| O|  |TAMS 0x0000000081100000, 0x0000000081000000| Untracked 
|  17|0x0000000081100000, 0x0000000081200000, 0x0000000081200000|100%| O|  |TAMS 0x0000000081200000, 0x0000000081100000| Untracked 
|  18|0x0000000081200000, 0x0000000081300000, 0x0000000081300000|100%| O|  |TAMS 0x0000000081300000, 0x0000000081200000| Untracked 
|  19|0x0000000081300000, 0x0000000081400000, 0x0000000081400000|100%| O|  |TAMS 0x0000000081400000, 0x0000000081300000| Untracked 
|  20|0x0000000081400000, 0x0000000081500000, 0x0000000081500000|100%| O|  |TAMS 0x0000000081500000, 0x0000000081400000| Untracked 
|  21|0x0000000081500000, 0x0000000081600000, 0x0000000081600000|100%| O|  |TAMS 0x0000000081600000, 0x0000000081500000| Untracked 
|  22|0x0000000081600000, 0x0000000081700000, 0x0000000081700000|100%| O|  |TAMS 0x0000000081700000, 0x0000000081600000| Untracked 
|  23|0x0000000081700000, 0x0000000081800000, 0x0000000081800000|100%| O|  |TAMS 0x0000000081800000, 0x0000000081700000| Untracked 
|  24|0x0000000081800000, 0x0000000081900000, 0x0000000081900000|100%| O|  |TAMS 0x0000000081900000, 0x0000000081800000| Untracked 
|  25|0x0000000081900000, 0x0000000081a00000, 0x0000000081a00000|100%| O|  |TAMS 0x0000000081a00000, 0x0000000081900000| Untracked 
|  26|0x0000000081a00000, 0x0000000081b00000, 0x0000000081b00000|100%| O|  |TAMS 0x0000000081b00000, 0x0000000081a00000| Untracked 
|  27|0x0000000081b00000, 0x0000000081c00000, 0x0000000081c00000|100%|HS|  |TAMS 0x0000000081c00000, 0x0000000081b00000| Complete 
|  28|0x0000000081c00000, 0x0000000081d00000, 0x0000000081d00000|100%|HS|  |TAMS 0x0000000081d00000, 0x0000000081c00000| Complete 
|  29|0x0000000081d00000, 0x0000000081e00000, 0x0000000081e00000|100%|HC|  |TAMS 0x0000000081e00000, 0x0000000081d00000| Complete 
|  30|0x0000000081e00000, 0x0000000081f00000, 0x0000000081f00000|100%|HC|  |TAMS 0x0000000081f00000, 0x0000000081e00000| Complete 
|  31|0x0000000081f00000, 0x0000000082000000, 0x0000000082000000|100%| O|  |TAMS 0x0000000082000000, 0x0000000081f00000| Untracked 
|  32|0x0000000082000000, 0x0000000082100000, 0x0000000082100000|100%| O|  |TAMS 0x0000000082100000, 0x0000000082000000| Untracked 
|  33|0x0000000082100000, 0x0000000082200000, 0x0000000082200000|100%| O|  |TAMS 0x0000000082200000, 0x0000000082100000| Untracked 
|  34|0x0000000082200000, 0x0000000082300000, 0x0000000082300000|100%| O|  |TAMS 0x0000000082300000, 0x0000000082200000| Untracked 
|  35|0x0000000082300000, 0x0000000082400000, 0x0000000082400000|100%| O|  |TAMS 0x0000000082400000, 0x0000000082300000| Untracked 
|  36|0x0000000082400000, 0x0000000082500000, 0x0000000082500000|100%| O|  |TAMS 0x0000000082500000, 0x0000000082400000| Untracked 
|  37|0x0000000082500000, 0x0000000082600000, 0x0000000082600000|100%| O|  |TAMS 0x0000000082600000, 0x0000000082500000| Untracked 
|  38|0x0000000082600000, 0x0000000082700000, 0x0000000082700000|100%| O|  |TAMS 0x00000000826dba00, 0x0000000082600000| Untracked 
|  39|0x0000000082700000, 0x0000000082800000, 0x0000000082800000|100%| O|  |TAMS 0x0000000082700000, 0x0000000082700000| Untracked 
|  40|0x0000000082800000, 0x0000000082900000, 0x0000000082900000|100%| O|  |TAMS 0x0000000082800000, 0x0000000082800000| Untracked 
|  41|0x0000000082900000, 0x0000000082909e00, 0x0000000082a00000|  3%| O|  |TAMS 0x0000000082900000, 0x0000000082900000| Untracked 
|  42|0x0000000082a00000, 0x0000000082a00000, 0x0000000082b00000|  0%| F|  |TAMS 0x0000000082a00000, 0x0000000082a00000| Untracked 
|  43|0x0000000082b00000, 0x0000000082b00000, 0x0000000082c00000|  0%| F|  |TAMS 0x0000000082b00000, 0x0000000082b00000| Untracked 
|  44|0x0000000082c00000, 0x0000000082c00000, 0x0000000082d00000|  0%| F|  |TAMS 0x0000000082c00000, 0x0000000082c00000| Untracked 
|  45|0x0000000082d00000, 0x0000000082d00000, 0x0000000082e00000|  0%| F|  |TAMS 0x0000000082d00000, 0x0000000082d00000| Untracked 
|  46|0x0000000082e00000, 0x0000000082e00000, 0x0000000082f00000|  0%| F|  |TAMS 0x0000000082e00000, 0x0000000082e00000| Untracked 
|  47|0x0000000082f00000, 0x0000000082f00000, 0x0000000083000000|  0%| F|  |TAMS 0x0000000082f00000, 0x0000000082f00000| Untracked 
|  48|0x0000000083000000, 0x0000000083000000, 0x0000000083100000|  0%| F|  |TAMS 0x0000000083000000, 0x0000000083000000| Untracked 
|  49|0x0000000083100000, 0x0000000083100000, 0x0000000083200000|  0%| F|  |TAMS 0x0000000083100000, 0x0000000083100000| Untracked 
|  50|0x0000000083200000, 0x0000000083200000, 0x0000000083300000|  0%| F|  |TAMS 0x0000000083200000, 0x0000000083200000| Untracked 
|  51|0x0000000083300000, 0x0000000083300000, 0x0000000083400000|  0%| F|  |TAMS 0x0000000083300000, 0x0000000083300000| Untracked 
|  52|0x0000000083400000, 0x0000000083400000, 0x0000000083500000|  0%| F|  |TAMS 0x0000000083400000, 0x0000000083400000| Untracked 
|  53|0x0000000083500000, 0x0000000083500000, 0x0000000083600000|  0%| F|  |TAMS 0x0000000083500000, 0x0000000083500000| Untracked 
|  54|0x0000000083600000, 0x0000000083600000, 0x0000000083700000|  0%| F|  |TAMS 0x0000000083600000, 0x0000000083600000| Untracked 
|  55|0x0000000083700000, 0x0000000083700000, 0x0000000083800000|  0%| F|  |TAMS 0x0000000083700000, 0x0000000083700000| Untracked 
|  56|0x0000000083800000, 0x0000000083800000, 0x0000000083900000|  0%| F|  |TAMS 0x0000000083800000, 0x0000000083800000| Untracked 
|  57|0x0000000083900000, 0x0000000083900000, 0x0000000083a00000|  0%| F|  |TAMS 0x0000000083900000, 0x0000000083900000| Untracked 
|  58|0x0000000083a00000, 0x0000000083a00000, 0x0000000083b00000|  0%| F|  |TAMS 0x0000000083a00000, 0x0000000083a00000| Untracked 
|  59|0x0000000083b00000, 0x0000000083b00000, 0x0000000083c00000|  0%| F|  |TAMS 0x0000000083b00000, 0x0000000083b00000| Untracked 
|  60|0x0000000083c00000, 0x0000000083c00000, 0x0000000083d00000|  0%| F|  |TAMS 0x0000000083c00000, 0x0000000083c00000| Untracked 
|  61|0x0000000083d00000, 0x0000000083e00000, 0x0000000083e00000|100%| S|CS|TAMS 0x0000000083d00000, 0x0000000083d00000| Complete 
|  62|0x0000000083e00000, 0x0000000083e00000, 0x0000000083f00000|  0%| F|  |TAMS 0x0000000083e00000, 0x0000000083e00000| Untracked 
|  63|0x0000000083f00000, 0x0000000083f00000, 0x0000000084000000|  0%| F|  |TAMS 0x0000000083f00000, 0x0000000083f00000| Untracked 
|  64|0x0000000084000000, 0x0000000084000000, 0x0000000084100000|  0%| F|  |TAMS 0x0000000084000000, 0x0000000084000000| Untracked 
|  65|0x0000000084100000, 0x0000000084100000, 0x0000000084200000|  0%| F|  |TAMS 0x0000000084100000, 0x0000000084100000| Untracked 
|  66|0x0000000084200000, 0x0000000084200000, 0x0000000084300000|  0%| F|  |TAMS 0x0000000084200000, 0x0000000084200000| Untracked 
|  67|0x0000000084300000, 0x0000000084300000, 0x0000000084400000|  0%| F|  |TAMS 0x0000000084300000, 0x0000000084300000| Untracked 
|  68|0x0000000084400000, 0x0000000084500000, 0x0000000084500000|100%| S|CS|TAMS 0x0000000084400000, 0x0000000084400000| Complete 
|  69|0x0000000084500000, 0x0000000084600000, 0x0000000084600000|100%| S|CS|TAMS 0x0000000084500000, 0x0000000084500000| Complete 
|  70|0x0000000084600000, 0x0000000084700000, 0x0000000084700000|100%| S|CS|TAMS 0x0000000084600000, 0x0000000084600000| Complete 
|  71|0x0000000084700000, 0x0000000084800000, 0x0000000084800000|100%| S|CS|TAMS 0x0000000084700000, 0x0000000084700000| Complete 
|  72|0x0000000084800000, 0x0000000084800000, 0x0000000084900000|  0%| F|  |TAMS 0x0000000084800000, 0x0000000084800000| Untracked 
|  73|0x0000000084900000, 0x0000000084a00000, 0x0000000084a00000|100%| S|CS|TAMS 0x0000000084900000, 0x0000000084900000| Complete 
|  74|0x0000000084a00000, 0x0000000084a00000, 0x0000000084b00000|  0%| F|  |TAMS 0x0000000084a00000, 0x0000000084a00000| Untracked 
|  75|0x0000000084b00000, 0x0000000084b00000, 0x0000000084c00000|  0%| F|  |TAMS 0x0000000084b00000, 0x0000000084b00000| Untracked 
|  76|0x0000000084c00000, 0x0000000084c00000, 0x0000000084d00000|  0%| F|  |TAMS 0x0000000084c00000, 0x0000000084c00000| Untracked 
|  77|0x0000000084d00000, 0x0000000084d00000, 0x0000000084e00000|  0%| F|  |TAMS 0x0000000084d00000, 0x0000000084d00000| Untracked 
|  78|0x0000000084e00000, 0x0000000084e00000, 0x0000000084f00000|  0%| F|  |TAMS 0x0000000084e00000, 0x0000000084e00000| Untracked 
|  79|0x0000000084f00000, 0x0000000084f00000, 0x0000000085000000|  0%| F|  |TAMS 0x0000000084f00000, 0x0000000084f00000| Untracked 
|  80|0x0000000085000000, 0x0000000085000000, 0x0000000085100000|  0%| F|  |TAMS 0x0000000085000000, 0x0000000085000000| Untracked 
|  81|0x0000000085100000, 0x0000000085100000, 0x0000000085200000|  0%| F|  |TAMS 0x0000000085100000, 0x0000000085100000| Untracked 
|  82|0x0000000085200000, 0x0000000085200000, 0x0000000085300000|  0%| F|  |TAMS 0x0000000085200000, 0x0000000085200000| Untracked 
|  83|0x0000000085300000, 0x0000000085300000, 0x0000000085400000|  0%| F|  |TAMS 0x0000000085300000, 0x0000000085300000| Untracked 
|  84|0x0000000085400000, 0x0000000085400000, 0x0000000085500000|  0%| F|  |TAMS 0x0000000085400000, 0x0000000085400000| Untracked 
|  85|0x0000000085500000, 0x0000000085500000, 0x0000000085600000|  0%| F|  |TAMS 0x0000000085500000, 0x0000000085500000| Untracked 
|  86|0x0000000085600000, 0x0000000085600000, 0x0000000085700000|  0%| F|  |TAMS 0x0000000085600000, 0x0000000085600000| Untracked 
|  87|0x0000000085700000, 0x0000000085700000, 0x0000000085800000|  0%| F|  |TAMS 0x0000000085700000, 0x0000000085700000| Untracked 
|  88|0x0000000085800000, 0x0000000085800000, 0x0000000085900000|  0%| F|  |TAMS 0x0000000085800000, 0x0000000085800000| Untracked 
|  89|0x0000000085900000, 0x0000000085900000, 0x0000000085a00000|  0%| F|  |TAMS 0x0000000085900000, 0x0000000085900000| Untracked 
|  90|0x0000000085a00000, 0x0000000085a00000, 0x0000000085b00000|  0%| F|  |TAMS 0x0000000085a00000, 0x0000000085a00000| Untracked 
|  91|0x0000000085b00000, 0x0000000085b00000, 0x0000000085c00000|  0%| F|  |TAMS 0x0000000085b00000, 0x0000000085b00000| Untracked 
|  92|0x0000000085c00000, 0x0000000085c00000, 0x0000000085d00000|  0%| F|  |TAMS 0x0000000085c00000, 0x0000000085c00000| Untracked 
|  93|0x0000000085d00000, 0x0000000085d00000, 0x0000000085e00000|  0%| F|  |TAMS 0x0000000085d00000, 0x0000000085d00000| Untracked 
|  94|0x0000000085e00000, 0x0000000085e00000, 0x0000000085f00000|  0%| F|  |TAMS 0x0000000085e00000, 0x0000000085e00000| Untracked 
|  95|0x0000000085f00000, 0x0000000085f00000, 0x0000000086000000|  0%| F|  |TAMS 0x0000000085f00000, 0x0000000085f00000| Untracked 
|  96|0x0000000086000000, 0x0000000086000000, 0x0000000086100000|  0%| F|  |TAMS 0x0000000086000000, 0x0000000086000000| Untracked 
|  97|0x0000000086100000, 0x0000000086100000, 0x0000000086200000|  0%| F|  |TAMS 0x0000000086100000, 0x0000000086100000| Untracked 
|  98|0x0000000086200000, 0x0000000086200000, 0x0000000086300000|  0%| F|  |TAMS 0x0000000086200000, 0x0000000086200000| Untracked 
|  99|0x0000000086300000, 0x0000000086300000, 0x0000000086400000|  0%| F|  |TAMS 0x0000000086300000, 0x0000000086300000| Untracked 
| 100|0x0000000086400000, 0x0000000086400000, 0x0000000086500000|  0%| F|  |TAMS 0x0000000086400000, 0x0000000086400000| Untracked 
| 101|0x0000000086500000, 0x0000000086500000, 0x0000000086600000|  0%| F|  |TAMS 0x0000000086500000, 0x0000000086500000| Untracked 
| 102|0x0000000086600000, 0x0000000086600000, 0x0000000086700000|  0%| F|  |TAMS 0x0000000086600000, 0x0000000086600000| Untracked 
| 103|0x0000000086700000, 0x0000000086700000, 0x0000000086800000|  0%| F|  |TAMS 0x0000000086700000, 0x0000000086700000| Untracked 
| 104|0x0000000086800000, 0x0000000086800000, 0x0000000086900000|  0%| F|  |TAMS 0x0000000086800000, 0x0000000086800000| Untracked 
| 105|0x0000000086900000, 0x0000000086900000, 0x0000000086a00000|  0%| F|  |TAMS 0x0000000086900000, 0x0000000086900000| Untracked 
| 106|0x0000000086a00000, 0x0000000086a00000, 0x0000000086b00000|  0%| F|  |TAMS 0x0000000086a00000, 0x0000000086a00000| Untracked 
| 107|0x0000000086b00000, 0x0000000086b00000, 0x0000000086c00000|  0%| F|  |TAMS 0x0000000086b00000, 0x0000000086b00000| Untracked 
| 108|0x0000000086c00000, 0x0000000086c00000, 0x0000000086d00000|  0%| F|  |TAMS 0x0000000086c00000, 0x0000000086c00000| Untracked 
| 109|0x0000000086d00000, 0x0000000086d00000, 0x0000000086e00000|  0%| F|  |TAMS 0x0000000086d00000, 0x0000000086d00000| Untracked 
| 110|0x0000000086e00000, 0x0000000086e00000, 0x0000000086f00000|  0%| F|  |TAMS 0x0000000086e00000, 0x0000000086e00000| Untracked 
| 111|0x0000000086f00000, 0x0000000086f00000, 0x0000000087000000|  0%| F|  |TAMS 0x0000000086f00000, 0x0000000086f00000| Untracked 
| 112|0x0000000087000000, 0x0000000087000000, 0x0000000087100000|  0%| F|  |TAMS 0x0000000087000000, 0x0000000087000000| Untracked 
| 113|0x0000000087100000, 0x0000000087100000, 0x0000000087200000|  0%| F|  |TAMS 0x0000000087100000, 0x0000000087100000| Untracked 
| 114|0x0000000087200000, 0x0000000087200000, 0x0000000087300000|  0%| F|  |TAMS 0x0000000087200000, 0x0000000087200000| Untracked 
| 115|0x0000000087300000, 0x0000000087300000, 0x0000000087400000|  0%| F|  |TAMS 0x0000000087300000, 0x0000000087300000| Untracked 
| 116|0x0000000087400000, 0x0000000087400000, 0x0000000087500000|  0%| F|  |TAMS 0x0000000087400000, 0x0000000087400000| Untracked 
| 117|0x0000000087500000, 0x0000000087500000, 0x0000000087600000|  0%| F|  |TAMS 0x0000000087500000, 0x0000000087500000| Untracked 
| 118|0x0000000087600000, 0x0000000087600000, 0x0000000087700000|  0%| F|  |TAMS 0x0000000087600000, 0x0000000087600000| Untracked 
| 119|0x0000000087700000, 0x0000000087700000, 0x0000000087800000|  0%| F|  |TAMS 0x0000000087700000, 0x0000000087700000| Untracked 
| 120|0x0000000087800000, 0x0000000087800000, 0x0000000087900000|  0%| F|  |TAMS 0x0000000087800000, 0x0000000087800000| Untracked 
| 121|0x0000000087900000, 0x0000000087900000, 0x0000000087a00000|  0%| F|  |TAMS 0x0000000087900000, 0x0000000087900000| Untracked 
| 122|0x0000000087a00000, 0x0000000087a16758, 0x0000000087b00000|  8%| E|  |TAMS 0x0000000087a00000, 0x0000000087a00000| Complete 
| 123|0x0000000087b00000, 0x0000000087c00000, 0x0000000087c00000|100%| E|CS|TAMS 0x0000000087b00000, 0x0000000087b00000| Complete 
| 124|0x0000000087c00000, 0x0000000087d00000, 0x0000000087d00000|100%| E|CS|TAMS 0x0000000087c00000, 0x0000000087c00000| Complete 
| 125|0x0000000087d00000, 0x0000000087e00000, 0x0000000087e00000|100%| E|CS|TAMS 0x0000000087d00000, 0x0000000087d00000| Complete 

Card table byte_map: [0x0000029275690000,0x0000029275a90000] _byte_map_base: 0x0000029275290000

Marking Bits (Prev, Next): (CMBitMap*) 0x000002925d834e50, (CMBitMap*) 0x000002925d834e18
 Prev Bits: [0x0000029277e90000, 0x0000029279e90000)
 Next Bits: [0x0000029275e90000, 0x0000029277e90000)

Polling page: 0x000002925b770000

Metaspace:

Usage:
  Non-class:     58.10 MB capacity,    56.99 MB ( 98%) used,   927.26 KB (  2%) free+waste,   207.56 KB ( <1%) overhead. 
      Class:      9.25 MB capacity,     8.50 MB ( 92%) used,   676.87 KB (  7%) free+waste,    99.56 KB (  1%) overhead. 
       Both:     67.35 MB capacity,    65.48 MB ( 97%) used,     1.57 MB (  2%) free+waste,   307.13 KB ( <1%) overhead. 

Virtual space:
  Non-class space:       60.00 MB reserved,      58.17 MB ( 97%) committed 
      Class space:      504.00 MB reserved,       9.28 MB (  2%) committed 
             Both:      564.00 MB reserved,      67.45 MB ( 12%) committed 

Chunk freelists:
   Non-Class:  14.00 KB
       Class:  0 bytes
        Both:  14.00 KB

MaxMetaspaceSize: 512.00 MB
CompressedClassSpaceSize: 504.00 MB
Initial GC threshold: 20.80 MB
Current GC threshold: 98.88 MB
CDS: off

CodeHeap 'non-profiled nmethods': size=120000Kb used=4293Kb max_used=4293Kb free=115706Kb
 bounds [0x000002926da30000, 0x000002926de70000, 0x0000029274f60000]
CodeHeap 'profiled nmethods': size=120000Kb used=15780Kb max_used=15780Kb free=104219Kb
 bounds [0x0000029266500000, 0x0000029267470000, 0x000002926da30000]
CodeHeap 'non-nmethods': size=5760Kb used=2342Kb max_used=2394Kb free=3417Kb
 bounds [0x0000029265f60000, 0x00000292661d0000, 0x0000029266500000]
 total_blobs=8287 nmethods=7427 adapters=772
 compilation: enabled
              stopped_count=0, restarted_count=0
 full_count=0

Compilation events (20 events):
Event: 312.184 Thread 0x000002927c8f0000 7510       3       com.google.common.collect.ImmutableSortedSet$Builder::add (79 bytes)
Event: 312.222 Thread 0x000002927c8f0000 nmethod 7510 0x000002926745c690 code [0x000002926745c8e0, 0x000002926745d148]
Event: 312.222 Thread 0x000002927c8f0000 7518       3       com.google.common.collect.AbstractMapBasedMultimap$KeySet$1::next (26 bytes)
Event: 312.222 Thread 0x000002927c8f0000 nmethod 7518 0x000002926745d490 code [0x000002926745d660, 0x000002926745da38]
Event: 312.223 Thread 0x000002927c8f0000 7516       1       org.gradle.api.internal.tasks.properties.ModifierAnnotationCategory::getDisplayName (5 bytes)
Event: 312.223 Thread 0x000002927c8f0000 nmethod 7516 0x000002926de60e10 code [0x000002926de60fc0, 0x000002926de61078]
Event: 312.223 Thread 0x000002927c8f0000 7520       3       org.gradle.internal.reflect.annotations.impl.DefaultTypeAnnotationMetadataStore$PropertyAnnotationMetadataBuilder::allAnnotationCategories (43 bytes)
Event: 312.224 Thread 0x000002927c8f0000 nmethod 7520 0x000002926745db90 code [0x000002926745de20, 0x000002926745eae8]
Event: 312.224 Thread 0x000002927c8f0000 7522       3       org.gradle.internal.reflect.annotations.impl.DefaultTypeAnnotationMetadataStore$PropertyAnnotationMetadataBuilder::resolveAnnotation (46 bytes)
Event: 312.225 Thread 0x000002927c8f0000 nmethod 7522 0x000002926745ee90 code [0x000002926745f0a0, 0x000002926745f748]
Event: 312.225 Thread 0x000002927c8f0000 7521       3       com.google.common.collect.Multimaps$CustomListMultimap::createKeySet (5 bytes)
Event: 312.225 Thread 0x000002927c8f0000 nmethod 7521 0x000002926745f990 code [0x000002926745fb40, 0x000002926745fc68]
Event: 312.225 Thread 0x000002927c8f0000 7519       1       org.gradle.internal.reflect.annotations.impl.DefaultTypeAnnotationMetadataStore::access$200 (5 bytes)
Event: 312.225 Thread 0x000002927c8f0000 nmethod 7519 0x000002926de61110 code [0x000002926de612c0, 0x000002926de61358]
Event: 312.226 Thread 0x000002927c8f0000 7523       1       org.gradle.api.internal.tasks.properties.annotations.NoOpPropertyAnnotationHandler::isPropertyRelevant (2 bytes)
Event: 312.227 Thread 0x000002927c8f0000 nmethod 7523 0x000002926de61410 code [0x000002926de615c0, 0x000002926de61678]
Event: 312.227 Thread 0x000002927c8f0000 7524       3       com.google.common.collect.SingletonImmutableBiMap::get (20 bytes)
Event: 312.227 Thread 0x000002927c8f0000 nmethod 7524 0x000002926745fd10 code [0x000002926745fee0, 0x0000029267460108]
Event: 312.227 Thread 0x000002927c8f0000 7525       3       com.google.common.collect.Maps::immutableEntry (10 bytes)
Event: 312.228 Thread 0x000002927c8f0000 nmethod 7525 0x0000029267460210 code [0x00000292674603e0, 0x00000292674606f8]

GC Heap History (20 events):
Event: 72.921 GC heap before
{Heap before GC invocations=7 (full 0):
 garbage-first heap   total 129024K, used 35490K [0x0000000080000000, 0x0000000100000000)
  region size 1024K, 20 young (20480K), 5 survivors (5120K)
 Metaspace       used 35160K, capacity 35936K, committed 36048K, reserved 548864K
  class space    used 4487K, capacity 4822K, committed 4896K, reserved 516096K
}
Event: 72.951 GC heap after
{Heap after GC invocations=8 (full 0):
 garbage-first heap   total 129024K, used 22971K [0x0000000080000000, 0x0000000100000000)
  region size 1024K, 6 young (6144K), 6 survivors (6144K)
 Metaspace       used 35160K, capacity 35936K, committed 36048K, reserved 548864K
  class space    used 4487K, capacity 4822K, committed 4896K, reserved 516096K
}
Event: 76.859 GC heap before
{Heap before GC invocations=9 (full 0):
 garbage-first heap   total 129024K, used 82363K [0x0000000080000000, 0x0000000100000000)
  region size 1024K, 61 young (62464K), 6 survivors (6144K)
 Metaspace       used 40190K, capacity 41149K, committed 41168K, reserved 552960K
  class space    used 5040K, capacity 5404K, committed 5408K, reserved 516096K
}
Event: 76.884 GC heap after
{Heap after GC invocations=10 (full 0):
 garbage-first heap   total 129024K, used 28120K [0x0000000080000000, 0x0000000100000000)
  region size 1024K, 8 young (8192K), 8 survivors (8192K)
 Metaspace       used 40190K, capacity 41149K, committed 41168K, reserved 552960K
  class space    used 5040K, capacity 5404K, committed 5408K, reserved 516096K
}
Event: 147.698 GC heap before
{Heap before GC invocations=10 (full 0):
 garbage-first heap   total 129024K, used 87512K [0x0000000080000000, 0x0000000100000000)
  region size 1024K, 65 young (66560K), 8 survivors (8192K)
 Metaspace       used 43653K, capacity 44792K, committed 45008K, reserved 557056K
  class space    used 5443K, capacity 5884K, committed 5920K, reserved 516096K
}
Event: 147.745 GC heap after
{Heap after GC invocations=11 (full 0):
 garbage-first heap   total 129024K, used 30263K [0x0000000080000000, 0x0000000100000000)
  region size 1024K, 7 young (7168K), 7 survivors (7168K)
 Metaspace       used 43653K, capacity 44792K, committed 45008K, reserved 557056K
  class space    used 5443K, capacity 5884K, committed 5920K, reserved 516096K
}
Event: 173.644 GC heap before
{Heap before GC invocations=11 (full 0):
 garbage-first heap   total 129024K, used 89655K [0x0000000080000000, 0x0000000100000000)
  region size 1024K, 65 young (66560K), 7 survivors (7168K)
 Metaspace       used 48070K, capacity 49418K, committed 49616K, reserved 559104K
  class space    used 6139K, capacity 6654K, committed 6688K, reserved 516096K
}
Event: 173.664 GC heap after
{Heap after GC invocations=12 (full 0):
 garbage-first heap   total 129024K, used 32770K [0x0000000080000000, 0x0000000100000000)
  region size 1024K, 6 young (6144K), 6 survivors (6144K)
 Metaspace       used 48070K, capacity 49418K, committed 49616K, reserved 559104K
  class space    used 6139K, capacity 6654K, committed 6688K, reserved 516096K
}
Event: 204.521 GC heap before
{Heap before GC invocations=12 (full 0):
 garbage-first heap   total 129024K, used 96258K [0x0000000080000000, 0x0000000100000000)
  region size 1024K, 64 young (65536K), 6 survivors (6144K)
 Metaspace       used 51351K, capacity 52775K, committed 52944K, reserved 563200K
  class space    used 6549K, capacity 7132K, committed 7200K, reserved 516096K
}
Event: 204.540 GC heap after
{Heap after GC invocations=13 (full 0):
 garbage-first heap   total 129024K, used 39854K [0x0000000080000000, 0x0000000100000000)
  region size 1024K, 6 young (6144K), 6 survivors (6144K)
 Metaspace       used 51351K, capacity 52775K, committed 52944K, reserved 563200K
  class space    used 6549K, capacity 7132K, committed 7200K, reserved 516096K
}
Event: 215.457 GC heap before
{Heap before GC invocations=13 (full 0):
 garbage-first heap   total 129024K, used 97198K [0x0000000080000000, 0x0000000100000000)
  region size 1024K, 62 young (63488K), 6 survivors (6144K)
 Metaspace       used 57125K, capacity 58801K, committed 58960K, reserved 567296K
  class space    used 7387K, capacity 8077K, committed 8096K, reserved 516096K
}
Event: 215.477 GC heap after
{Heap after GC invocations=14 (full 0):
 garbage-first heap   total 129024K, used 42126K [0x0000000080000000, 0x0000000100000000)
  region size 1024K, 6 young (6144K), 6 survivors (6144K)
 Metaspace       used 57125K, capacity 58801K, committed 58960K, reserved 567296K
  class space    used 7387K, capacity 8077K, committed 8096K, reserved 516096K
}
Event: 217.534 GC heap before
{Heap before GC invocations=14 (full 0):
 garbage-first heap   total 129024K, used 59534K [0x0000000080000000, 0x0000000100000000)
  region size 1024K, 24 young (24576K), 6 survivors (6144K)
 Metaspace       used 58735K, capacity 60394K, committed 60496K, reserved 569344K
  class space    used 7613K, capacity 8311K, committed 8352K, reserved 516096K
}
Event: 217.567 GC heap after
{Heap after GC invocations=15 (full 0):
 garbage-first heap   total 129024K, used 43185K [0x0000000080000000, 0x0000000100000000)
  region size 1024K, 4 young (4096K), 4 survivors (4096K)
 Metaspace       used 58735K, capacity 60394K, committed 60496K, reserved 569344K
  class space    used 7613K, capacity 8311K, committed 8352K, reserved 516096K
}
Event: 220.614 GC heap before
{Heap before GC invocations=16 (full 0):
 garbage-first heap   total 129024K, used 94385K [0x0000000080000000, 0x0000000100000000)
  region size 1024K, 54 young (55296K), 4 survivors (4096K)
 Metaspace       used 62215K, capacity 63914K, committed 64080K, reserved 571392K
  class space    used 8073K, capacity 8759K, committed 8864K, reserved 516096K
}
Event: 220.629 GC heap after
{Heap after GC invocations=17 (full 0):
 garbage-first heap   total 129024K, used 43603K [0x0000000080000000, 0x0000000100000000)
  region size 1024K, 4 young (4096K), 4 survivors (4096K)
 Metaspace       used 62215K, capacity 63914K, committed 64080K, reserved 571392K
  class space    used 8073K, capacity 8759K, committed 8864K, reserved 516096K
}
Event: 252.619 GC heap before
{Heap before GC invocations=17 (full 0):
 garbage-first heap   total 129024K, used 96851K [0x0000000080000000, 0x0000000100000000)
  region size 1024K, 57 young (58368K), 4 survivors (4096K)
 Metaspace       used 64900K, capacity 66771K, committed 67024K, reserved 575488K
  class space    used 8433K, capacity 9208K, committed 9248K, reserved 516096K
}
Event: 252.645 GC heap after
{Heap after GC invocations=18 (full 0):
 garbage-first heap   total 129024K, used 46287K [0x0000000080000000, 0x0000000100000000)
  region size 1024K, 7 young (7168K), 7 survivors (7168K)
 Metaspace       used 64900K, capacity 66771K, committed 67024K, reserved 575488K
  class space    used 8433K, capacity 9208K, committed 9248K, reserved 516096K
}
Event: 309.489 GC heap before
{Heap before GC invocations=18 (full 0):
 garbage-first heap   total 129024K, used 99535K [0x0000000080000000, 0x0000000100000000)
  region size 1024K, 59 young (60416K), 7 survivors (7168K)
 Metaspace       used 66868K, capacity 68821K, committed 69072K, reserved 577536K
  class space    used 8679K, capacity 9473K, committed 9504K, reserved 516096K
}
Event: 309.702 GC heap after
{Heap after GC invocations=19 (full 0):
 garbage-first heap   total 129024K, used 48167K [0x0000000080000000, 0x0000000100000000)
  region size 1024K, 6 young (6144K), 6 survivors (6144K)
 Metaspace       used 66868K, capacity 68821K, committed 69072K, reserved 577536K
  class space    used 8679K, capacity 9473K, committed 9504K, reserved 516096K
}

Deoptimization events (20 events):
Event: 309.452 Thread 0x000002927e635000 Uncommon trap: trap_request=0xffffffbe fr.pc=0x000002926ddb6f8c relative=0x0000000000000c6c
Event: 309.452 Thread 0x000002927e635000 Uncommon trap: reason=profile_predicate action=maybe_recompile pc=0x000002926ddb6f8c method=java.util.TreeMap.getEntryUsingComparator(Ljava/lang/Object;)Ljava/util/TreeMap$Entry; @ 19 c2
Event: 309.452 Thread 0x000002927e635000 DEOPT PACKING pc=0x000002926ddb6f8c sp=0x000000a63c9f4d70
Event: 309.452 Thread 0x000002927e635000 DEOPT UNPACKING pc=0x0000029265faa1af sp=0x000000a63c9f4c90 mode 2
Event: 309.452 Thread 0x000002927e635000 Uncommon trap: trap_request=0xffffffbe fr.pc=0x000002926ddb6f8c relative=0x0000000000000c6c
Event: 309.452 Thread 0x000002927e635000 Uncommon trap: reason=profile_predicate action=maybe_recompile pc=0x000002926ddb6f8c method=java.util.TreeMap.getEntryUsingComparator(Ljava/lang/Object;)Ljava/util/TreeMap$Entry; @ 19 c2
Event: 309.452 Thread 0x000002927e635000 DEOPT PACKING pc=0x000002926ddb6f8c sp=0x000000a63c9f4d70
Event: 309.452 Thread 0x000002927e635000 DEOPT UNPACKING pc=0x0000029265faa1af sp=0x000000a63c9f4c90 mode 2
Event: 309.452 Thread 0x000002927e635000 Uncommon trap: trap_request=0xffffffbe fr.pc=0x000002926ddb6f8c relative=0x0000000000000c6c
Event: 309.452 Thread 0x000002927e635000 Uncommon trap: reason=profile_predicate action=maybe_recompile pc=0x000002926ddb6f8c method=java.util.TreeMap.getEntryUsingComparator(Ljava/lang/Object;)Ljava/util/TreeMap$Entry; @ 19 c2
Event: 309.452 Thread 0x000002927e635000 DEOPT PACKING pc=0x000002926ddb6f8c sp=0x000000a63c9f4d70
Event: 309.452 Thread 0x000002927e635000 DEOPT UNPACKING pc=0x0000029265faa1af sp=0x000000a63c9f4c90 mode 2
Event: 309.482 Thread 0x000002927e635000 Uncommon trap: trap_request=0xffffffc6 fr.pc=0x000002926dd8fd1c relative=0x00000000000000dc
Event: 309.482 Thread 0x000002927e635000 Uncommon trap: reason=bimorphic_or_optimized_type_check action=maybe_recompile pc=0x000002926dd8fd1c method=com.google.common.collect.AbstractIndexedListIterator.next()Ljava/lang/Object; @ 27 c2
Event: 309.482 Thread 0x000002927e635000 DEOPT PACKING pc=0x000002926dd8fd1c sp=0x000000a63c9f4d80
Event: 309.482 Thread 0x000002927e635000 DEOPT UNPACKING pc=0x0000029265faa1af sp=0x000000a63c9f4d18 mode 2
Event: 312.120 Thread 0x000002927e635000 Uncommon trap: trap_request=0xffffffc6 fr.pc=0x000002926dd8fd1c relative=0x00000000000000dc
Event: 312.121 Thread 0x000002927e635000 Uncommon trap: reason=bimorphic_or_optimized_type_check action=maybe_recompile pc=0x000002926dd8fd1c method=com.google.common.collect.AbstractIndexedListIterator.next()Ljava/lang/Object; @ 27 c2
Event: 312.122 Thread 0x000002927e635000 DEOPT PACKING pc=0x000002926dd8fd1c sp=0x000000a63c9f8210
Event: 312.122 Thread 0x000002927e635000 DEOPT UNPACKING pc=0x0000029265faa1af sp=0x000000a63c9f81a8 mode 2

Classes redefined (0 events):
No events

Internal exceptions (20 events):
Event: 251.338 Thread 0x000002927e635000 Exception <a 'java/lang/ClassNotFoundException'{0x000000008573d888}: org/gradle/internal/metaobject/ConfigureDelegateCustomizer> (0x000000008573d888) thrown at [./src/hotspot/share/classfile/systemDictionary.cpp, line 230]
Event: 251.352 Thread 0x000002927e635000 Exception <a 'java/lang/ClassNotFoundException'{0x00000000857b5b20}: org/gradle/api/internal/initialization/DefaultScriptHandlerBeanInfo> (0x00000000857b5b20) thrown at [./src/hotspot/share/classfile/systemDictionary.cpp, line 230]
Event: 251.355 Thread 0x000002927e635000 Exception <a 'java/lang/ClassNotFoundException'{0x00000000857e42c0}: org/gradle/api/internal/initialization/DefaultScriptHandlerCustomizer> (0x00000000857e42c0) thrown at [./src/hotspot/share/classfile/systemDictionary.cpp, line 230]
Event: 251.442 Thread 0x000002927e635000 Exception <a 'java/lang/ClassNotFoundException'{0x0000000085241050}: org/gradle/api/internal/artifacts/dsl/DefaultRepositoryHandler_DecoratedBeanInfo> (0x0000000085241050) thrown at [./src/hotspot/share/classfile/systemDictionary.cpp, line 230]
Event: 251.481 Thread 0x000002927e635000 Exception <a 'java/lang/ClassNotFoundException'{0x00000000852821d0}: org/gradle/api/internal/artifacts/dsl/DefaultRepositoryHandlerBeanInfo> (0x00000000852821d0) thrown at [./src/hotspot/share/classfile/systemDictionary.cpp, line 230]
Event: 251.501 Thread 0x000002927e635000 Exception <a 'java/lang/ClassNotFoundException'{0x00000000852c65b8}: org/gradle/api/internal/artifacts/DefaultArtifactRepositoryContainerBeanInfo> (0x00000000852c65b8) thrown at [./src/hotspot/share/classfile/systemDictionary.cpp, line 230]
Event: 251.504 Thread 0x000002927e635000 Exception <a 'java/lang/ClassNotFoundException'{0x00000000852f5d60}: org/gradle/api/internal/DefaultNamedDomainObjectListBeanInfo> (0x00000000852f5d60) thrown at [./src/hotspot/share/classfile/systemDictionary.cpp, line 230]
Event: 251.506 Thread 0x000002927e635000 Exception <a 'java/lang/ClassNotFoundException'{0x0000000085126fa8}: org/gradle/api/internal/DefaultNamedDomainObjectCollectionBeanInfo> (0x0000000085126fa8) thrown at [./src/hotspot/share/classfile/systemDictionary.cpp, line 230]
Event: 251.544 Thread 0x000002927e635000 Exception <a 'java/lang/ClassNotFoundException'{0x0000000085156b48}: org/gradle/api/internal/DefaultDomainObjectCollectionBeanInfo> (0x0000000085156b48) thrown at [./src/hotspot/share/classfile/systemDictionary.cpp, line 230]
Event: 251.548 Thread 0x000002927e635000 Exception <a 'java/lang/ClassNotFoundException'{0x0000000085186f80}: org/gradle/api/internal/DefaultDomainObjectCollectionCustomizer> (0x0000000085186f80) thrown at [./src/hotspot/share/classfile/systemDictionary.cpp, line 230]
Event: 251.553 Thread 0x000002927e635000 Exception <a 'java/lang/ClassNotFoundException'{0x00000000851d5108}: org/gradle/api/internal/DefaultNamedDomainObjectCollectionCustomizer> (0x00000000851d5108) thrown at [./src/hotspot/share/classfile/systemDictionary.cpp, line 230]
Event: 251.583 Thread 0x000002927e635000 Exception <a 'java/lang/ClassNotFoundException'{0x000000008502a890}: org/gradle/api/internal/DefaultNamedDomainObjectListCustomizer> (0x000000008502a890) thrown at [./src/hotspot/share/classfile/systemDictionary.cpp, line 230]
Event: 251.700 Thread 0x000002927e635000 Exception <a 'java/lang/ClassNotFoundException'{0x0000000085087db0}: org/gradle/api/internal/artifacts/DefaultArtifactRepositoryContainerCustomizer> (0x0000000085087db0) thrown at [./src/hotspot/share/classfile/systemDictionary.cpp, line 230]
Event: 251.764 Thread 0x000002927e635000 Exception <a 'java/lang/ClassNotFoundException'{0x00000000850d9db8}: org/gradle/api/internal/artifacts/dsl/DefaultRepositoryHandlerCustomizer> (0x00000000850d9db8) thrown at [./src/hotspot/share/classfile/systemDictionary.cpp, line 230]
Event: 251.783 Thread 0x000002927e635000 Exception <a 'java/lang/ClassNotFoundException'{0x0000000084f42ae8}: org/gradle/api/internal/artifacts/dsl/DefaultRepositoryHandler_DecoratedCustomizer> (0x0000000084f42ae8) thrown at [./src/hotspot/share/classfile/systemDictionary.cpp, line 230]
Event: 251.817 Thread 0x000002927e635000 Exception <a 'java/lang/ClassNotFoundException'{0x0000000084e20188}: org/gradle/api/internal/artifacts/dsl/dependencies/DefaultDependencyHandler_DecoratedBeanInfo> (0x0000000084e20188) thrown at [./src/hotspot/share/classfile/systemDictionary.cpp, line 230]
Event: 251.822 Thread 0x000002927e635000 Exception <a 'java/lang/ClassNotFoundException'{0x0000000084e663b0}: org/gradle/api/internal/artifacts/dsl/dependencies/DefaultDependencyHandlerBeanInfo> (0x0000000084e663b0) thrown at [./src/hotspot/share/classfile/systemDictionary.cpp, line 230]
Event: 251.824 Thread 0x000002927e635000 Exception <a 'java/lang/ClassNotFoundException'{0x0000000084eaca60}: org/gradle/api/internal/artifacts/dsl/dependencies/DefaultDependencyHandlerCustomizer> (0x0000000084eaca60) thrown at [./src/hotspot/share/classfile/systemDictionary.cpp, line 230]
Event: 251.833 Thread 0x000002927e635000 Exception <a 'java/lang/ClassNotFoundException'{0x0000000084d1e030}: org/gradle/api/internal/artifacts/dsl/dependencies/DefaultDependencyHandler_DecoratedCustomizer> (0x0000000084d1e030) thrown at [./src/hotspot/share/classfile/systemDictionary.cpp, line 230]
Event: 252.736 Thread 0x000002927e635000 Exception <a 'java/lang/NoSuchMethodError'{0x0000000087cbd608}: 'java.lang.Object java.lang.invoke.Invokers$Holder.linkToTargetMethod(java.lang.Object, int, java.lang.Object)'> (0x0000000087cbd608) thrown at [./src/hotspot/share/interpreter/linkResolver.cpp, line 773]

Events (20 events):
Event: 310.991 loading class org/gradle/api/tasks/util/PatternFilterable
Event: 310.991 loading class org/gradle/api/tasks/util/PatternFilterable done
Event: 310.992 loading class org/gradle/api/tasks/util/PatternSet
Event: 310.992 loading class org/gradle/api/tasks/util/PatternSet done
Event: 310.992 loading class org/gradle/api/internal/file/FileCollectionBackedFileTree
Event: 310.992 loading class org/gradle/api/internal/file/FileCollectionBackedFileTree done
Event: 310.996 loading class org/gradle/api/internal/file/FileCollectionInternal
Event: 310.996 loading class org/gradle/api/internal/file/FileCollectionInternal done
Event: 310.996 loading class org/gradle/api/internal/tasks/TaskDependencyResolveContext
Event: 310.996 loading class org/gradle/api/internal/tasks/TaskDependencyResolveContext done
Event: 312.122 loading class java/util/TreeMap$DescendingSubMap
Event: 312.129 loading class java/util/TreeMap$NavigableSubMap
Event: 312.134 loading class java/util/TreeMap$NavigableSubMap done
Event: 312.135 loading class java/util/TreeMap$DescendingSubMap done
Event: 312.137 loading class java/util/TreeMap$NavigableSubMap$DescendingSubMapKeyIterator
Event: 312.139 loading class java/util/TreeMap$NavigableSubMap$SubMapIterator
Event: 312.141 loading class java/util/TreeMap$NavigableSubMap$SubMapIterator done
Event: 312.141 loading class java/util/TreeMap$NavigableSubMap$DescendingSubMapKeyIterator done
Event: 312.314 loading class org/gradle/api/internal/tasks/properties/bean/AbstractNestedRuntimeBeanNode$BeanPropertyValue$1$1
Event: 312.314 loading class org/gradle/api/internal/tasks/properties/bean/AbstractNestedRuntimeBeanNode$BeanPropertyValue$1$1 done


Dynamic libraries:
0x00007ff6ba050000 - 0x00007ff6ba05d000 	C:\Program Files\Microsoft\jdk-11.0.18.10-hotspot\bin\java.exe
0x00007ffdf6b50000 - 0x00007ffdf6d64000 	C:\WINDOWS\SYSTEM32\ntdll.dll
0x00007ffdf4b00000 - 0x00007ffdf4bc2000 	C:\WINDOWS\System32\KERNEL32.DLL
0x00007ffdf41a0000 - 0x00007ffdf453c000 	C:\WINDOWS\System32\KERNELBASE.dll
0x00007ffdf4540000 - 0x00007ffdf4651000 	C:\WINDOWS\System32\ucrtbase.dll
0x00007ffdada40000 - 0x00007ffdada55000 	C:\Program Files\Microsoft\jdk-11.0.18.10-hotspot\bin\VCRUNTIME140.dll
0x00007ffdcc940000 - 0x00007ffdcc957000 	C:\Program Files\Microsoft\jdk-11.0.18.10-hotspot\bin\jli.dll
0x00007ffdf4bd0000 - 0x00007ffdf4d7b000 	C:\WINDOWS\System32\USER32.dll
0x00007ffdf4660000 - 0x00007ffdf4686000 	C:\WINDOWS\System32\win32u.dll
0x00007ffdf5b40000 - 0x00007ffdf5b69000 	C:\WINDOWS\System32\GDI32.dll
0x00007ffdf4840000 - 0x00007ffdf4953000 	C:\WINDOWS\System32\gdi32full.dll
0x00007ffdf4100000 - 0x00007ffdf419a000 	C:\WINDOWS\System32\msvcp_win.dll
0x00007ffddb5f0000 - 0x00007ffddb87e000 	C:\WINDOWS\WinSxS\amd64_microsoft.windows.common-controls_6595b64144ccf1df_6.0.22621.608_none_a9444ca7c10bb01d\COMCTL32.dll
0x00007ffdf5a90000 - 0x00007ffdf5b37000 	C:\WINDOWS\System32\msvcrt.dll
0x00007ffdf5d00000 - 0x00007ffdf5d31000 	C:\WINDOWS\System32\IMM32.DLL
0x00007ffd7b760000 - 0x00007ffd7b7fb000 	C:\Program Files\Microsoft\jdk-11.0.18.10-hotspot\bin\msvcp140.dll
0x00007ffdd30d0000 - 0x00007ffdd3c62000 	C:\Program Files\Microsoft\jdk-11.0.18.10-hotspot\bin\server\jvm.dll
0x00007ffdf4960000 - 0x00007ffdf4a0e000 	C:\WINDOWS\System32\ADVAPI32.dll
0x00007ffdf4f20000 - 0x00007ffdf4fc4000 	C:\WINDOWS\System32\sechost.dll
0x00007ffdf5da0000 - 0x00007ffdf5eb7000 	C:\WINDOWS\System32\RPCRT4.dll
0x00007ffdf4ae0000 - 0x00007ffdf4ae8000 	C:\WINDOWS\System32\PSAPI.DLL
0x00007ffdd7a50000 - 0x00007ffdd7a59000 	C:\WINDOWS\SYSTEM32\WSOCK32.dll
0x00007ffdf4a60000 - 0x00007ffdf4ad1000 	C:\WINDOWS\System32\WS2_32.dll
0x00007ffdec7e0000 - 0x00007ffdec814000 	C:\WINDOWS\SYSTEM32\WINMM.dll
0x00007ffdeb830000 - 0x00007ffdeb83a000 	C:\WINDOWS\SYSTEM32\VERSION.dll
0x00007ffdf3090000 - 0x00007ffdf30a8000 	C:\WINDOWS\SYSTEM32\kernel.appcore.dll
0x00007ffdd2460000 - 0x00007ffdd2470000 	C:\Program Files\Microsoft\jdk-11.0.18.10-hotspot\bin\verify.dll
0x00007ffde99c0000 - 0x00007ffde9bee000 	C:\WINDOWS\SYSTEM32\DBGHELP.DLL
0x00007ffdf6670000 - 0x00007ffdf69f9000 	C:\WINDOWS\System32\combase.dll
0x00007ffdf5b70000 - 0x00007ffdf5c47000 	C:\WINDOWS\System32\OLEAUT32.dll
0x00007ffde2440000 - 0x00007ffde2472000 	C:\WINDOWS\SYSTEM32\dbgcore.DLL
0x00007ffdf4750000 - 0x00007ffdf47cb000 	C:\WINDOWS\System32\bcryptPrimitives.dll
0x00007ffdd2020000 - 0x00007ffdd2048000 	C:\Program Files\Microsoft\jdk-11.0.18.10-hotspot\bin\java.dll
0x00007ffdd1f70000 - 0x00007ffdd1f7a000 	C:\Program Files\Microsoft\jdk-11.0.18.10-hotspot\bin\jimage.dll
0x00007ffdd1800000 - 0x00007ffdd1818000 	C:\Program Files\Microsoft\jdk-11.0.18.10-hotspot\bin\zip.dll
0x00007ffdf51a0000 - 0x00007ffdf5990000 	C:\WINDOWS\System32\SHELL32.dll
0x00007ffdf1f50000 - 0x00007ffdf281d000 	C:\WINDOWS\SYSTEM32\windows.storage.dll
0x00007ffdf1e10000 - 0x00007ffdf1f4e000 	C:\WINDOWS\SYSTEM32\wintypes.dll
0x00007ffdf5990000 - 0x00007ffdf5a81000 	C:\WINDOWS\System32\SHCORE.dll
0x00007ffdf5d40000 - 0x00007ffdf5d9e000 	C:\WINDOWS\System32\shlwapi.dll
0x00007ffdf3ec0000 - 0x00007ffdf3ee1000 	C:\WINDOWS\SYSTEM32\profapi.dll
0x00007ffdc6d00000 - 0x00007ffdc6d19000 	C:\Program Files\Microsoft\jdk-11.0.18.10-hotspot\bin\net.dll
0x00007ffdecb20000 - 0x00007ffdecc57000 	C:\WINDOWS\SYSTEM32\WINHTTP.dll
0x00007ffdf3520000 - 0x00007ffdf3589000 	C:\WINDOWS\system32\mswsock.dll
0x00007ffdc54c0000 - 0x00007ffdc54d3000 	C:\Program Files\Microsoft\jdk-11.0.18.10-hotspot\bin\nio.dll
0x00007ffdada10000 - 0x00007ffdada37000 	C:\Users\OMM ANIMESH\.gradle\native\e1d6ef7f7dcc3fd88c89a11ec53ec762bb8ba0a96d01ffa2cd45eb1d1d8dd5c5\windows-amd64\native-platform.dll
0x00007ffd74a80000 - 0x00007ffd74bc4000 	C:\Users\OMM ANIMESH\.gradle\native\0d407fdbe67a94daf76414ababcb853783967236a71b16ec16e742cd7a986fd3\windows-amd64\native-platform-file-events.dll
0x00007ffddb5e0000 - 0x00007ffddb5e9000 	C:\Program Files\Microsoft\jdk-11.0.18.10-hotspot\bin\management.dll
0x00007ffddb5d0000 - 0x00007ffddb5db000 	C:\Program Files\Microsoft\jdk-11.0.18.10-hotspot\bin\management_ext.dll
0x00007ffdf37a0000 - 0x00007ffdf37bb000 	C:\WINDOWS\SYSTEM32\CRYPTSP.dll
0x00007ffdf3000000 - 0x00007ffdf3035000 	C:\WINDOWS\system32\rsaenh.dll
0x00007ffdf3640000 - 0x00007ffdf3668000 	C:\WINDOWS\SYSTEM32\USERENV.dll
0x00007ffdf3960000 - 0x00007ffdf3988000 	C:\WINDOWS\SYSTEM32\bcrypt.dll
0x00007ffdf37c0000 - 0x00007ffdf37cc000 	C:\WINDOWS\SYSTEM32\CRYPTBASE.dll
0x00007ffdf2a70000 - 0x00007ffdf2a9d000 	C:\WINDOWS\SYSTEM32\IPHLPAPI.DLL
0x00007ffdf5190000 - 0x00007ffdf5199000 	C:\WINDOWS\System32\NSI.dll
0x00007ffdec740000 - 0x00007ffdec759000 	C:\WINDOWS\SYSTEM32\dhcpcsvc6.DLL
0x00007ffdec720000 - 0x00007ffdec73f000 	C:\WINDOWS\SYSTEM32\dhcpcsvc.DLL
0x00007ffdf2ae0000 - 0x00007ffdf2bd3000 	C:\WINDOWS\SYSTEM32\DNSAPI.dll

dbghelp: loaded successfully - version: 4.0.5 - missing functions: none
symbol engine: initialized successfully - sym options: 0x614 - pdb path: .;C:\Program Files\Microsoft\jdk-11.0.18.10-hotspot\bin;C:\WINDOWS\SYSTEM32;C:\WINDOWS\WinSxS\amd64_microsoft.windows.common-controls_6595b64144ccf1df_6.0.22621.608_none_a9444ca7c10bb01d;C:\Program Files\Microsoft\jdk-11.0.18.10-hotspot\bin\server;C:\Users\OMM ANIMESH\.gradle\native\e1d6ef7f7dcc3fd88c89a11ec53ec762bb8ba0a96d01ffa2cd45eb1d1d8dd5c5\windows-amd64;C:\Users\OMM ANIMESH\.gradle\native\0d407fdbe67a94daf76414ababcb853783967236a71b16ec16e742cd7a986fd3\windows-amd64

VM Arguments:
jvm_args: -XX:MaxMetaspaceSize=512m --add-opens=java.base/java.util=ALL-UNNAMED --add-opens=java.base/java.lang=ALL-UNNAMED --add-opens=java.base/java.lang.invoke=ALL-UNNAMED --add-opens=java.base/java.util=ALL-UNNAMED --add-opens=java.prefs/java.util.prefs=ALL-UNNAMED --add-opens=java.prefs/java.util.prefs=ALL-UNNAMED --add-opens=java.base/java.nio.charset=ALL-UNNAMED --add-opens=java.base/java.net=ALL-UNNAMED --add-opens=java.base/java.util.concurrent.atomic=ALL-UNNAMED -Xmx2048m -Dfile.encoding=windows-1252 -Duser.country=IN -Duser.language=en -Duser.variant 
java_command: org.gradle.launcher.daemon.bootstrap.GradleDaemon 7.5.1
java_class_path (initial): C:\Users\OMM ANIMESH\.gradle\wrapper\dists\gradle-7.5.1-all\1ehga6e77gqps5uk2kc5kf1vc\gradle-7.5.1\lib\gradle-launcher-7.5.1.jar
Launcher Type: SUN_STANDARD

[Global flags]
     intx CICompilerCount                          = 4                                         {product} {ergonomic}
   size_t CompressedClassSpaceSize                 = 528482304                                 {product} {ergonomic}
     uint ConcGCThreads                            = 2                                         {product} {ergonomic}
     uint G1ConcRefinementThreads                  = 8                                         {product} {ergonomic}
   size_t G1HeapRegionSize                         = 1048576                                   {product} {ergonomic}
    uintx GCDrainStackTargetSize                   = 64                                        {product} {ergonomic}
   size_t InitialHeapSize                          = 132120576                                 {product} {ergonomic}
   size_t MarkStackSize                            = 4194304                                   {product} {ergonomic}
   size_t MaxHeapSize                              = 2147483648                                {product} {command line}
   size_t MaxMetaspaceSize                         = 536870912                                 {product} {command line}
   size_t MaxNewSize                               = 1287651328                                {product} {ergonomic}
   size_t MinHeapDeltaBytes                        = 1048576                                   {product} {ergonomic}
    uintx NonNMethodCodeHeapSize                   = 5836300                                {pd product} {ergonomic}
    uintx NonProfiledCodeHeapSize                  = 122910970                              {pd product} {ergonomic}
    uintx ProfiledCodeHeapSize                     = 122910970                              {pd product} {ergonomic}
    uintx ReservedCodeCacheSize                    = 251658240                              {pd product} {ergonomic}
     bool SegmentedCodeCache                       = true                                      {product} {ergonomic}
     bool UseCompressedClassPointers               = true                                 {lp64_product} {ergonomic}
     bool UseCompressedOops                        = true                                 {lp64_product} {ergonomic}
     bool UseG1GC                                  = true                                      {product} {ergonomic}
     bool UseLargePagesIndividualAllocation        = false                                  {pd product} {ergonomic}

Logging:
Log output configuration:
 #0: stdout all=warning uptime,level,tags
 #1: stderr all=off uptime,level,tags

Environment Variables:
JAVA_HOME=C:\Program Files\Microsoft\jdk-11.0.18.10-hotspot\
CLASSPATH=D:\NewBhoomiRent\android\\gradle\wrapper\gradle-wrapper.jar
PATH=D:\NewBhoomiRent\android\node_modules\.bin;D:\NewBhoomiRent\node_modules\.bin;D:\node_modules\.bin;C:\Program Files\nodejs;D:\NewBhoomiRent\node_modules\.bin;D:\NewBhoomiRent\node_modules\.bin;D:\node_modules\.bin;C:\Program Files\nodejs\node_modules\npm\node_modules\@npmcli\run-script\lib\node-gyp-bin;D:\NewBhoomiRent\node_modules\.bin;D:\node_modules\.bin;C:\Program Files\nodejs;D:\NewBhoomiRent\node_modules\react-native\scripts\node_modules\.bin;D:\NewBhoomiRent\node_modules\react-native\node_modules\.bin;D:\NewBhoomiRent\node_modules\node_modules\.bin;D:\NewBhoomiRent\node_modules\.bin;D:\node_modules\.bin;C:\Program Files\nodejs;D:\NewBhoomiRent\node_modules\.bin;D:\node_modules\.bin;C:\Program Files\nodejs\node_modules\npm\node_modules\@npmcli\run-script\lib\node-gyp-bin;C:\Program Files\Microsoft\jdk-11.0.18.10-hotspot\bin;C:\Program Files\Eclipse Adoptium\jdk-8.0.362.9-hotspot\bin;C:\Program Files\Common Files\Oracle\Java\javapath;C:\Program Files\Python311\Scripts\;C:\Program Files\Python311\;C:\Program Files (x86)\Common Files\Oracle\Java\javapath;C:\Program Files\Eclipse Adoptium\jre-8.0.352.8-hotspot\bin;C:\Windows\system32;C:\Windows;C:\Windows\System32\Wbem;C:\Windows\System32\WindowsPowerShell\v1.0\;C:\Windows\System32\OpenSSH\;C:\Program Files (x86)\NVIDIA Corporation\PhysX\Common;C:\Program Files\NVIDIA Corporation\NVIDIA NvDLISR;C:\Program Files\Git\cmd;C:\Program Files\dotnet\;C:\Users\OMM ANIMESH\AppData\Roaming\nvm;C:\Program Files\nodejs;C:\Program Files\Go\bin;C:\WINDOWS\system32;C:\WINDOWS;C:\WINDOWS\System32\Wbem;C:\WINDOWS\System32\WindowsPowerShell\v1.0\;C:\WINDOWS\System32\OpenSSH\;C:\Program Files\CMake\bin;C:\Program Files\nodejs\;C:\ProgramData\chocolatey\bin;C:\Program Files\MySQL\MySQL Shell 8.0\bin\;C:\Users\OMM ANIMESH\AppData\Local\Microsoft\WindowsApps;C:\MinGW\bin;C:\Users\OMM ANIMESH\AppData\Local\Programs\Microsoft VS Code\bin;C:\Users\OMM ANIMESH\AppData\Local\GitHubDesktop\bin;C:\Program Files\MongoDB\Server\5.0\bin;C:\Pro
USERNAME=OMM ANIMESH
OS=Windows_NT
PROCESSOR_IDENTIFIER=Intel64 Family 6 Model 142 Stepping 12, GenuineIntel
TMP=C:\Users\OMMANI~1\AppData\Local\Temp
TEMP=C:\Users\OMMANI~1\AppData\Local\Temp



---------------  S Y S T E M  ---------------

OS: Windows 11 , 64 bit Build 22621 (10.0.22621.1485)
OS uptime: 1 days 6:10 hours
Hyper-V role detected

CPU:total 8 (initial active 8) (4 cores per cpu, 2 threads per core) family 6 model 142 stepping 12 microcode 0xec, cmov, cx8, fxsr, mmx, sse, sse2, sse3, ssse3, sse4.1, sse4.2, popcnt, avx, avx2, aes, clmul, erms, 3dnowpref, lzcnt, ht, tsc, tscinvbit, bmi1, bmi2, adx, fma

Memory: 4k page, system-wide physical 8025M (3M free)
TotalPageFile size 26325M (AvailPageFile size 0M)
current process WorkingSet (physical memory assigned to process): 44M, peak: 224M
current process commit charge ("private bytes"): 347M, peak: 355M

vm_info: OpenJDK 64-Bit Server VM (11.0.18+10-LTS) for windows-amd64 JRE (11.0.18+10-LTS), built on Jan 18 2023 15:56:47 by "MicrosoftCorporation" with MS VC++ 15.9 (VS2017)

END.
